
*** Running vivado
    with args -log bd_2d50_xbar_1.vds -m64 -product Vivado -mode batch -messageDb vivado.pb -notrace -source bd_2d50_xbar_1.tcl


****** Vivado v2018.3 (64-bit)
  **** SW Build 2405991 on Thu Dec  6 23:36:41 MST 2018
  **** IP Build 2404404 on Fri Dec  7 01:43:56 MST 2018
    ** Copyright 1986-2018 Xilinx, Inc. All Rights Reserved.

source bd_2d50_xbar_1.tcl -notrace
INFO: [IP_Flow 19-234] Refreshing IP repositories
INFO: [IP_Flow 19-1700] Loaded user IP repository '/home/andy/zynq/repo'.
INFO: [IP_Flow 19-2313] Loaded Vivado IP repository '/opt/Xilinx/Vivado/2018.3/data/ip'.
update_ip_catalog: Time (s): cpu = 00:00:05 ; elapsed = 00:00:07 . Memory (MB): peak = 1342.918 ; gain = 24.523 ; free physical = 1100 ; free virtual = 3977
Command: synth_design -top bd_2d50_xbar_1 -part xc7z020clg484-2 -mode out_of_context
Starting synth_design
Attempting to get a license for feature 'Synthesis' and/or device 'xc7z020'
INFO: [Common 17-349] Got license for feature 'Synthesis' and/or device 'xc7z020'
INFO: Launching helper process for spawning children vivado processes
INFO: Helper process launched with PID 371592 
---------------------------------------------------------------------------------
Starting RTL Elaboration : Time (s): cpu = 00:00:04 ; elapsed = 00:00:06 . Memory (MB): peak = 1453.379 ; gain = 88.645 ; free physical = 1610 ; free virtual = 4507
---------------------------------------------------------------------------------
INFO: [Synth 8-6157] synthesizing module 'bd_2d50_xbar_1' [/home/andy/zynq/play_zynq/tpg_vpss/tpg_vpss.srcs/sources_1/bd/system/ip/system_v_proc_ss_0_0/bd_0/ip/ip_10/synth/bd_2d50_xbar_1.v:58]
INFO: [Synth 8-6157] synthesizing module 'axis_switch_v1_1_18_axis_switch' [/home/andy/zynq/play_zynq/tpg_vpss/tpg_vpss.srcs/sources_1/bd/system/ipshared/2576/hdl/axis_switch_v1_1_vl_rfs.v:3090]
	Parameter C_FAMILY bound to: zynq - type: string 
	Parameter C_NUM_SI_SLOTS bound to: 10 - type: integer 
	Parameter C_LOG_SI_SLOTS bound to: 4 - type: integer 
	Parameter C_NUM_MI_SLOTS bound to: 10 - type: integer 
	Parameter C_AXIS_TDATA_WIDTH bound to: 24 - type: integer 
	Parameter C_AXIS_TID_WIDTH bound to: 1 - type: integer 
	Parameter C_AXIS_TDEST_WIDTH bound to: 1 - type: integer 
	Parameter C_AXIS_TUSER_WIDTH bound to: 3 - type: integer 
	Parameter C_AXIS_SIGNAL_SET bound to: 255 - type: integer 
	Parameter C_ARB_ON_MAX_XFERS bound to: 1 - type: integer 
	Parameter C_ARB_ON_NUM_CYCLES bound to: 0 - type: integer 
	Parameter C_ARB_ON_TLAST bound to: 0 - type: integer 
	Parameter C_INCLUDE_ARBITER bound to: 1 - type: integer 
	Parameter C_ARB_ALGORITHM bound to: 0 - type: integer 
	Parameter C_OUTPUT_REG bound to: 0 - type: integer 
	Parameter C_DECODER_REG bound to: 1 - type: integer 
	Parameter C_M_AXIS_CONNECTIVITY_ARRAY bound to: 100'b1111111111111111111111111111111111111111111111111111111111111111111111111111111111111111111111111111 
	Parameter C_M_AXIS_BASETDEST_ARRAY bound to: 10'b1010101010 
	Parameter C_M_AXIS_HIGHTDEST_ARRAY bound to: 10'b1010101010 
	Parameter C_ROUTING_MODE bound to: 1 - type: integer 
	Parameter C_S_AXI_CTRL_ADDR_WIDTH bound to: 7 - type: integer 
	Parameter C_S_AXI_CTRL_DATA_WIDTH bound to: 32 - type: integer 
	Parameter C_COMMON_CLOCK bound to: 0 - type: integer 
	Parameter G_INDX_SS_TREADY bound to: 0 - type: integer 
	Parameter G_INDX_SS_TDATA bound to: 1 - type: integer 
	Parameter G_INDX_SS_TSTRB bound to: 2 - type: integer 
	Parameter G_INDX_SS_TKEEP bound to: 3 - type: integer 
	Parameter G_INDX_SS_TLAST bound to: 4 - type: integer 
	Parameter G_INDX_SS_TID bound to: 5 - type: integer 
	Parameter G_INDX_SS_TDEST bound to: 6 - type: integer 
	Parameter G_INDX_SS_TUSER bound to: 7 - type: integer 
	Parameter G_MASK_SS_TREADY bound to: 1 - type: integer 
	Parameter G_MASK_SS_TDATA bound to: 2 - type: integer 
	Parameter G_MASK_SS_TSTRB bound to: 4 - type: integer 
	Parameter G_MASK_SS_TKEEP bound to: 8 - type: integer 
	Parameter G_MASK_SS_TLAST bound to: 16 - type: integer 
	Parameter G_MASK_SS_TID bound to: 32 - type: integer 
	Parameter G_MASK_SS_TDEST bound to: 64 - type: integer 
	Parameter G_MASK_SS_TUSER bound to: 128 - type: integer 
	Parameter G_TASK_SEVERITY_ERR bound to: 2 - type: integer 
	Parameter G_TASK_SEVERITY_WARNING bound to: 1 - type: integer 
	Parameter G_TASK_SEVERITY_INFO bound to: 0 - type: integer 
	Parameter P_DECODER_CONNECTIVITY_ARRAY bound to: 100'b1111111111111111111111111111111111111111111111111111111111111111111111111111111111111111111111111111 
	Parameter P_TPAYLOAD_WIDTH bound to: 36 - type: integer 
	Parameter P_SINGLE_SLAVE_CONNECTIVITY_ARRAY bound to: 10'b0000000000 
	Parameter LP_NUM_SYNCHRONIZER_STAGES bound to: 4 - type: integer 
	Parameter LP_MERGEDOWN_MUX bound to: 0 - type: integer 
	Parameter LP_CTRL_REG_WIDTH bound to: 100 - type: integer 
INFO: [Synth 8-6157] synthesizing module 'axis_infrastructure_v1_1_0_util_axis2vector' [/home/andy/zynq/play_zynq/tpg_vpss/tpg_vpss.srcs/sources_1/bd/system/ipshared/8713/hdl/axis_infrastructure_v1_1_vl_rfs.v:810]
	Parameter C_TDATA_WIDTH bound to: 24 - type: integer 
	Parameter C_TID_WIDTH bound to: 1 - type: integer 
	Parameter C_TDEST_WIDTH bound to: 1 - type: integer 
	Parameter C_TUSER_WIDTH bound to: 3 - type: integer 
	Parameter C_TPAYLOAD_WIDTH bound to: 36 - type: integer 
	Parameter C_SIGNAL_SET bound to: 255 - type: integer 
	Parameter G_INDX_SS_TREADY bound to: 0 - type: integer 
	Parameter G_INDX_SS_TDATA bound to: 1 - type: integer 
	Parameter G_INDX_SS_TSTRB bound to: 2 - type: integer 
	Parameter G_INDX_SS_TKEEP bound to: 3 - type: integer 
	Parameter G_INDX_SS_TLAST bound to: 4 - type: integer 
	Parameter G_INDX_SS_TID bound to: 5 - type: integer 
	Parameter G_INDX_SS_TDEST bound to: 6 - type: integer 
	Parameter G_INDX_SS_TUSER bound to: 7 - type: integer 
	Parameter G_MASK_SS_TREADY bound to: 1 - type: integer 
	Parameter G_MASK_SS_TDATA bound to: 2 - type: integer 
	Parameter G_MASK_SS_TSTRB bound to: 4 - type: integer 
	Parameter G_MASK_SS_TKEEP bound to: 8 - type: integer 
	Parameter G_MASK_SS_TLAST bound to: 16 - type: integer 
	Parameter G_MASK_SS_TID bound to: 32 - type: integer 
	Parameter G_MASK_SS_TDEST bound to: 64 - type: integer 
	Parameter G_MASK_SS_TUSER bound to: 128 - type: integer 
	Parameter G_TASK_SEVERITY_ERR bound to: 2 - type: integer 
	Parameter G_TASK_SEVERITY_WARNING bound to: 1 - type: integer 
	Parameter G_TASK_SEVERITY_INFO bound to: 0 - type: integer 
	Parameter P_TDATA_INDX bound to: 0 - type: integer 
	Parameter P_TSTRB_INDX bound to: 24 - type: integer 
	Parameter P_TKEEP_INDX bound to: 27 - type: integer 
	Parameter P_TLAST_INDX bound to: 30 - type: integer 
	Parameter P_TID_INDX bound to: 31 - type: integer 
	Parameter P_TDEST_INDX bound to: 32 - type: integer 
	Parameter P_TUSER_INDX bound to: 33 - type: integer 
INFO: [Synth 8-6155] done synthesizing module 'axis_infrastructure_v1_1_0_util_axis2vector' (1#1) [/home/andy/zynq/play_zynq/tpg_vpss/tpg_vpss.srcs/sources_1/bd/system/ipshared/8713/hdl/axis_infrastructure_v1_1_vl_rfs.v:810]
INFO: [Synth 8-6157] synthesizing module 'axis_switch_v1_1_18_axisc_decoder' [/home/andy/zynq/play_zynq/tpg_vpss/tpg_vpss.srcs/sources_1/bd/system/ipshared/2576/hdl/axis_switch_v1_1_vl_rfs.v:479]
	Parameter C_FAMILY bound to: zynq - type: string 
	Parameter C_AXIS_TDATA_WIDTH bound to: 24 - type: integer 
	Parameter C_AXIS_TID_WIDTH bound to: 1 - type: integer 
	Parameter C_AXIS_TDEST_WIDTH bound to: 1 - type: integer 
	Parameter C_AXIS_TUSER_WIDTH bound to: 3 - type: integer 
	Parameter C_AXIS_SIGNAL_SET bound to: 255 - type: integer 
	Parameter C_TPAYLOAD_WIDTH bound to: 36 - type: integer 
	Parameter C_NUM_MI_SLOTS bound to: 10 - type: integer 
	Parameter C_DECODER_REG bound to: 1 - type: integer 
	Parameter C_CONNECTIVITY bound to: 10'b1111111111 
	Parameter C_BASETDEST bound to: 10'b1010101010 
	Parameter C_HIGHTDEST bound to: 10'b1010101010 
	Parameter C_ROUTING_MODE bound to: 1 - type: integer 
	Parameter G_INDX_SS_TREADY bound to: 0 - type: integer 
	Parameter G_INDX_SS_TDATA bound to: 1 - type: integer 
	Parameter G_INDX_SS_TSTRB bound to: 2 - type: integer 
	Parameter G_INDX_SS_TKEEP bound to: 3 - type: integer 
	Parameter G_INDX_SS_TLAST bound to: 4 - type: integer 
	Parameter G_INDX_SS_TID bound to: 5 - type: integer 
	Parameter G_INDX_SS_TDEST bound to: 6 - type: integer 
	Parameter G_INDX_SS_TUSER bound to: 7 - type: integer 
	Parameter G_MASK_SS_TREADY bound to: 1 - type: integer 
	Parameter G_MASK_SS_TDATA bound to: 2 - type: integer 
	Parameter G_MASK_SS_TSTRB bound to: 4 - type: integer 
	Parameter G_MASK_SS_TKEEP bound to: 8 - type: integer 
	Parameter G_MASK_SS_TLAST bound to: 16 - type: integer 
	Parameter G_MASK_SS_TID bound to: 32 - type: integer 
	Parameter G_MASK_SS_TDEST bound to: 64 - type: integer 
	Parameter G_MASK_SS_TUSER bound to: 128 - type: integer 
	Parameter G_TASK_SEVERITY_ERR bound to: 2 - type: integer 
	Parameter G_TASK_SEVERITY_WARNING bound to: 1 - type: integer 
	Parameter G_TASK_SEVERITY_INFO bound to: 0 - type: integer 
	Parameter TDW bound to: 1 - type: integer 
	Parameter P_TDEST_PRESENT bound to: 1'b1 
INFO: [Synth 8-6157] synthesizing module 'axis_register_slice_v1_1_18_axisc_register_slice' [/home/andy/zynq/play_zynq/tpg_vpss/tpg_vpss.srcs/sources_1/bd/system/ipshared/af00/hdl/axis_register_slice_v1_1_vl_rfs.v:1448]
	Parameter C_FAMILY bound to: zynq - type: string 
	Parameter C_DATA_WIDTH bound to: 36 - type: integer 
	Parameter C_REG_CONFIG bound to: 1 - type: integer 
	Parameter C_NUM_SLR_CROSSINGS bound to: 0 - type: integer 
	Parameter C_PIPELINES_MASTER bound to: 0 - type: integer 
	Parameter C_PIPELINES_SLAVE bound to: 0 - type: integer 
	Parameter C_PIPELINES_MIDDLE bound to: 0 - type: integer 
INFO: [Synth 8-5534] Detected attribute (* fsm_encoding = "none" *) [/home/andy/zynq/play_zynq/tpg_vpss/tpg_vpss.srcs/sources_1/bd/system/ipshared/af00/hdl/axis_register_slice_v1_1_vl_rfs.v:1640]
INFO: [Synth 8-6155] done synthesizing module 'axis_register_slice_v1_1_18_axisc_register_slice' (2#1) [/home/andy/zynq/play_zynq/tpg_vpss/tpg_vpss.srcs/sources_1/bd/system/ipshared/af00/hdl/axis_register_slice_v1_1_vl_rfs.v:1448]
WARNING: [Synth 8-350] instance 'inst_decoder_pipeline' of module 'axis_register_slice_v1_1_18_axisc_register_slice' requires 10 connections, but only 9 given [/home/andy/zynq/play_zynq/tpg_vpss/tpg_vpss.srcs/sources_1/bd/system/ipshared/2576/hdl/axis_switch_v1_1_vl_rfs.v:727]
INFO: [Synth 8-6155] done synthesizing module 'axis_switch_v1_1_18_axisc_decoder' (3#1) [/home/andy/zynq/play_zynq/tpg_vpss/tpg_vpss.srcs/sources_1/bd/system/ipshared/2576/hdl/axis_switch_v1_1_vl_rfs.v:479]
INFO: [Synth 8-6157] synthesizing module 'axis_switch_v1_1_18_axisc_transfer_mux' [/home/andy/zynq/play_zynq/tpg_vpss/tpg_vpss.srcs/sources_1/bd/system/ipshared/2576/hdl/axis_switch_v1_1_vl_rfs.v:819]
	Parameter C_FAMILY bound to: zynq - type: string 
	Parameter C_TPAYLOAD_WIDTH bound to: 36 - type: integer 
	Parameter C_AXIS_TDATA_WIDTH bound to: 24 - type: integer 
	Parameter C_AXIS_TID_WIDTH bound to: 1 - type: integer 
	Parameter C_AXIS_TDEST_WIDTH bound to: 1 - type: integer 
	Parameter C_AXIS_TUSER_WIDTH bound to: 3 - type: integer 
	Parameter C_AXIS_SIGNAL_SET bound to: 255 - type: integer 
	Parameter C_NUM_SI_SLOTS bound to: 10 - type: integer 
	Parameter C_LOG_SI_SLOTS bound to: 4 - type: integer 
	Parameter C_ARB_ON_TLAST bound to: 0 - type: integer 
	Parameter C_ARB_ON_MAX_XFERS bound to: 1 - type: integer 
	Parameter C_ARB_ON_NUM_CYCLES bound to: 0 - type: integer 
	Parameter C_OUTPUT_REG bound to: 0 - type: integer 
	Parameter C_CONNECTIVITY bound to: 10'b1111111111 
	Parameter C_SINGLE_SLAVE_CONNECTIVITY bound to: 0 - type: integer 
	Parameter C_ROUTING_MODE bound to: 1 - type: integer 
	Parameter G_INDX_SS_TREADY bound to: 0 - type: integer 
	Parameter G_INDX_SS_TDATA bound to: 1 - type: integer 
	Parameter G_INDX_SS_TSTRB bound to: 2 - type: integer 
	Parameter G_INDX_SS_TKEEP bound to: 3 - type: integer 
	Parameter G_INDX_SS_TLAST bound to: 4 - type: integer 
	Parameter G_INDX_SS_TID bound to: 5 - type: integer 
	Parameter G_INDX_SS_TDEST bound to: 6 - type: integer 
	Parameter G_INDX_SS_TUSER bound to: 7 - type: integer 
	Parameter G_MASK_SS_TREADY bound to: 1 - type: integer 
	Parameter G_MASK_SS_TDATA bound to: 2 - type: integer 
	Parameter G_MASK_SS_TSTRB bound to: 4 - type: integer 
	Parameter G_MASK_SS_TKEEP bound to: 8 - type: integer 
	Parameter G_MASK_SS_TLAST bound to: 16 - type: integer 
	Parameter G_MASK_SS_TID bound to: 32 - type: integer 
	Parameter G_MASK_SS_TDEST bound to: 64 - type: integer 
	Parameter G_MASK_SS_TUSER bound to: 128 - type: integer 
	Parameter G_TASK_SEVERITY_ERR bound to: 2 - type: integer 
	Parameter G_TASK_SEVERITY_WARNING bound to: 1 - type: integer 
	Parameter G_TASK_SEVERITY_INFO bound to: 0 - type: integer 
	Parameter P_LOG_NUM_SLAVE_SLOTS bound to: 4 - type: integer 
	Parameter P_FIXED_MUX_VALUE bound to: 10'b0000000000 
INFO: [Synth 8-6157] synthesizing module 'axis_register_slice_v1_1_18_axisc_register_slice__parameterized0' [/home/andy/zynq/play_zynq/tpg_vpss/tpg_vpss.srcs/sources_1/bd/system/ipshared/af00/hdl/axis_register_slice_v1_1_vl_rfs.v:1448]
	Parameter C_FAMILY bound to: zynq - type: string 
	Parameter C_DATA_WIDTH bound to: 36 - type: integer 
	Parameter C_REG_CONFIG bound to: 0 - type: integer 
	Parameter C_NUM_SLR_CROSSINGS bound to: 0 - type: integer 
	Parameter C_PIPELINES_MASTER bound to: 0 - type: integer 
	Parameter C_PIPELINES_SLAVE bound to: 0 - type: integer 
	Parameter C_PIPELINES_MIDDLE bound to: 0 - type: integer 
INFO: [Synth 8-6155] done synthesizing module 'axis_register_slice_v1_1_18_axisc_register_slice__parameterized0' (3#1) [/home/andy/zynq/play_zynq/tpg_vpss/tpg_vpss.srcs/sources_1/bd/system/ipshared/af00/hdl/axis_register_slice_v1_1_vl_rfs.v:1448]
INFO: [Synth 8-6155] done synthesizing module 'axis_switch_v1_1_18_axisc_transfer_mux' (4#1) [/home/andy/zynq/play_zynq/tpg_vpss/tpg_vpss.srcs/sources_1/bd/system/ipshared/2576/hdl/axis_switch_v1_1_vl_rfs.v:819]
INFO: [Synth 8-6157] synthesizing module 'axis_infrastructure_v1_1_0_util_vector2axis' [/home/andy/zynq/play_zynq/tpg_vpss/tpg_vpss.srcs/sources_1/bd/system/ipshared/8713/hdl/axis_infrastructure_v1_1_vl_rfs.v:992]
	Parameter C_TDATA_WIDTH bound to: 24 - type: integer 
	Parameter C_TID_WIDTH bound to: 1 - type: integer 
	Parameter C_TDEST_WIDTH bound to: 1 - type: integer 
	Parameter C_TUSER_WIDTH bound to: 3 - type: integer 
	Parameter C_TPAYLOAD_WIDTH bound to: 36 - type: integer 
	Parameter C_SIGNAL_SET bound to: 255 - type: integer 
	Parameter G_INDX_SS_TREADY bound to: 0 - type: integer 
	Parameter G_INDX_SS_TDATA bound to: 1 - type: integer 
	Parameter G_INDX_SS_TSTRB bound to: 2 - type: integer 
	Parameter G_INDX_SS_TKEEP bound to: 3 - type: integer 
	Parameter G_INDX_SS_TLAST bound to: 4 - type: integer 
	Parameter G_INDX_SS_TID bound to: 5 - type: integer 
	Parameter G_INDX_SS_TDEST bound to: 6 - type: integer 
	Parameter G_INDX_SS_TUSER bound to: 7 - type: integer 
	Parameter G_MASK_SS_TREADY bound to: 1 - type: integer 
	Parameter G_MASK_SS_TDATA bound to: 2 - type: integer 
	Parameter G_MASK_SS_TSTRB bound to: 4 - type: integer 
	Parameter G_MASK_SS_TKEEP bound to: 8 - type: integer 
	Parameter G_MASK_SS_TLAST bound to: 16 - type: integer 
	Parameter G_MASK_SS_TID bound to: 32 - type: integer 
	Parameter G_MASK_SS_TDEST bound to: 64 - type: integer 
	Parameter G_MASK_SS_TUSER bound to: 128 - type: integer 
	Parameter G_TASK_SEVERITY_ERR bound to: 2 - type: integer 
	Parameter G_TASK_SEVERITY_WARNING bound to: 1 - type: integer 
	Parameter G_TASK_SEVERITY_INFO bound to: 0 - type: integer 
	Parameter P_TDATA_INDX bound to: 0 - type: integer 
	Parameter P_TSTRB_INDX bound to: 24 - type: integer 
	Parameter P_TKEEP_INDX bound to: 27 - type: integer 
	Parameter P_TLAST_INDX bound to: 30 - type: integer 
	Parameter P_TID_INDX bound to: 31 - type: integer 
	Parameter P_TDEST_INDX bound to: 32 - type: integer 
	Parameter P_TUSER_INDX bound to: 33 - type: integer 
INFO: [Synth 8-6155] done synthesizing module 'axis_infrastructure_v1_1_0_util_vector2axis' (5#1) [/home/andy/zynq/play_zynq/tpg_vpss/tpg_vpss.srcs/sources_1/bd/system/ipshared/8713/hdl/axis_infrastructure_v1_1_vl_rfs.v:992]
INFO: [Synth 8-6157] synthesizing module 'axis_infrastructure_v1_1_0_clock_synchronizer' [/home/andy/zynq/play_zynq/tpg_vpss/tpg_vpss.srcs/sources_1/bd/system/ipshared/8713/hdl/axis_infrastructure_v1_1_vl_rfs.v:1173]
	Parameter C_NUM_STAGES bound to: 4 - type: integer 
INFO: [Synth 8-6157] synthesizing module 'xpm_cdc_single' [/opt/Xilinx/Vivado/2018.3/data/ip/xpm/xpm_cdc/hdl/xpm_cdc.sv:153]
	Parameter DEST_SYNC_FF bound to: 4 - type: integer 
	Parameter INIT_SYNC_FF bound to: 0 - type: integer 
	Parameter SIM_ASSERT_CHK bound to: 0 - type: integer 
	Parameter SRC_INPUT_REG bound to: 0 - type: integer 
	Parameter VERSION bound to: 0 - type: integer 
INFO: [Synth 8-5534] Detected attribute (* ASYNC_REG = "TRUE" *) [/opt/Xilinx/Vivado/2018.3/data/ip/xpm/xpm_cdc/hdl/xpm_cdc.sv:205]
INFO: [Synth 8-6155] done synthesizing module 'xpm_cdc_single' (6#1) [/opt/Xilinx/Vivado/2018.3/data/ip/xpm/xpm_cdc/hdl/xpm_cdc.sv:153]
INFO: [Synth 8-6155] done synthesizing module 'axis_infrastructure_v1_1_0_clock_synchronizer' (7#1) [/home/andy/zynq/play_zynq/tpg_vpss/tpg_vpss.srcs/sources_1/bd/system/ipshared/8713/hdl/axis_infrastructure_v1_1_vl_rfs.v:1173]
INFO: [Synth 8-6157] synthesizing module 'axis_infrastructure_v1_1_0_cdc_handshake' [/home/andy/zynq/play_zynq/tpg_vpss/tpg_vpss.srcs/sources_1/bd/system/ipshared/8713/hdl/axis_infrastructure_v1_1_vl_rfs.v:1265]
	Parameter C_WIDTH bound to: 100 - type: integer 
	Parameter C_NUM_SYNCHRONIZER_STAGES bound to: 4 - type: integer 
INFO: [Synth 8-6157] synthesizing module 'xpm_cdc_handshake' [/opt/Xilinx/Vivado/2018.3/data/ip/xpm/xpm_cdc/hdl/xpm_cdc.sv:469]
	Parameter DEST_EXT_HSK bound to: 0 - type: integer 
	Parameter DEST_SYNC_FF bound to: 4 - type: integer 
	Parameter INIT_SYNC_FF bound to: 0 - type: integer 
	Parameter SIM_ASSERT_CHK bound to: 0 - type: integer 
	Parameter SRC_SYNC_FF bound to: 4 - type: integer 
	Parameter VERSION bound to: 0 - type: integer 
	Parameter WIDTH bound to: 100 - type: integer 
INFO: [Synth 8-5534] Detected attribute (* DIRECT_ENABLE = "yes" *) [/opt/Xilinx/Vivado/2018.3/data/ip/xpm/xpm_cdc/hdl/xpm_cdc.sv:560]
INFO: [Synth 8-6155] done synthesizing module 'xpm_cdc_handshake' (8#1) [/opt/Xilinx/Vivado/2018.3/data/ip/xpm/xpm_cdc/hdl/xpm_cdc.sv:469]
INFO: [Synth 8-6155] done synthesizing module 'axis_infrastructure_v1_1_0_cdc_handshake' (9#1) [/home/andy/zynq/play_zynq/tpg_vpss/tpg_vpss.srcs/sources_1/bd/system/ipshared/8713/hdl/axis_infrastructure_v1_1_vl_rfs.v:1265]
INFO: [Synth 8-6157] synthesizing module 'axis_switch_v1_1_18_static_router' [/home/andy/zynq/play_zynq/tpg_vpss/tpg_vpss.srcs/sources_1/bd/system/ipshared/2576/hdl/axis_switch_v1_1_vl_rfs.v:2786]
	Parameter C_AXI_ADDR_WIDTH bound to: 7 - type: integer 
	Parameter C_AXI_DATA_WIDTH bound to: 32 - type: integer 
	Parameter C_NUM_SI_SLOTS bound to: 10 - type: integer 
	Parameter C_NUM_MI_SLOTS bound to: 10 - type: integer 
	Parameter C_CONNECTIVITY bound to: 100'b1111111111111111111111111111111111111111111111111111111111111111111111111111111111111111111111111111 
	Parameter C_CTRL_REG_WIDTH bound to: 100 - type: integer 
INFO: [Synth 8-6157] synthesizing module 'axis_switch_v1_1_18_axi_ctrl_top' [/home/andy/zynq/play_zynq/tpg_vpss/tpg_vpss.srcs/sources_1/bd/system/ipshared/2576/hdl/axis_switch_v1_1_vl_rfs.v:2077]
	Parameter C_AXI_ADDR_WIDTH bound to: 7 - type: integer 
	Parameter C_AXI_DATA_WIDTH bound to: 32 - type: integer 
	Parameter C_NUM_SI_SLOTS bound to: 10 - type: integer 
	Parameter C_NUM_MI_SLOTS bound to: 10 - type: integer 
	Parameter C_CONNECTIVITY bound to: 100'b1111111111111111111111111111111111111111111111111111111111111111111111111111111111111111111111111111 
	Parameter C_CTRL_REG_WIDTH bound to: 100 - type: integer 
	Parameter LP_CTRL_REG_MASK bound to: 2 - type: integer 
	Parameter LP_CTRL_REG_INIT bound to: 512'b00000000000000000000000000000000000000000000000000000000000000000000000000000000000000000000000000000000000000000000000000000000000000000000000000000000000000000000000000000000000000000000000000000000000000000000000000000000000000000000000000000000000000000000000000000000000000000000000000000000000000000000000000000000000000000000000000000000000000000000000000000000000000000000000000000000000000000000000000000000000000000000000000000000000000000000000000000000000000000000000000000000000000000000000000000010 
	Parameter LP_MI_MUX_REG_MASK bound to: 32783 - type: integer 
	Parameter LP_MI_MUX_REG_INIT bound to: 512'b10000000000000000000000000000000100000000000000000000000000000001000000000000000000000000000000010000000000000000000000000000000100000000000000000000000000000001000000000000000000000000000000010000000000000000000000000000000100000000000000000000000000000001000000000000000000000000000000010000000000000000000000000000000100000000000000000000000000000001000000000000000000000000000000010000000000000000000000000000000100000000000000000000000000000001000000000000000000000000000000010000000000000000000000000000000 
INFO: [Synth 8-6157] synthesizing module 'axis_switch_v1_1_18_axi_ctrl_read' [/home/andy/zynq/play_zynq/tpg_vpss/tpg_vpss.srcs/sources_1/bd/system/ipshared/2576/hdl/axis_switch_v1_1_vl_rfs.v:1745]
	Parameter C_ADDR_WIDTH bound to: 7 - type: integer 
	Parameter C_DATA_WIDTH bound to: 32 - type: integer 
	Parameter SM_IDLE bound to: 2'b00 
	Parameter SM_READ bound to: 2'b01 
	Parameter SM_RESP bound to: 2'b10 
	Parameter LP_DEBUG_CTRL_REG bound to: 0 - type: integer 
INFO: [Synth 8-6155] done synthesizing module 'axis_switch_v1_1_18_axi_ctrl_read' (10#1) [/home/andy/zynq/play_zynq/tpg_vpss/tpg_vpss.srcs/sources_1/bd/system/ipshared/2576/hdl/axis_switch_v1_1_vl_rfs.v:1745]
INFO: [Synth 8-6157] synthesizing module 'axis_switch_v1_1_18_axi_ctrl_write' [/home/andy/zynq/play_zynq/tpg_vpss/tpg_vpss.srcs/sources_1/bd/system/ipshared/2576/hdl/axis_switch_v1_1_vl_rfs.v:1920]
	Parameter C_ADDR_WIDTH bound to: 7 - type: integer 
	Parameter C_DATA_WIDTH bound to: 32 - type: integer 
	Parameter LP_SM_WIDTH bound to: 3 - type: integer 
	Parameter SM_IDLE bound to: 3'b000 
	Parameter SM_WRITE bound to: 3'b001 
	Parameter SM_RESP bound to: 3'b010 
	Parameter SM_BUSY bound to: 3'b100 
INFO: [Synth 8-5534] Detected attribute (* fsm_encoding = "none" *) [/home/andy/zynq/play_zynq/tpg_vpss/tpg_vpss.srcs/sources_1/bd/system/ipshared/2576/hdl/axis_switch_v1_1_vl_rfs.v:1970]
INFO: [Synth 8-6155] done synthesizing module 'axis_switch_v1_1_18_axi_ctrl_write' (11#1) [/home/andy/zynq/play_zynq/tpg_vpss/tpg_vpss.srcs/sources_1/bd/system/ipshared/2576/hdl/axis_switch_v1_1_vl_rfs.v:1920]
INFO: [Synth 8-6157] synthesizing module 'axis_switch_v1_1_18_reg_bank_16x32' [/home/andy/zynq/play_zynq/tpg_vpss/tpg_vpss.srcs/sources_1/bd/system/ipshared/2576/hdl/axis_switch_v1_1_vl_rfs.v:2971]
	Parameter C_ACTIVE_REG bound to: 1 - type: integer 
	Parameter C_REG_MASK bound to: 2 - type: integer 
	Parameter C_INIT bound to: 512'b00000000000000000000000000000000000000000000000000000000000000000000000000000000000000000000000000000000000000000000000000000000000000000000000000000000000000000000000000000000000000000000000000000000000000000000000000000000000000000000000000000000000000000000000000000000000000000000000000000000000000000000000000000000000000000000000000000000000000000000000000000000000000000000000000000000000000000000000000000000000000000000000000000000000000000000000000000000000000000000000000000000000000000000000000000010 
	Parameter LP_MAX bound to: 16 - type: integer 
	Parameter LP_WIDTH bound to: 32 - type: integer 
INFO: [Synth 8-6155] done synthesizing module 'axis_switch_v1_1_18_reg_bank_16x32' (12#1) [/home/andy/zynq/play_zynq/tpg_vpss/tpg_vpss.srcs/sources_1/bd/system/ipshared/2576/hdl/axis_switch_v1_1_vl_rfs.v:2971]
INFO: [Synth 8-6157] synthesizing module 'axis_switch_v1_1_18_reg_bank_16x32__parameterized0' [/home/andy/zynq/play_zynq/tpg_vpss/tpg_vpss.srcs/sources_1/bd/system/ipshared/2576/hdl/axis_switch_v1_1_vl_rfs.v:2971]
	Parameter C_ACTIVE_REG bound to: 10 - type: integer 
	Parameter C_REG_MASK bound to: 32783 - type: integer 
	Parameter C_INIT bound to: 512'b10000000000000000000000000000000100000000000000000000000000000001000000000000000000000000000000010000000000000000000000000000000100000000000000000000000000000001000000000000000000000000000000010000000000000000000000000000000100000000000000000000000000000001000000000000000000000000000000010000000000000000000000000000000100000000000000000000000000000001000000000000000000000000000000010000000000000000000000000000000100000000000000000000000000000001000000000000000000000000000000010000000000000000000000000000000 
	Parameter LP_MAX bound to: 16 - type: integer 
	Parameter LP_WIDTH bound to: 32 - type: integer 
INFO: [Synth 8-6155] done synthesizing module 'axis_switch_v1_1_18_reg_bank_16x32__parameterized0' (12#1) [/home/andy/zynq/play_zynq/tpg_vpss/tpg_vpss.srcs/sources_1/bd/system/ipshared/2576/hdl/axis_switch_v1_1_vl_rfs.v:2971]
INFO: [Synth 8-6155] done synthesizing module 'axis_switch_v1_1_18_axi_ctrl_top' (13#1) [/home/andy/zynq/play_zynq/tpg_vpss/tpg_vpss.srcs/sources_1/bd/system/ipshared/2576/hdl/axis_switch_v1_1_vl_rfs.v:2077]
INFO: [Synth 8-6157] synthesizing module 'axis_switch_v1_1_18_static_router_config' [/home/andy/zynq/play_zynq/tpg_vpss/tpg_vpss.srcs/sources_1/bd/system/ipshared/2576/hdl/axis_switch_v1_1_vl_rfs.v:2578]
	Parameter C_NUM_MI_SLOTS bound to: 10 - type: integer 
	Parameter C_NUM_SI_SLOTS bound to: 10 - type: integer 
	Parameter C_CONNECTIVITY bound to: 100'b1111111111111111111111111111111111111111111111111111111111111111111111111111111111111111111111111111 
	Parameter C_CTRL_REG_WIDTH bound to: 100 - type: integer 
	Parameter SM_IDLE bound to: 3'b000 
	Parameter SM_START bound to: 3'b001 
	Parameter SM_WAIT bound to: 3'b010 
	Parameter SM_COMMIT bound to: 3'b011 
	Parameter SM_COMPLETE bound to: 3'b100 
	Parameter LP_LOG_MAX_SLOTS bound to: 4 - type: integer 
	Parameter LP_NUM_MAX_SLOTS bound to: 16 - type: integer 
INFO: [Synth 8-6157] synthesizing module 'axis_switch_v1_1_18_static_router_config_dp' [/home/andy/zynq/play_zynq/tpg_vpss/tpg_vpss.srcs/sources_1/bd/system/ipshared/2576/hdl/axis_switch_v1_1_vl_rfs.v:2346]
	Parameter C_NUM_MI_SLOTS bound to: 10 - type: integer 
	Parameter C_NUM_SI_SLOTS bound to: 10 - type: integer 
	Parameter C_CONNECTIVITY bound to: 100'b1111111111111111111111111111111111111111111111111111111111111111111111111111111111111111111111111111 
	Parameter C_CTRL_REG_WIDTH bound to: 100 - type: integer 
	Parameter LP_LOG_MAX_SLOTS bound to: 4 - type: integer 
	Parameter LP_NUM_MAX_SLOTS bound to: 16 - type: integer 
INFO: [Synth 8-6155] done synthesizing module 'axis_switch_v1_1_18_static_router_config_dp' (14#1) [/home/andy/zynq/play_zynq/tpg_vpss/tpg_vpss.srcs/sources_1/bd/system/ipshared/2576/hdl/axis_switch_v1_1_vl_rfs.v:2346]
INFO: [Synth 8-6155] done synthesizing module 'axis_switch_v1_1_18_static_router_config' (15#1) [/home/andy/zynq/play_zynq/tpg_vpss/tpg_vpss.srcs/sources_1/bd/system/ipshared/2576/hdl/axis_switch_v1_1_vl_rfs.v:2578]
INFO: [Synth 8-6155] done synthesizing module 'axis_switch_v1_1_18_static_router' (16#1) [/home/andy/zynq/play_zynq/tpg_vpss/tpg_vpss.srcs/sources_1/bd/system/ipshared/2576/hdl/axis_switch_v1_1_vl_rfs.v:2786]
INFO: [Synth 8-6155] done synthesizing module 'axis_switch_v1_1_18_axis_switch' (17#1) [/home/andy/zynq/play_zynq/tpg_vpss/tpg_vpss.srcs/sources_1/bd/system/ipshared/2576/hdl/axis_switch_v1_1_vl_rfs.v:3090]
INFO: [Synth 8-6155] done synthesizing module 'bd_2d50_xbar_1' (18#1) [/home/andy/zynq/play_zynq/tpg_vpss/tpg_vpss.srcs/sources_1/bd/system/ip/system_v_proc_ss_0_0/bd_0/ip/ip_10/synth/bd_2d50_xbar_1.v:58]
WARNING: [Synth 8-3331] design axis_register_slice_v1_1_18_axisc_register_slice__parameterized0 has unconnected port ACLK
WARNING: [Synth 8-3331] design axis_register_slice_v1_1_18_axisc_register_slice__parameterized0 has unconnected port ACLK2X
WARNING: [Synth 8-3331] design axis_register_slice_v1_1_18_axisc_register_slice__parameterized0 has unconnected port ARESET
WARNING: [Synth 8-3331] design axis_register_slice_v1_1_18_axisc_register_slice__parameterized0 has unconnected port ACLKEN
WARNING: [Synth 8-3331] design axis_switch_v1_1_18_axisc_transfer_mux has unconnected port ARB_GNT[9]
WARNING: [Synth 8-3331] design axis_switch_v1_1_18_axisc_transfer_mux has unconnected port ARB_GNT[8]
WARNING: [Synth 8-3331] design axis_switch_v1_1_18_axisc_transfer_mux has unconnected port ARB_GNT[7]
WARNING: [Synth 8-3331] design axis_switch_v1_1_18_axisc_transfer_mux has unconnected port ARB_GNT[6]
WARNING: [Synth 8-3331] design axis_switch_v1_1_18_axisc_transfer_mux has unconnected port ARB_GNT[5]
WARNING: [Synth 8-3331] design axis_switch_v1_1_18_axisc_transfer_mux has unconnected port ARB_GNT[4]
WARNING: [Synth 8-3331] design axis_switch_v1_1_18_axisc_transfer_mux has unconnected port ARB_GNT[3]
WARNING: [Synth 8-3331] design axis_switch_v1_1_18_axisc_transfer_mux has unconnected port ARB_GNT[2]
WARNING: [Synth 8-3331] design axis_switch_v1_1_18_axisc_transfer_mux has unconnected port ARB_GNT[1]
WARNING: [Synth 8-3331] design axis_switch_v1_1_18_axisc_transfer_mux has unconnected port ARB_GNT[0]
WARNING: [Synth 8-3331] design axis_switch_v1_1_18_axisc_transfer_mux has unconnected port ARB_SEL[3]
WARNING: [Synth 8-3331] design axis_switch_v1_1_18_axisc_transfer_mux has unconnected port ARB_SEL[2]
WARNING: [Synth 8-3331] design axis_switch_v1_1_18_axisc_transfer_mux has unconnected port ARB_SEL[1]
WARNING: [Synth 8-3331] design axis_switch_v1_1_18_axisc_transfer_mux has unconnected port ARB_SEL[0]
WARNING: [Synth 8-3331] design axis_register_slice_v1_1_18_axisc_register_slice has unconnected port ACLK2X
WARNING: [Synth 8-3331] design axis_switch_v1_1_18_axisc_decoder has unconnected port S_AXIS_TDEST[0]
WARNING: [Synth 8-3331] design axis_switch_v1_1_18_axisc_decoder has unconnected port ARB_DONE[9]
WARNING: [Synth 8-3331] design axis_switch_v1_1_18_axisc_decoder has unconnected port ARB_DONE[8]
WARNING: [Synth 8-3331] design axis_switch_v1_1_18_axisc_decoder has unconnected port ARB_DONE[7]
WARNING: [Synth 8-3331] design axis_switch_v1_1_18_axisc_decoder has unconnected port ARB_DONE[6]
WARNING: [Synth 8-3331] design axis_switch_v1_1_18_axisc_decoder has unconnected port ARB_DONE[5]
WARNING: [Synth 8-3331] design axis_switch_v1_1_18_axisc_decoder has unconnected port ARB_DONE[4]
WARNING: [Synth 8-3331] design axis_switch_v1_1_18_axisc_decoder has unconnected port ARB_DONE[3]
WARNING: [Synth 8-3331] design axis_switch_v1_1_18_axisc_decoder has unconnected port ARB_DONE[2]
WARNING: [Synth 8-3331] design axis_switch_v1_1_18_axisc_decoder has unconnected port ARB_DONE[1]
WARNING: [Synth 8-3331] design axis_switch_v1_1_18_axisc_decoder has unconnected port ARB_DONE[0]
WARNING: [Synth 8-3331] design axis_switch_v1_1_18_axisc_decoder has unconnected port ARB_GNT[9]
WARNING: [Synth 8-3331] design axis_switch_v1_1_18_axisc_decoder has unconnected port ARB_GNT[8]
WARNING: [Synth 8-3331] design axis_switch_v1_1_18_axisc_decoder has unconnected port ARB_GNT[7]
WARNING: [Synth 8-3331] design axis_switch_v1_1_18_axisc_decoder has unconnected port ARB_GNT[6]
WARNING: [Synth 8-3331] design axis_switch_v1_1_18_axisc_decoder has unconnected port ARB_GNT[5]
WARNING: [Synth 8-3331] design axis_switch_v1_1_18_axisc_decoder has unconnected port ARB_GNT[4]
WARNING: [Synth 8-3331] design axis_switch_v1_1_18_axisc_decoder has unconnected port ARB_GNT[3]
WARNING: [Synth 8-3331] design axis_switch_v1_1_18_axisc_decoder has unconnected port ARB_GNT[2]
WARNING: [Synth 8-3331] design axis_switch_v1_1_18_axisc_decoder has unconnected port ARB_GNT[1]
WARNING: [Synth 8-3331] design axis_switch_v1_1_18_axisc_decoder has unconnected port ARB_GNT[0]
WARNING: [Synth 8-3331] design axis_switch_v1_1_18_axisc_decoder has unconnected port si_mux[3]
WARNING: [Synth 8-3331] design axis_switch_v1_1_18_axisc_decoder has unconnected port si_mux[2]
WARNING: [Synth 8-3331] design axis_switch_v1_1_18_axisc_decoder has unconnected port si_mux[1]
WARNING: [Synth 8-3331] design axis_switch_v1_1_18_axisc_decoder has unconnected port si_mux[0]
WARNING: [Synth 8-3331] design axis_switch_v1_1_18_static_router_config_dp has unconnected port reg_mi_mux[511]
WARNING: [Synth 8-3331] design axis_switch_v1_1_18_static_router_config_dp has unconnected port reg_mi_mux[510]
WARNING: [Synth 8-3331] design axis_switch_v1_1_18_static_router_config_dp has unconnected port reg_mi_mux[509]
WARNING: [Synth 8-3331] design axis_switch_v1_1_18_static_router_config_dp has unconnected port reg_mi_mux[508]
WARNING: [Synth 8-3331] design axis_switch_v1_1_18_static_router_config_dp has unconnected port reg_mi_mux[507]
WARNING: [Synth 8-3331] design axis_switch_v1_1_18_static_router_config_dp has unconnected port reg_mi_mux[506]
WARNING: [Synth 8-3331] design axis_switch_v1_1_18_static_router_config_dp has unconnected port reg_mi_mux[505]
WARNING: [Synth 8-3331] design axis_switch_v1_1_18_static_router_config_dp has unconnected port reg_mi_mux[504]
WARNING: [Synth 8-3331] design axis_switch_v1_1_18_static_router_config_dp has unconnected port reg_mi_mux[503]
WARNING: [Synth 8-3331] design axis_switch_v1_1_18_static_router_config_dp has unconnected port reg_mi_mux[502]
WARNING: [Synth 8-3331] design axis_switch_v1_1_18_static_router_config_dp has unconnected port reg_mi_mux[501]
WARNING: [Synth 8-3331] design axis_switch_v1_1_18_static_router_config_dp has unconnected port reg_mi_mux[500]
WARNING: [Synth 8-3331] design axis_switch_v1_1_18_static_router_config_dp has unconnected port reg_mi_mux[499]
WARNING: [Synth 8-3331] design axis_switch_v1_1_18_static_router_config_dp has unconnected port reg_mi_mux[498]
WARNING: [Synth 8-3331] design axis_switch_v1_1_18_static_router_config_dp has unconnected port reg_mi_mux[497]
WARNING: [Synth 8-3331] design axis_switch_v1_1_18_static_router_config_dp has unconnected port reg_mi_mux[496]
WARNING: [Synth 8-3331] design axis_switch_v1_1_18_static_router_config_dp has unconnected port reg_mi_mux[495]
WARNING: [Synth 8-3331] design axis_switch_v1_1_18_static_router_config_dp has unconnected port reg_mi_mux[494]
WARNING: [Synth 8-3331] design axis_switch_v1_1_18_static_router_config_dp has unconnected port reg_mi_mux[493]
WARNING: [Synth 8-3331] design axis_switch_v1_1_18_static_router_config_dp has unconnected port reg_mi_mux[492]
WARNING: [Synth 8-3331] design axis_switch_v1_1_18_static_router_config_dp has unconnected port reg_mi_mux[491]
WARNING: [Synth 8-3331] design axis_switch_v1_1_18_static_router_config_dp has unconnected port reg_mi_mux[490]
WARNING: [Synth 8-3331] design axis_switch_v1_1_18_static_router_config_dp has unconnected port reg_mi_mux[489]
WARNING: [Synth 8-3331] design axis_switch_v1_1_18_static_router_config_dp has unconnected port reg_mi_mux[488]
WARNING: [Synth 8-3331] design axis_switch_v1_1_18_static_router_config_dp has unconnected port reg_mi_mux[487]
WARNING: [Synth 8-3331] design axis_switch_v1_1_18_static_router_config_dp has unconnected port reg_mi_mux[486]
WARNING: [Synth 8-3331] design axis_switch_v1_1_18_static_router_config_dp has unconnected port reg_mi_mux[485]
WARNING: [Synth 8-3331] design axis_switch_v1_1_18_static_router_config_dp has unconnected port reg_mi_mux[484]
WARNING: [Synth 8-3331] design axis_switch_v1_1_18_static_router_config_dp has unconnected port reg_mi_mux[483]
WARNING: [Synth 8-3331] design axis_switch_v1_1_18_static_router_config_dp has unconnected port reg_mi_mux[482]
WARNING: [Synth 8-3331] design axis_switch_v1_1_18_static_router_config_dp has unconnected port reg_mi_mux[481]
WARNING: [Synth 8-3331] design axis_switch_v1_1_18_static_router_config_dp has unconnected port reg_mi_mux[480]
WARNING: [Synth 8-3331] design axis_switch_v1_1_18_static_router_config_dp has unconnected port reg_mi_mux[479]
WARNING: [Synth 8-3331] design axis_switch_v1_1_18_static_router_config_dp has unconnected port reg_mi_mux[478]
WARNING: [Synth 8-3331] design axis_switch_v1_1_18_static_router_config_dp has unconnected port reg_mi_mux[477]
WARNING: [Synth 8-3331] design axis_switch_v1_1_18_static_router_config_dp has unconnected port reg_mi_mux[476]
WARNING: [Synth 8-3331] design axis_switch_v1_1_18_static_router_config_dp has unconnected port reg_mi_mux[475]
WARNING: [Synth 8-3331] design axis_switch_v1_1_18_static_router_config_dp has unconnected port reg_mi_mux[474]
WARNING: [Synth 8-3331] design axis_switch_v1_1_18_static_router_config_dp has unconnected port reg_mi_mux[473]
WARNING: [Synth 8-3331] design axis_switch_v1_1_18_static_router_config_dp has unconnected port reg_mi_mux[472]
WARNING: [Synth 8-3331] design axis_switch_v1_1_18_static_router_config_dp has unconnected port reg_mi_mux[471]
WARNING: [Synth 8-3331] design axis_switch_v1_1_18_static_router_config_dp has unconnected port reg_mi_mux[470]
WARNING: [Synth 8-3331] design axis_switch_v1_1_18_static_router_config_dp has unconnected port reg_mi_mux[469]
WARNING: [Synth 8-3331] design axis_switch_v1_1_18_static_router_config_dp has unconnected port reg_mi_mux[468]
WARNING: [Synth 8-3331] design axis_switch_v1_1_18_static_router_config_dp has unconnected port reg_mi_mux[467]
WARNING: [Synth 8-3331] design axis_switch_v1_1_18_static_router_config_dp has unconnected port reg_mi_mux[466]
WARNING: [Synth 8-3331] design axis_switch_v1_1_18_static_router_config_dp has unconnected port reg_mi_mux[465]
WARNING: [Synth 8-3331] design axis_switch_v1_1_18_static_router_config_dp has unconnected port reg_mi_mux[464]
WARNING: [Synth 8-3331] design axis_switch_v1_1_18_static_router_config_dp has unconnected port reg_mi_mux[463]
WARNING: [Synth 8-3331] design axis_switch_v1_1_18_static_router_config_dp has unconnected port reg_mi_mux[462]
WARNING: [Synth 8-3331] design axis_switch_v1_1_18_static_router_config_dp has unconnected port reg_mi_mux[461]
WARNING: [Synth 8-3331] design axis_switch_v1_1_18_static_router_config_dp has unconnected port reg_mi_mux[460]
WARNING: [Synth 8-3331] design axis_switch_v1_1_18_static_router_config_dp has unconnected port reg_mi_mux[459]
WARNING: [Synth 8-3331] design axis_switch_v1_1_18_static_router_config_dp has unconnected port reg_mi_mux[458]
WARNING: [Synth 8-3331] design axis_switch_v1_1_18_static_router_config_dp has unconnected port reg_mi_mux[457]
WARNING: [Synth 8-3331] design axis_switch_v1_1_18_static_router_config_dp has unconnected port reg_mi_mux[456]
INFO: [Common 17-14] Message 'Synth 8-3331' appears 100 times and further instances of the messages will be disabled. Use the Tcl command set_msg_config to change the current settings.
---------------------------------------------------------------------------------
Finished RTL Elaboration : Time (s): cpu = 00:00:07 ; elapsed = 00:00:09 . Memory (MB): peak = 1501.129 ; gain = 136.395 ; free physical = 1571 ; free virtual = 4462
---------------------------------------------------------------------------------

Report Check Netlist: 
+------+------------------+-------+---------+-------+------------------+
|      |Item              |Errors |Warnings |Status |Description       |
+------+------------------+-------+---------+-------+------------------+
|1     |multi_driven_nets |      0|        0|Passed |Multi driven nets |
+------+------------------+-------+---------+-------+------------------+
---------------------------------------------------------------------------------
Start Handling Custom Attributes
---------------------------------------------------------------------------------
---------------------------------------------------------------------------------
Finished Handling Custom Attributes : Time (s): cpu = 00:00:07 ; elapsed = 00:00:10 . Memory (MB): peak = 1501.129 ; gain = 136.395 ; free physical = 1541 ; free virtual = 4431
---------------------------------------------------------------------------------
---------------------------------------------------------------------------------
Finished RTL Optimization Phase 1 : Time (s): cpu = 00:00:07 ; elapsed = 00:00:10 . Memory (MB): peak = 1501.129 ; gain = 136.395 ; free physical = 1541 ; free virtual = 4431
---------------------------------------------------------------------------------
INFO: [Device 21-403] Loading part xc7z020clg484-2
INFO: [Project 1-570] Preparing netlist for logic optimization

Processing XDC Constraints
Initializing timing engine
Parsing XDC File [/home/andy/zynq/play_zynq/tpg_vpss/tpg_vpss.srcs/sources_1/bd/system/ip/system_v_proc_ss_0_0/bd_0/ip/ip_10/bd_2d50_xbar_1_ooc.xdc] for cell 'inst'
Finished Parsing XDC File [/home/andy/zynq/play_zynq/tpg_vpss/tpg_vpss.srcs/sources_1/bd/system/ip/system_v_proc_ss_0_0/bd_0/ip/ip_10/bd_2d50_xbar_1_ooc.xdc] for cell 'inst'
Parsing XDC File [/home/andy/zynq/play_zynq/tpg_vpss/tpg_vpss.runs/bd_2d50_xbar_1_synth_1/dont_touch.xdc]
Finished Parsing XDC File [/home/andy/zynq/play_zynq/tpg_vpss/tpg_vpss.runs/bd_2d50_xbar_1_synth_1/dont_touch.xdc]
Sourcing Tcl File [/opt/Xilinx/Vivado/2018.3/data/ip/xpm/xpm_cdc/tcl/xpm_cdc_handshake.tcl] for cell 'inst/gen_static_router.gen_synch.inst_cdc_handshake/inst_xpm_cdc_handshake'
Finished Sourcing Tcl File [/opt/Xilinx/Vivado/2018.3/data/ip/xpm/xpm_cdc/tcl/xpm_cdc_handshake.tcl] for cell 'inst/gen_static_router.gen_synch.inst_cdc_handshake/inst_xpm_cdc_handshake'
INFO: [Project 1-236] Implementation specific constraints were found while reading constraint file [/opt/Xilinx/Vivado/2018.3/data/ip/xpm/xpm_cdc/tcl/xpm_cdc_handshake.tcl]. These constraints will be ignored for synthesis but will be used in implementation. Impacted constraints are listed in the file [.Xil/bd_2d50_xbar_1_propImpl.xdc].
Resolution: To avoid this warning, move constraints listed in [.Xil/bd_2d50_xbar_1_propImpl.xdc] to another XDC file and exclude this new file from synthesis with the used_in_synthesis property (File Properties dialog in GUI) and re-run elaboration/synthesis.
Sourcing Tcl File [/opt/Xilinx/Vivado/2018.3/data/ip/xpm/xpm_cdc/tcl/xpm_cdc_single.tcl] for cell 'inst/gen_static_router.gen_synch.inst_cdc_handshake/inst_xpm_cdc_handshake/xpm_cdc_single_dest2src_inst'
Finished Sourcing Tcl File [/opt/Xilinx/Vivado/2018.3/data/ip/xpm/xpm_cdc/tcl/xpm_cdc_single.tcl] for cell 'inst/gen_static_router.gen_synch.inst_cdc_handshake/inst_xpm_cdc_handshake/xpm_cdc_single_dest2src_inst'
Sourcing Tcl File [/opt/Xilinx/Vivado/2018.3/data/ip/xpm/xpm_cdc/tcl/xpm_cdc_single.tcl] for cell 'inst/gen_static_router.gen_synch.inst_cdc_handshake/inst_xpm_cdc_handshake/xpm_cdc_single_src2dest_inst'
Finished Sourcing Tcl File [/opt/Xilinx/Vivado/2018.3/data/ip/xpm/xpm_cdc/tcl/xpm_cdc_single.tcl] for cell 'inst/gen_static_router.gen_synch.inst_cdc_handshake/inst_xpm_cdc_handshake/xpm_cdc_single_src2dest_inst'
Sourcing Tcl File [/opt/Xilinx/Vivado/2018.3/data/ip/xpm/xpm_cdc/tcl/xpm_cdc_single.tcl] for cell 'inst/gen_static_router.gen_synch.inst_rst_synch/inst_xpm_cdc_single'
Finished Sourcing Tcl File [/opt/Xilinx/Vivado/2018.3/data/ip/xpm/xpm_cdc/tcl/xpm_cdc_single.tcl] for cell 'inst/gen_static_router.gen_synch.inst_rst_synch/inst_xpm_cdc_single'
INFO: [Project 1-236] Implementation specific constraints were found while reading constraint file [/opt/Xilinx/Vivado/2018.3/data/ip/xpm/xpm_cdc/tcl/xpm_cdc_single.tcl]. These constraints will be ignored for synthesis but will be used in implementation. Impacted constraints are listed in the file [.Xil/bd_2d50_xbar_1_propImpl.xdc].
Resolution: To avoid this warning, move constraints listed in [.Xil/bd_2d50_xbar_1_propImpl.xdc] to another XDC file and exclude this new file from synthesis with the used_in_synthesis property (File Properties dialog in GUI) and re-run elaboration/synthesis.
Netlist sorting complete. Time (s): cpu = 00:00:00 ; elapsed = 00:00:00 . Memory (MB): peak = 1898.285 ; gain = 0.000 ; free physical = 724 ; free virtual = 3611
Completed Processing XDC Constraints

Netlist sorting complete. Time (s): cpu = 00:00:00 ; elapsed = 00:00:00 . Memory (MB): peak = 1898.285 ; gain = 0.000 ; free physical = 724 ; free virtual = 3612
INFO: [Project 1-111] Unisim Transformation Summary:
No Unisim elements were transformed.

Netlist sorting complete. Time (s): cpu = 00:00:00 ; elapsed = 00:00:00 . Memory (MB): peak = 1898.285 ; gain = 0.000 ; free physical = 724 ; free virtual = 3611
Constraint Validation Runtime : Time (s): cpu = 00:00:00.11 ; elapsed = 00:00:00.12 . Memory (MB): peak = 1898.285 ; gain = 0.000 ; free physical = 722 ; free virtual = 3609
---------------------------------------------------------------------------------
Finished Constraint Validation : Time (s): cpu = 00:00:21 ; elapsed = 00:00:28 . Memory (MB): peak = 1898.285 ; gain = 533.551 ; free physical = 580 ; free virtual = 3468
---------------------------------------------------------------------------------
---------------------------------------------------------------------------------
Start Loading Part and Timing Information
---------------------------------------------------------------------------------
Loading part: xc7z020clg484-2
---------------------------------------------------------------------------------
Finished Loading Part and Timing Information : Time (s): cpu = 00:00:21 ; elapsed = 00:00:28 . Memory (MB): peak = 1898.285 ; gain = 533.551 ; free physical = 580 ; free virtual = 3468
---------------------------------------------------------------------------------
---------------------------------------------------------------------------------
Start Applying 'set_property' XDC Constraints
---------------------------------------------------------------------------------
Applied set_property DONT_TOUCH = true for inst. (constraint file  /home/andy/zynq/play_zynq/tpg_vpss/tpg_vpss.runs/bd_2d50_xbar_1_synth_1/dont_touch.xdc, line 6).
Applied set_property DONT_TOUCH = true for inst/\gen_static_router.gen_synch.inst_cdc_handshake /inst_xpm_cdc_handshake. (constraint file  auto generated constraint, line ).
Applied set_property DONT_TOUCH = true for inst/\gen_static_router.gen_synch.inst_rst_synch /inst_xpm_cdc_single. (constraint file  auto generated constraint, line ).
Applied set_property DONT_TOUCH = true for inst/\gen_static_router.gen_synch.inst_cdc_handshake /inst_xpm_cdc_handshake/xpm_cdc_single_dest2src_inst. (constraint file  auto generated constraint, line ).
Applied set_property DONT_TOUCH = true for inst/\gen_static_router.gen_synch.inst_cdc_handshake /inst_xpm_cdc_handshake/xpm_cdc_single_src2dest_inst. (constraint file  auto generated constraint, line ).
---------------------------------------------------------------------------------
Finished applying 'set_property' XDC Constraints : Time (s): cpu = 00:00:21 ; elapsed = 00:00:28 . Memory (MB): peak = 1898.285 ; gain = 533.551 ; free physical = 588 ; free virtual = 3475
---------------------------------------------------------------------------------
INFO: [Synth 8-802] inferred FSM for state register 'state_reg' in module 'axis_switch_v1_1_18_axi_ctrl_read'
INFO: [Synth 8-5544] ROM "state" won't be mapped to Block RAM because address size (1) smaller than threshold (5)
INFO: [Synth 8-4490] FSM extraction disabled for register 'state_reg' through user attribute
INFO: [Synth 8-4471] merging register 'gen_reg[2].reg_data_reg[95:64]' into 'gen_reg[1].reg_data_reg[63:32]' [/home/andy/zynq/play_zynq/tpg_vpss/tpg_vpss.srcs/sources_1/bd/system/ipshared/2576/hdl/axis_switch_v1_1_vl_rfs.v:3015]
INFO: [Synth 8-4471] merging register 'gen_reg[3].reg_data_reg[127:96]' into 'gen_reg[1].reg_data_reg[63:32]' [/home/andy/zynq/play_zynq/tpg_vpss/tpg_vpss.srcs/sources_1/bd/system/ipshared/2576/hdl/axis_switch_v1_1_vl_rfs.v:3015]
INFO: [Synth 8-4471] merging register 'gen_reg[4].reg_data_reg[159:128]' into 'gen_reg[1].reg_data_reg[63:32]' [/home/andy/zynq/play_zynq/tpg_vpss/tpg_vpss.srcs/sources_1/bd/system/ipshared/2576/hdl/axis_switch_v1_1_vl_rfs.v:3015]
INFO: [Synth 8-4471] merging register 'gen_reg[5].reg_data_reg[191:160]' into 'gen_reg[1].reg_data_reg[63:32]' [/home/andy/zynq/play_zynq/tpg_vpss/tpg_vpss.srcs/sources_1/bd/system/ipshared/2576/hdl/axis_switch_v1_1_vl_rfs.v:3015]
INFO: [Synth 8-4471] merging register 'gen_reg[6].reg_data_reg[223:192]' into 'gen_reg[1].reg_data_reg[63:32]' [/home/andy/zynq/play_zynq/tpg_vpss/tpg_vpss.srcs/sources_1/bd/system/ipshared/2576/hdl/axis_switch_v1_1_vl_rfs.v:3015]
INFO: [Synth 8-4471] merging register 'gen_reg[7].reg_data_reg[255:224]' into 'gen_reg[1].reg_data_reg[63:32]' [/home/andy/zynq/play_zynq/tpg_vpss/tpg_vpss.srcs/sources_1/bd/system/ipshared/2576/hdl/axis_switch_v1_1_vl_rfs.v:3015]
INFO: [Synth 8-4471] merging register 'gen_reg[8].reg_data_reg[287:256]' into 'gen_reg[1].reg_data_reg[63:32]' [/home/andy/zynq/play_zynq/tpg_vpss/tpg_vpss.srcs/sources_1/bd/system/ipshared/2576/hdl/axis_switch_v1_1_vl_rfs.v:3015]
INFO: [Synth 8-4471] merging register 'gen_reg[9].reg_data_reg[319:288]' into 'gen_reg[1].reg_data_reg[63:32]' [/home/andy/zynq/play_zynq/tpg_vpss/tpg_vpss.srcs/sources_1/bd/system/ipshared/2576/hdl/axis_switch_v1_1_vl_rfs.v:3015]
INFO: [Synth 8-4471] merging register 'gen_reg[10].reg_data_reg[351:320]' into 'gen_reg[1].reg_data_reg[63:32]' [/home/andy/zynq/play_zynq/tpg_vpss/tpg_vpss.srcs/sources_1/bd/system/ipshared/2576/hdl/axis_switch_v1_1_vl_rfs.v:3015]
INFO: [Synth 8-4471] merging register 'gen_reg[11].reg_data_reg[383:352]' into 'gen_reg[1].reg_data_reg[63:32]' [/home/andy/zynq/play_zynq/tpg_vpss/tpg_vpss.srcs/sources_1/bd/system/ipshared/2576/hdl/axis_switch_v1_1_vl_rfs.v:3015]
INFO: [Synth 8-4471] merging register 'gen_reg[12].reg_data_reg[415:384]' into 'gen_reg[1].reg_data_reg[63:32]' [/home/andy/zynq/play_zynq/tpg_vpss/tpg_vpss.srcs/sources_1/bd/system/ipshared/2576/hdl/axis_switch_v1_1_vl_rfs.v:3015]
INFO: [Synth 8-4471] merging register 'gen_reg[13].reg_data_reg[447:416]' into 'gen_reg[1].reg_data_reg[63:32]' [/home/andy/zynq/play_zynq/tpg_vpss/tpg_vpss.srcs/sources_1/bd/system/ipshared/2576/hdl/axis_switch_v1_1_vl_rfs.v:3015]
INFO: [Synth 8-4471] merging register 'gen_reg[14].reg_data_reg[479:448]' into 'gen_reg[1].reg_data_reg[63:32]' [/home/andy/zynq/play_zynq/tpg_vpss/tpg_vpss.srcs/sources_1/bd/system/ipshared/2576/hdl/axis_switch_v1_1_vl_rfs.v:3015]
INFO: [Synth 8-4471] merging register 'gen_reg[15].reg_data_reg[511:480]' into 'gen_reg[1].reg_data_reg[63:32]' [/home/andy/zynq/play_zynq/tpg_vpss/tpg_vpss.srcs/sources_1/bd/system/ipshared/2576/hdl/axis_switch_v1_1_vl_rfs.v:3015]
INFO: [Synth 8-4471] merging register 'gen_reg[11].reg_data_reg[383:352]' into 'gen_reg[10].reg_data_reg[351:320]' [/home/andy/zynq/play_zynq/tpg_vpss/tpg_vpss.srcs/sources_1/bd/system/ipshared/2576/hdl/axis_switch_v1_1_vl_rfs.v:3015]
INFO: [Synth 8-4471] merging register 'gen_reg[12].reg_data_reg[415:384]' into 'gen_reg[10].reg_data_reg[351:320]' [/home/andy/zynq/play_zynq/tpg_vpss/tpg_vpss.srcs/sources_1/bd/system/ipshared/2576/hdl/axis_switch_v1_1_vl_rfs.v:3015]
INFO: [Synth 8-4471] merging register 'gen_reg[13].reg_data_reg[447:416]' into 'gen_reg[10].reg_data_reg[351:320]' [/home/andy/zynq/play_zynq/tpg_vpss/tpg_vpss.srcs/sources_1/bd/system/ipshared/2576/hdl/axis_switch_v1_1_vl_rfs.v:3015]
INFO: [Synth 8-4471] merging register 'gen_reg[14].reg_data_reg[479:448]' into 'gen_reg[10].reg_data_reg[351:320]' [/home/andy/zynq/play_zynq/tpg_vpss/tpg_vpss.srcs/sources_1/bd/system/ipshared/2576/hdl/axis_switch_v1_1_vl_rfs.v:3015]
INFO: [Synth 8-4471] merging register 'gen_reg[15].reg_data_reg[511:480]' into 'gen_reg[10].reg_data_reg[351:320]' [/home/andy/zynq/play_zynq/tpg_vpss/tpg_vpss.srcs/sources_1/bd/system/ipshared/2576/hdl/axis_switch_v1_1_vl_rfs.v:3015]
INFO: [Synth 8-802] inferred FSM for state register 'state_reg' in module 'axis_switch_v1_1_18_static_router_config'
INFO: [Synth 8-5544] ROM "commit_reset" won't be mapped to Block RAM because address size (3) smaller than threshold (5)
INFO: [Synth 8-5544] ROM "start" won't be mapped to Block RAM because address size (3) smaller than threshold (5)
INFO: [Synth 8-5544] ROM "ctrl_soft_reset_r0" won't be mapped to Block RAM because address size (3) smaller than threshold (5)
INFO: [Synth 8-5544] ROM "state" won't be mapped to Block RAM because address size (1) smaller than threshold (5)
INFO: [Synth 8-5544] ROM "state" won't be mapped to Block RAM because address size (1) smaller than threshold (5)
INFO: [Synth 8-5544] ROM "state" won't be mapped to Block RAM because address size (1) smaller than threshold (5)
INFO: [Synth 8-4490] FSM extraction disabled for register 'gen_AB_reg_slice.state_reg' through user attribute
---------------------------------------------------------------------------------------------------
                   State |                     New Encoding |                Previous Encoding 
---------------------------------------------------------------------------------------------------
                 SM_IDLE |                              001 |                               00
                 SM_READ |                              010 |                               01
                 SM_RESP |                              100 |                               10
---------------------------------------------------------------------------------------------------
INFO: [Synth 8-3354] encoded FSM with state register 'state_reg' using encoding 'one-hot' in module 'axis_switch_v1_1_18_axi_ctrl_read'
---------------------------------------------------------------------------------------------------
                   State |                     New Encoding |                Previous Encoding 
---------------------------------------------------------------------------------------------------
                 SM_IDLE |                            00001 |                              000
                SM_START |                            00010 |                              001
                 SM_WAIT |                            00100 |                              010
               SM_COMMIT |                            01000 |                              011
             SM_COMPLETE |                            10000 |                              100
---------------------------------------------------------------------------------------------------
INFO: [Synth 8-3354] encoded FSM with state register 'state_reg' using encoding 'one-hot' in module 'axis_switch_v1_1_18_static_router_config'
---------------------------------------------------------------------------------
Finished RTL Optimization Phase 2 : Time (s): cpu = 00:00:23 ; elapsed = 00:00:30 . Memory (MB): peak = 1898.285 ; gain = 533.551 ; free physical = 586 ; free virtual = 3470
---------------------------------------------------------------------------------

Report RTL Partitions: 
+-+--------------+------------+----------+
| |RTL Partition |Replication |Instances |
+-+--------------+------------+----------+
+-+--------------+------------+----------+
---------------------------------------------------------------------------------
Start RTL Component Statistics 
---------------------------------------------------------------------------------
Detailed RTL Component Info : 
+---Adders : 
	   2 Input      4 Bit       Adders := 1     
+---Registers : 
	              100 Bit    Registers := 4     
	               36 Bit    Registers := 20    
	               32 Bit    Registers := 15    
	               16 Bit    Registers := 1     
	                7 Bit    Registers := 2     
	                4 Bit    Registers := 26    
	                3 Bit    Registers := 1     
	                2 Bit    Registers := 10    
	                1 Bit    Registers := 69    
+---Muxes : 
	   2 Input     36 Bit        Muxes := 10    
	   2 Input     32 Bit        Muxes := 2     
	   5 Input      5 Bit        Muxes := 1     
	   2 Input      5 Bit        Muxes := 4     
	   2 Input      4 Bit        Muxes := 1     
	   3 Input      3 Bit        Muxes := 1     
	   2 Input      3 Bit        Muxes := 2     
	   6 Input      3 Bit        Muxes := 1     
	   2 Input      2 Bit        Muxes := 1     
	   5 Input      2 Bit        Muxes := 10    
	   2 Input      1 Bit        Muxes := 121   
	   5 Input      1 Bit        Muxes := 2     
	   4 Input      1 Bit        Muxes := 10    
---------------------------------------------------------------------------------
Finished RTL Component Statistics 
---------------------------------------------------------------------------------
---------------------------------------------------------------------------------
Start RTL Hierarchical Component Statistics 
---------------------------------------------------------------------------------
Hierarchical RTL Component report 
Module xpm_cdc_single 
Detailed RTL Component Info : 
+---Registers : 
	                4 Bit    Registers := 1     
Module xpm_cdc_handshake 
Detailed RTL Component Info : 
+---Registers : 
	              100 Bit    Registers := 2     
	                1 Bit    Registers := 3     
Module axis_switch_v1_1_18_axi_ctrl_read 
Detailed RTL Component Info : 
+---Registers : 
	               32 Bit    Registers := 1     
	                7 Bit    Registers := 1     
+---Muxes : 
	   2 Input     32 Bit        Muxes := 1     
	   3 Input      3 Bit        Muxes := 1     
	   2 Input      3 Bit        Muxes := 2     
Module axis_switch_v1_1_18_axi_ctrl_write 
Detailed RTL Component Info : 
+---Registers : 
	               32 Bit    Registers := 1     
	                7 Bit    Registers := 1     
	                3 Bit    Registers := 1     
+---Muxes : 
	   6 Input      3 Bit        Muxes := 1     
	   2 Input      2 Bit        Muxes := 1     
	   2 Input      1 Bit        Muxes := 1     
Module axis_switch_v1_1_18_reg_bank_16x32 
Detailed RTL Component Info : 
+---Registers : 
	               32 Bit    Registers := 2     
Module axis_switch_v1_1_18_reg_bank_16x32__parameterized0 
Detailed RTL Component Info : 
+---Registers : 
	               32 Bit    Registers := 11    
Module axis_switch_v1_1_18_axi_ctrl_top 
Detailed RTL Component Info : 
+---Muxes : 
	   2 Input     32 Bit        Muxes := 1     
	   2 Input      4 Bit        Muxes := 1     
Module axis_switch_v1_1_18_static_router_config_dp 
Detailed RTL Component Info : 
+---Adders : 
	   2 Input      4 Bit       Adders := 1     
+---Registers : 
	               16 Bit    Registers := 1     
	                4 Bit    Registers := 23    
	                1 Bit    Registers := 42    
+---Muxes : 
	   2 Input      1 Bit        Muxes := 10    
Module axis_switch_v1_1_18_static_router_config 
Detailed RTL Component Info : 
+---Registers : 
	              100 Bit    Registers := 1     
	                1 Bit    Registers := 2     
+---Muxes : 
	   5 Input      5 Bit        Muxes := 1     
	   2 Input      5 Bit        Muxes := 4     
	   5 Input      1 Bit        Muxes := 2     
Module axis_register_slice_v1_1_18_axisc_register_slice 
Detailed RTL Component Info : 
+---Registers : 
	               36 Bit    Registers := 2     
	                2 Bit    Registers := 1     
	                1 Bit    Registers := 2     
+---Muxes : 
	   2 Input     36 Bit        Muxes := 1     
	   5 Input      2 Bit        Muxes := 1     
	   2 Input      1 Bit        Muxes := 1     
	   4 Input      1 Bit        Muxes := 1     
Module axis_switch_v1_1_18_axisc_transfer_mux 
Detailed RTL Component Info : 
+---Muxes : 
	   2 Input      1 Bit        Muxes := 10    
Module axis_switch_v1_1_18_axis_switch 
Detailed RTL Component Info : 
+---Registers : 
	              100 Bit    Registers := 1     
	                1 Bit    Registers := 2     
---------------------------------------------------------------------------------
Finished RTL Hierarchical Component Statistics
---------------------------------------------------------------------------------
---------------------------------------------------------------------------------
Start Part Resource Summary
---------------------------------------------------------------------------------
Part Resources:
DSPs: 220 (col length:60)
BRAMs: 280 (col length: RAMB18 60 RAMB36 30)
---------------------------------------------------------------------------------
Finished Part Resource Summary
---------------------------------------------------------------------------------
---------------------------------------------------------------------------------
Start Cross Boundary and Area Optimization
---------------------------------------------------------------------------------
Warning: Parallel synthesis criteria is not met 
INFO: [Synth 8-3886] merging instance 'inst/gen_static_router.inst_static_router/inst_start_router_config/inst_start_router_config_dp/mi_connectivity_reg[9]' (FD) to 'inst/gen_static_router.inst_static_router/inst_start_router_config/inst_start_router_config_dp/mi_connectivity_reg[8]'
INFO: [Synth 8-3886] merging instance 'inst/gen_static_router.inst_static_router/inst_start_router_config/inst_start_router_config_dp/mi_connectivity_reg[7]' (FD) to 'inst/gen_static_router.inst_static_router/inst_start_router_config/inst_start_router_config_dp/mi_connectivity_reg[6]'
INFO: [Synth 8-3886] merging instance 'inst/gen_static_router.inst_static_router/inst_start_router_config/inst_start_router_config_dp/mi_connectivity_reg[5]' (FD) to 'inst/gen_static_router.inst_static_router/inst_start_router_config/inst_start_router_config_dp/mi_connectivity_reg[4]'
INFO: [Synth 8-3886] merging instance 'inst/gen_static_router.inst_static_router/inst_start_router_config/inst_start_router_config_dp/mi_connectivity_reg[3]' (FD) to 'inst/gen_static_router.inst_static_router/inst_start_router_config/inst_start_router_config_dp/mi_connectivity_reg[2]'
INFO: [Synth 8-3886] merging instance 'inst/gen_static_router.inst_static_router/inst_start_router_config/inst_start_router_config_dp/mi_connectivity_reg[1]' (FD) to 'inst/gen_static_router.inst_static_router/inst_start_router_config/inst_start_router_config_dp/mi_connectivity_reg[0]'
INFO: [Synth 8-3886] merging instance 'inst/gen_static_router.inst_static_router/inst_axi_ctrl_top/inst_reg_bank_1/gen_reg[10].reg_data_reg[320]' (FDRE) to 'inst/gen_static_router.inst_static_router/inst_axi_ctrl_top/inst_reg_bank_1/gen_reg[10].reg_data_reg[321]'
INFO: [Synth 8-3886] merging instance 'inst/gen_static_router.inst_static_router/inst_axi_ctrl_top/inst_reg_bank_1/gen_reg[10].reg_data_reg[321]' (FDRE) to 'inst/gen_static_router.inst_static_router/inst_axi_ctrl_top/inst_reg_bank_1/gen_reg[10].reg_data_reg[322]'
INFO: [Synth 8-3886] merging instance 'inst/gen_static_router.inst_static_router/inst_axi_ctrl_top/inst_reg_bank_1/gen_reg[10].reg_data_reg[322]' (FDRE) to 'inst/gen_static_router.inst_static_router/inst_axi_ctrl_top/inst_reg_bank_1/gen_reg[10].reg_data_reg[323]'
INFO: [Synth 8-3886] merging instance 'inst/gen_static_router.inst_static_router/inst_axi_ctrl_top/inst_reg_bank_1/gen_reg[10].reg_data_reg[323]' (FDRE) to 'inst/gen_static_router.inst_static_router/inst_axi_ctrl_top/inst_reg_bank_1/gen_reg[10].reg_data_reg[324]'
INFO: [Synth 8-3886] merging instance 'inst/gen_static_router.inst_static_router/inst_axi_ctrl_top/inst_reg_bank_1/gen_reg[10].reg_data_reg[324]' (FDRE) to 'inst/gen_static_router.inst_static_router/inst_axi_ctrl_top/inst_reg_bank_1/gen_reg[10].reg_data_reg[325]'
INFO: [Synth 8-3886] merging instance 'inst/gen_static_router.inst_static_router/inst_axi_ctrl_top/inst_reg_bank_1/gen_reg[10].reg_data_reg[325]' (FDRE) to 'inst/gen_static_router.inst_static_router/inst_axi_ctrl_top/inst_reg_bank_1/gen_reg[10].reg_data_reg[326]'
INFO: [Synth 8-3886] merging instance 'inst/gen_static_router.inst_static_router/inst_axi_ctrl_top/inst_reg_bank_1/gen_reg[10].reg_data_reg[326]' (FDRE) to 'inst/gen_static_router.inst_static_router/inst_axi_ctrl_top/inst_reg_bank_1/gen_reg[10].reg_data_reg[327]'
INFO: [Synth 8-3886] merging instance 'inst/gen_static_router.inst_static_router/inst_axi_ctrl_top/inst_reg_bank_1/gen_reg[10].reg_data_reg[327]' (FDRE) to 'inst/gen_static_router.inst_static_router/inst_axi_ctrl_top/inst_reg_bank_1/gen_reg[10].reg_data_reg[328]'
INFO: [Synth 8-3886] merging instance 'inst/gen_static_router.inst_static_router/inst_axi_ctrl_top/inst_reg_bank_1/gen_reg[10].reg_data_reg[328]' (FDRE) to 'inst/gen_static_router.inst_static_router/inst_axi_ctrl_top/inst_reg_bank_1/gen_reg[10].reg_data_reg[329]'
INFO: [Synth 8-3886] merging instance 'inst/gen_static_router.inst_static_router/inst_axi_ctrl_top/inst_reg_bank_1/gen_reg[10].reg_data_reg[329]' (FDRE) to 'inst/gen_static_router.inst_static_router/inst_axi_ctrl_top/inst_reg_bank_1/gen_reg[10].reg_data_reg[330]'
INFO: [Synth 8-3886] merging instance 'inst/gen_static_router.inst_static_router/inst_axi_ctrl_top/inst_reg_bank_1/gen_reg[10].reg_data_reg[330]' (FDRE) to 'inst/gen_static_router.inst_static_router/inst_axi_ctrl_top/inst_reg_bank_1/gen_reg[10].reg_data_reg[331]'
INFO: [Synth 8-3886] merging instance 'inst/gen_static_router.inst_static_router/inst_axi_ctrl_top/inst_reg_bank_1/gen_reg[10].reg_data_reg[331]' (FDRE) to 'inst/gen_static_router.inst_static_router/inst_axi_ctrl_top/inst_reg_bank_1/gen_reg[10].reg_data_reg[332]'
INFO: [Synth 8-3886] merging instance 'inst/gen_static_router.inst_static_router/inst_axi_ctrl_top/inst_reg_bank_1/gen_reg[10].reg_data_reg[332]' (FDRE) to 'inst/gen_static_router.inst_static_router/inst_axi_ctrl_top/inst_reg_bank_1/gen_reg[10].reg_data_reg[333]'
INFO: [Synth 8-3886] merging instance 'inst/gen_static_router.inst_static_router/inst_axi_ctrl_top/inst_reg_bank_1/gen_reg[10].reg_data_reg[333]' (FDRE) to 'inst/gen_static_router.inst_static_router/inst_axi_ctrl_top/inst_reg_bank_1/gen_reg[10].reg_data_reg[334]'
INFO: [Synth 8-3886] merging instance 'inst/gen_static_router.inst_static_router/inst_axi_ctrl_top/inst_reg_bank_1/gen_reg[10].reg_data_reg[334]' (FDRE) to 'inst/gen_static_router.inst_static_router/inst_axi_ctrl_top/inst_reg_bank_1/gen_reg[10].reg_data_reg[335]'
INFO: [Synth 8-3886] merging instance 'inst/gen_static_router.inst_static_router/inst_axi_ctrl_top/inst_reg_bank_1/gen_reg[10].reg_data_reg[335]' (FDRE) to 'inst/gen_static_router.inst_static_router/inst_axi_ctrl_top/inst_reg_bank_1/gen_reg[10].reg_data_reg[336]'
INFO: [Synth 8-3886] merging instance 'inst/gen_static_router.inst_static_router/inst_axi_ctrl_top/inst_reg_bank_1/gen_reg[10].reg_data_reg[336]' (FDRE) to 'inst/gen_static_router.inst_static_router/inst_axi_ctrl_top/inst_reg_bank_1/gen_reg[10].reg_data_reg[337]'
INFO: [Synth 8-3886] merging instance 'inst/gen_static_router.inst_static_router/inst_axi_ctrl_top/inst_reg_bank_1/gen_reg[10].reg_data_reg[337]' (FDRE) to 'inst/gen_static_router.inst_static_router/inst_axi_ctrl_top/inst_reg_bank_1/gen_reg[10].reg_data_reg[338]'
INFO: [Synth 8-3886] merging instance 'inst/gen_static_router.inst_static_router/inst_axi_ctrl_top/inst_reg_bank_1/gen_reg[10].reg_data_reg[338]' (FDRE) to 'inst/gen_static_router.inst_static_router/inst_axi_ctrl_top/inst_reg_bank_1/gen_reg[10].reg_data_reg[339]'
INFO: [Synth 8-3886] merging instance 'inst/gen_static_router.inst_static_router/inst_axi_ctrl_top/inst_reg_bank_1/gen_reg[10].reg_data_reg[339]' (FDRE) to 'inst/gen_static_router.inst_static_router/inst_axi_ctrl_top/inst_reg_bank_1/gen_reg[10].reg_data_reg[340]'
INFO: [Synth 8-3886] merging instance 'inst/gen_static_router.inst_static_router/inst_axi_ctrl_top/inst_reg_bank_1/gen_reg[10].reg_data_reg[340]' (FDRE) to 'inst/gen_static_router.inst_static_router/inst_axi_ctrl_top/inst_reg_bank_1/gen_reg[10].reg_data_reg[341]'
INFO: [Synth 8-3886] merging instance 'inst/gen_static_router.inst_static_router/inst_axi_ctrl_top/inst_reg_bank_1/gen_reg[10].reg_data_reg[341]' (FDRE) to 'inst/gen_static_router.inst_static_router/inst_axi_ctrl_top/inst_reg_bank_1/gen_reg[10].reg_data_reg[342]'
INFO: [Synth 8-3886] merging instance 'inst/gen_static_router.inst_static_router/inst_axi_ctrl_top/inst_reg_bank_1/gen_reg[10].reg_data_reg[342]' (FDRE) to 'inst/gen_static_router.inst_static_router/inst_axi_ctrl_top/inst_reg_bank_1/gen_reg[10].reg_data_reg[343]'
INFO: [Synth 8-3886] merging instance 'inst/gen_static_router.inst_static_router/inst_axi_ctrl_top/inst_reg_bank_1/gen_reg[10].reg_data_reg[343]' (FDRE) to 'inst/gen_static_router.inst_static_router/inst_axi_ctrl_top/inst_reg_bank_1/gen_reg[10].reg_data_reg[344]'
INFO: [Synth 8-3886] merging instance 'inst/gen_static_router.inst_static_router/inst_axi_ctrl_top/inst_reg_bank_1/gen_reg[10].reg_data_reg[344]' (FDRE) to 'inst/gen_static_router.inst_static_router/inst_axi_ctrl_top/inst_reg_bank_1/gen_reg[10].reg_data_reg[345]'
INFO: [Synth 8-3886] merging instance 'inst/gen_static_router.inst_static_router/inst_axi_ctrl_top/inst_reg_bank_1/gen_reg[10].reg_data_reg[345]' (FDRE) to 'inst/gen_static_router.inst_static_router/inst_axi_ctrl_top/inst_reg_bank_1/gen_reg[10].reg_data_reg[346]'
INFO: [Synth 8-3886] merging instance 'inst/gen_static_router.inst_static_router/inst_axi_ctrl_top/inst_reg_bank_1/gen_reg[10].reg_data_reg[346]' (FDRE) to 'inst/gen_static_router.inst_static_router/inst_axi_ctrl_top/inst_reg_bank_1/gen_reg[10].reg_data_reg[347]'
INFO: [Synth 8-3886] merging instance 'inst/gen_static_router.inst_static_router/inst_axi_ctrl_top/inst_reg_bank_1/gen_reg[10].reg_data_reg[347]' (FDRE) to 'inst/gen_static_router.inst_static_router/inst_axi_ctrl_top/inst_reg_bank_1/gen_reg[10].reg_data_reg[348]'
INFO: [Synth 8-3886] merging instance 'inst/gen_static_router.inst_static_router/inst_axi_ctrl_top/inst_reg_bank_1/gen_reg[10].reg_data_reg[348]' (FDRE) to 'inst/gen_static_router.inst_static_router/inst_axi_ctrl_top/inst_reg_bank_1/gen_reg[10].reg_data_reg[349]'
INFO: [Synth 8-3886] merging instance 'inst/gen_static_router.inst_static_router/inst_axi_ctrl_top/inst_reg_bank_1/gen_reg[10].reg_data_reg[349]' (FDRE) to 'inst/gen_static_router.inst_static_router/inst_axi_ctrl_top/inst_reg_bank_1/gen_reg[10].reg_data_reg[350]'
INFO: [Synth 8-3333] propagating constant 0 across sequential element (inst/\gen_static_router.inst_static_router /\inst_axi_ctrl_top/inst_reg_bank_1/gen_reg[10].reg_data_reg[350] )
INFO: [Synth 8-3333] propagating constant 1 across sequential element (inst/\gen_static_router.inst_static_router /\inst_axi_ctrl_top/inst_reg_bank_1/gen_reg[10].reg_data_reg[351] )
---------------------------------------------------------------------------------
Finished Cross Boundary and Area Optimization : Time (s): cpu = 00:00:30 ; elapsed = 00:00:39 . Memory (MB): peak = 1898.285 ; gain = 533.551 ; free physical = 1048 ; free virtual = 3925
---------------------------------------------------------------------------------

Report RTL Partitions: 
+-+--------------+------------+----------+
| |RTL Partition |Replication |Instances |
+-+--------------+------------+----------+
+-+--------------+------------+----------+
---------------------------------------------------------------------------------
Start Applying XDC Timing Constraints
---------------------------------------------------------------------------------
---------------------------------------------------------------------------------
Finished Applying XDC Timing Constraints : Time (s): cpu = 00:00:42 ; elapsed = 00:00:53 . Memory (MB): peak = 1898.285 ; gain = 533.551 ; free physical = 866 ; free virtual = 3749
---------------------------------------------------------------------------------
---------------------------------------------------------------------------------
Start Timing Optimization
---------------------------------------------------------------------------------
---------------------------------------------------------------------------------
Finished Timing Optimization : Time (s): cpu = 00:00:45 ; elapsed = 00:00:56 . Memory (MB): peak = 1898.285 ; gain = 533.551 ; free physical = 784 ; free virtual = 3668
---------------------------------------------------------------------------------

Report RTL Partitions: 
+-+--------------+------------+----------+
| |RTL Partition |Replication |Instances |
+-+--------------+------------+----------+
+-+--------------+------------+----------+
---------------------------------------------------------------------------------
Start Technology Mapping
---------------------------------------------------------------------------------
INFO: [Synth 8-3886] merging instance 'inst/gen_static_router.inst_static_router/inst_start_router_config/inst_start_router_config_dp/mi_connectivity_reg[0]' (FD) to 'inst/gen_static_router.inst_static_router/inst_start_router_config/inst_start_router_config_dp/mi_connectivity_reg[2]'
INFO: [Synth 8-3886] merging instance 'inst/gen_static_router.inst_static_router/inst_start_router_config/inst_start_router_config_dp/mi_connectivity_reg[2]' (FD) to 'inst/gen_static_router.inst_static_router/inst_start_router_config/inst_start_router_config_dp/mi_connectivity_reg[6]'
INFO: [Synth 8-3886] merging instance 'inst/gen_static_router.inst_static_router/inst_start_router_config/inst_start_router_config_dp/mi_connectivity_reg[6]' (FD) to 'inst/gen_static_router.inst_static_router/inst_start_router_config/inst_start_router_config_dp/mi_connectivity_reg[8]'
---------------------------------------------------------------------------------
Finished Technology Mapping : Time (s): cpu = 00:00:48 ; elapsed = 00:01:00 . Memory (MB): peak = 1898.285 ; gain = 533.551 ; free physical = 832 ; free virtual = 3715
---------------------------------------------------------------------------------

Report RTL Partitions: 
+-+--------------+------------+----------+
| |RTL Partition |Replication |Instances |
+-+--------------+------------+----------+
+-+--------------+------------+----------+
---------------------------------------------------------------------------------
Start IO Insertion
---------------------------------------------------------------------------------
---------------------------------------------------------------------------------
Start Flattening Before IO Insertion
---------------------------------------------------------------------------------
---------------------------------------------------------------------------------
Finished Flattening Before IO Insertion
---------------------------------------------------------------------------------
---------------------------------------------------------------------------------
Start Final Netlist Cleanup
---------------------------------------------------------------------------------
---------------------------------------------------------------------------------
Finished Final Netlist Cleanup
---------------------------------------------------------------------------------
---------------------------------------------------------------------------------
Finished IO Insertion : Time (s): cpu = 00:00:50 ; elapsed = 00:01:02 . Memory (MB): peak = 1898.285 ; gain = 533.551 ; free physical = 758 ; free virtual = 3645
---------------------------------------------------------------------------------

Report Check Netlist: 
+------+------------------+-------+---------+-------+------------------+
|      |Item              |Errors |Warnings |Status |Description       |
+------+------------------+-------+---------+-------+------------------+
|1     |multi_driven_nets |      0|        0|Passed |Multi driven nets |
+------+------------------+-------+---------+-------+------------------+
---------------------------------------------------------------------------------
Start Renaming Generated Instances
---------------------------------------------------------------------------------
---------------------------------------------------------------------------------
Finished Renaming Generated Instances : Time (s): cpu = 00:00:50 ; elapsed = 00:01:02 . Memory (MB): peak = 1898.285 ; gain = 533.551 ; free physical = 756 ; free virtual = 3639
---------------------------------------------------------------------------------

Report RTL Partitions: 
+-+--------------+------------+----------+
| |RTL Partition |Replication |Instances |
+-+--------------+------------+----------+
+-+--------------+------------+----------+
---------------------------------------------------------------------------------
Start Rebuilding User Hierarchy
---------------------------------------------------------------------------------
---------------------------------------------------------------------------------
Finished Rebuilding User Hierarchy : Time (s): cpu = 00:00:51 ; elapsed = 00:01:03 . Memory (MB): peak = 1898.285 ; gain = 533.551 ; free physical = 743 ; free virtual = 3627
---------------------------------------------------------------------------------
---------------------------------------------------------------------------------
Start Renaming Generated Ports
---------------------------------------------------------------------------------
---------------------------------------------------------------------------------
Finished Renaming Generated Ports : Time (s): cpu = 00:00:51 ; elapsed = 00:01:04 . Memory (MB): peak = 1898.285 ; gain = 533.551 ; free physical = 748 ; free virtual = 3632
---------------------------------------------------------------------------------
---------------------------------------------------------------------------------
Start Handling Custom Attributes
---------------------------------------------------------------------------------
---------------------------------------------------------------------------------
Finished Handling Custom Attributes : Time (s): cpu = 00:00:51 ; elapsed = 00:01:04 . Memory (MB): peak = 1898.285 ; gain = 533.551 ; free physical = 792 ; free virtual = 3676
---------------------------------------------------------------------------------
---------------------------------------------------------------------------------
Start Renaming Generated Nets
---------------------------------------------------------------------------------
---------------------------------------------------------------------------------
Finished Renaming Generated Nets : Time (s): cpu = 00:00:51 ; elapsed = 00:01:04 . Memory (MB): peak = 1898.285 ; gain = 533.551 ; free physical = 795 ; free virtual = 3681
---------------------------------------------------------------------------------
---------------------------------------------------------------------------------
Start Writing Synthesis Report
---------------------------------------------------------------------------------

Report BlackBoxes: 
+-+--------------+----------+
| |BlackBox name |Instances |
+-+--------------+----------+
+-+--------------+----------+

Report Cell Usage: 
+------+------+------+
|      |Cell  |Count |
+------+------+------+
|1     |LUT1  |    24|
|2     |LUT2  |    53|
|3     |LUT3  |   328|
|4     |LUT4  |    60|
|5     |LUT5  |   412|
|6     |LUT6  |  1406|
|7     |MUXF7 |    44|
|8     |FDRE  |  1693|
|9     |FDSE  |    13|
+------+------+------+

Report Instance Areas: 
+------+-----------------------------------------------------+----------------------------------------------------+------+
|      |Instance                                             |Module                                              |Cells |
+------+-----------------------------------------------------+----------------------------------------------------+------+
|1     |top                                                  |                                                    |  4033|
|2     |  inst                                               |axis_switch_v1_1_18_axis_switch                     |  4033|
|3     |    \gen_decoder[0].axisc_decoder_0                  |axis_switch_v1_1_18_axisc_decoder                   |   131|
|4     |      \gen_static_routing.inst_decoder_pipeline      |axis_register_slice_v1_1_18_axisc_register_slice_17 |   131|
|5     |    \gen_decoder[1].axisc_decoder_0                  |axis_switch_v1_1_18_axisc_decoder_0                 |   133|
|6     |      \gen_static_routing.inst_decoder_pipeline      |axis_register_slice_v1_1_18_axisc_register_slice_16 |   133|
|7     |    \gen_decoder[2].axisc_decoder_0                  |axis_switch_v1_1_18_axisc_decoder_1                 |   133|
|8     |      \gen_static_routing.inst_decoder_pipeline      |axis_register_slice_v1_1_18_axisc_register_slice_15 |   133|
|9     |    \gen_decoder[3].axisc_decoder_0                  |axis_switch_v1_1_18_axisc_decoder_2                 |   523|
|10    |      \gen_static_routing.inst_decoder_pipeline      |axis_register_slice_v1_1_18_axisc_register_slice_14 |   523|
|11    |    \gen_decoder[4].axisc_decoder_0                  |axis_switch_v1_1_18_axisc_decoder_3                 |   133|
|12    |      \gen_static_routing.inst_decoder_pipeline      |axis_register_slice_v1_1_18_axisc_register_slice_13 |   133|
|13    |    \gen_decoder[5].axisc_decoder_0                  |axis_switch_v1_1_18_axisc_decoder_4                 |   133|
|14    |      \gen_static_routing.inst_decoder_pipeline      |axis_register_slice_v1_1_18_axisc_register_slice_12 |   133|
|15    |    \gen_decoder[6].axisc_decoder_0                  |axis_switch_v1_1_18_axisc_decoder_5                 |   133|
|16    |      \gen_static_routing.inst_decoder_pipeline      |axis_register_slice_v1_1_18_axisc_register_slice_11 |   133|
|17    |    \gen_decoder[7].axisc_decoder_0                  |axis_switch_v1_1_18_axisc_decoder_6                 |   503|
|18    |      \gen_static_routing.inst_decoder_pipeline      |axis_register_slice_v1_1_18_axisc_register_slice_10 |   503|
|19    |    \gen_decoder[8].axisc_decoder_0                  |axis_switch_v1_1_18_axisc_decoder_7                 |   137|
|20    |      \gen_static_routing.inst_decoder_pipeline      |axis_register_slice_v1_1_18_axisc_register_slice_9  |   137|
|21    |    \gen_decoder[9].axisc_decoder_0                  |axis_switch_v1_1_18_axisc_decoder_8                 |   819|
|22    |      \gen_static_routing.inst_decoder_pipeline      |axis_register_slice_v1_1_18_axisc_register_slice    |   819|
|23    |    \gen_static_router.gen_synch.inst_cdc_handshake  |axis_infrastructure_v1_1_0_cdc_handshake            |   213|
|24    |      inst_xpm_cdc_handshake                         |xpm_cdc_handshake                                   |   213|
|25    |        xpm_cdc_single_src2dest_inst                 |xpm_cdc_single__4                                   |     4|
|26    |        xpm_cdc_single_dest2src_inst                 |xpm_cdc_single                                      |     4|
|27    |    \gen_static_router.gen_synch.inst_rst_synch      |axis_infrastructure_v1_1_0_clock_synchronizer       |     5|
|28    |      inst_xpm_cdc_single                            |xpm_cdc_single__3                                   |     4|
|29    |    \gen_static_router.inst_static_router            |axis_switch_v1_1_18_static_router                   |   974|
|30    |      inst_axi_ctrl_top                              |axis_switch_v1_1_18_axi_ctrl_top                    |   653|
|31    |        inst_axi_ctrl_read                           |axis_switch_v1_1_18_axi_ctrl_read                   |   108|
|32    |        inst_axi_ctrl_write                          |axis_switch_v1_1_18_axi_ctrl_write                  |    87|
|33    |        inst_reg_bank_0                              |axis_switch_v1_1_18_reg_bank_16x32                  |    32|
|34    |        inst_reg_bank_1                              |axis_switch_v1_1_18_reg_bank_16x32__parameterized0  |   426|
|35    |      inst_start_router_config                       |axis_switch_v1_1_18_static_router_config            |   321|
|36    |        inst_start_router_config_dp                  |axis_switch_v1_1_18_static_router_config_dp         |   211|
+------+-----------------------------------------------------+----------------------------------------------------+------+
---------------------------------------------------------------------------------
Finished Writing Synthesis Report : Time (s): cpu = 00:00:51 ; elapsed = 00:01:04 . Memory (MB): peak = 1898.285 ; gain = 533.551 ; free physical = 790 ; free virtual = 3678
---------------------------------------------------------------------------------
Synthesis finished with 0 errors, 0 critical warnings and 183 warnings.
Synthesis Optimization Runtime : Time (s): cpu = 00:00:41 ; elapsed = 00:00:52 . Memory (MB): peak = 1898.285 ; gain = 136.395 ; free physical = 836 ; free virtual = 3730
Synthesis Optimization Complete : Time (s): cpu = 00:00:52 ; elapsed = 00:01:04 . Memory (MB): peak = 1898.285 ; gain = 533.551 ; free physical = 836 ; free virtual = 3730
INFO: [Project 1-571] Translating synthesized netlist
INFO: [Netlist 29-17] Analyzing 44 Unisim elements for replacement
INFO: [Netlist 29-28] Unisim Transformation completed in 0 CPU seconds
INFO: [Project 1-570] Preparing netlist for logic optimization
INFO: [Opt 31-138] Pushed 0 inverter(s) to 0 load pin(s).
Netlist sorting complete. Time (s): cpu = 00:00:00 ; elapsed = 00:00:00 . Memory (MB): peak = 1909.301 ; gain = 0.000 ; free physical = 802 ; free virtual = 3701
INFO: [Project 1-111] Unisim Transformation Summary:
No Unisim elements were transformed.

INFO: [Common 17-83] Releasing license: Synthesis
133 Infos, 101 Warnings, 0 Critical Warnings and 0 Errors encountered.
synth_design completed successfully
synth_design: Time (s): cpu = 00:00:56 ; elapsed = 00:01:09 . Memory (MB): peak = 1909.301 ; gain = 556.375 ; free physical = 850 ; free virtual = 3749
Netlist sorting complete. Time (s): cpu = 00:00:00.01 ; elapsed = 00:00:00 . Memory (MB): peak = 1909.301 ; gain = 0.000 ; free physical = 849 ; free virtual = 3748
WARNING: [Constraints 18-5210] No constraints selected for write.
Resolution: This message can indicate that there are no constraints for the design, or it can indicate that the used_in flags are set such that the constraints are ignored. This later case is used when running synth_design to not write synthesis constraints to the resulting checkpoint. Instead, project constraints are read when the synthesized design is opened.
INFO: [Common 17-1381] The checkpoint '/home/andy/zynq/play_zynq/tpg_vpss/tpg_vpss.runs/bd_2d50_xbar_1_synth_1/bd_2d50_xbar_1.dcp' has been generated.
INFO: [Coretcl 2-1648] Added synthesis output to IP cache for IP bd_2d50_xbar_1, cache-ID = f655fdc277faa7d8
INFO: [Coretcl 2-1174] Renamed 35 cell refs.
Netlist sorting complete. Time (s): cpu = 00:00:00 ; elapsed = 00:00:00.01 . Memory (MB): peak = 1933.312 ; gain = 0.000 ; free physical = 582 ; free virtual = 3495
WARNING: [Constraints 18-5210] No constraints selected for write.
Resolution: This message can indicate that there are no constraints for the design, or it can indicate that the used_in flags are set such that the constraints are ignored. This later case is used when running synth_design to not write synthesis constraints to the resulting checkpoint. Instead, project constraints are read when the synthesized design is opened.
INFO: [Common 17-1381] The checkpoint '/home/andy/zynq/play_zynq/tpg_vpss/tpg_vpss.runs/bd_2d50_xbar_1_synth_1/bd_2d50_xbar_1.dcp' has been generated.
INFO: [runtcl-4] Executing : report_utilization -file bd_2d50_xbar_1_utilization_synth.rpt -pb bd_2d50_xbar_1_utilization_synth.pb
INFO: [Common 17-206] Exiting Vivado at Sat Apr 24 21:13:29 2021...
