Copyright 1986-2018 Xilinx, Inc. All Rights Reserved.
----------------------------------------------------------------------------------------------------------------------------------------------------------------
| Tool Version     : Vivado v.2018.3 (lin64) Build 2405991 Thu Dec  6 23:36:41 MST 2018
| Date             : Tue Jan  5 19:56:35 2021
| Host             : archlinux running 64-bit Arch Linux
| Command          : report_power -file system_wrapper_power_routed.rpt -pb system_wrapper_power_summary_routed.pb -rpx system_wrapper_power_routed.rpx
| Design           : system_wrapper
| Device           : xc7z020clg484-2
| Design State     : routed
| Grade            : commercial
| Process          : typical
| Characterization : Production
----------------------------------------------------------------------------------------------------------------------------------------------------------------

Power Report

Table of Contents
-----------------
1. Summary
1.1 On-Chip Components
1.2 Power Supply Summary
1.3 Confidence Level
2. Settings
2.1 Environment
2.2 Clock Constraints
3. Detailed Reports
3.1 By Hierarchy

1. Summary
----------

+--------------------------+--------------+
| Total On-Chip Power (W)  | 2.023        |
| Design Power Budget (W)  | Unspecified* |
| Power Budget Margin (W)  | NA           |
| Dynamic (W)              | 1.869        |
| Device Static (W)        | 0.155        |
| Effective TJA (C/W)      | 11.5         |
| Max Ambient (C)          | 61.7         |
| Junction Temperature (C) | 48.3         |
| Confidence Level         | Low          |
| Setting File             | ---          |
| Simulation Activity File | ---          |
| Design Nets Matched      | NA           |
+--------------------------+--------------+
* Specify Design Power Budget using, set_operating_conditions -design_power_budget <value in Watts>


1.1 On-Chip Components
----------------------

+--------------------------+-----------+----------+-----------+-----------------+
| On-Chip                  | Power (W) | Used     | Available | Utilization (%) |
+--------------------------+-----------+----------+-----------+-----------------+
| Clocks                   |     0.072 |        8 |       --- |             --- |
| Slice Logic              |     0.012 |    23060 |       --- |             --- |
|   LUT as Logic           |     0.009 |     7212 |     53200 |           13.56 |
|   Register               |     0.001 |    12010 |    106400 |           11.29 |
|   CARRY4                 |    <0.001 |      382 |     13300 |            2.87 |
|   LUT as Distributed RAM |    <0.001 |      176 |     17400 |            1.01 |
|   LUT as Shift Register  |    <0.001 |      352 |     17400 |            2.02 |
|   F7/F8 Muxes            |    <0.001 |      308 |     53200 |            0.58 |
|   Others                 |     0.000 |     1067 |       --- |             --- |
| Signals                  |     0.018 |    17272 |       --- |             --- |
| Block RAM                |     0.008 |        6 |       140 |            4.29 |
| MMCM                     |     0.117 |        1 |         4 |           25.00 |
| DSPs                     |     0.008 |       12 |       220 |            5.45 |
| I/O                      |     0.020 |       31 |       200 |           15.50 |
| PS7                      |     1.614 |        1 |       --- |             --- |
| Static Power             |     0.155 |          |           |                 |
| Total                    |     2.023 |          |           |                 |
+--------------------------+-----------+----------+-----------+-----------------+


1.2 Power Supply Summary
------------------------

+-----------+-------------+-----------+-------------+------------+
| Source    | Voltage (V) | Total (A) | Dynamic (A) | Static (A) |
+-----------+-------------+-----------+-------------+------------+
| Vccint    |       1.000 |     0.136 |       0.118 |      0.018 |
| Vccaux    |       1.800 |     0.082 |       0.065 |      0.017 |
| Vcco33    |       3.300 |     0.007 |       0.006 |      0.001 |
| Vcco25    |       2.500 |     0.000 |       0.000 |      0.000 |
| Vcco18    |       1.800 |     0.000 |       0.000 |      0.000 |
| Vcco15    |       1.500 |     0.000 |       0.000 |      0.000 |
| Vcco135   |       1.350 |     0.000 |       0.000 |      0.000 |
| Vcco12    |       1.200 |     0.000 |       0.000 |      0.000 |
| Vccaux_io |       1.800 |     0.000 |       0.000 |      0.000 |
| Vccbram   |       1.000 |     0.002 |       0.001 |      0.002 |
| MGTAVcc   |       1.000 |     0.000 |       0.000 |      0.000 |
| MGTAVtt   |       1.200 |     0.000 |       0.000 |      0.000 |
| MGTVccaux |       1.800 |     0.000 |       0.000 |      0.000 |
| Vccpint   |       1.000 |     0.835 |       0.801 |      0.034 |
| Vccpaux   |       1.800 |     0.061 |       0.051 |      0.010 |
| Vccpll    |       1.800 |     0.019 |       0.016 |      0.003 |
| Vcco_ddr  |       1.500 |     0.459 |       0.457 |      0.002 |
| Vcco_mio0 |       3.300 |     0.003 |       0.002 |      0.001 |
| Vcco_mio1 |       1.800 |     0.002 |       0.001 |      0.001 |
| Vccadc    |       1.800 |     0.020 |       0.000 |      0.020 |
+-----------+-------------+-----------+-------------+------------+


1.3 Confidence Level
--------------------

+-----------------------------+------------+--------------------------------------------------------+------------------------------------------------------------------------------------------------------------+
| User Input Data             | Confidence | Details                                                | Action                                                                                                     |
+-----------------------------+------------+--------------------------------------------------------+------------------------------------------------------------------------------------------------------------+
| Design implementation state | High       | Design is routed                                       |                                                                                                            |
| Clock nodes activity        | High       | User specified more than 95% of clocks                 |                                                                                                            |
| I/O nodes activity          | Low        | More than 75% of inputs are missing user specification | Provide missing input activity with simulation results or by editing the "By Resource Type -> I/Os" view   |
| Internal nodes activity     | Medium     | User specified less than 25% of internal nodes         | Provide missing internal nodes activity with simulation results or by editing the "By Resource Type" views |
| Device models               | High       | Device models are Production                           |                                                                                                            |
|                             |            |                                                        |                                                                                                            |
| Overall confidence level    | Low        |                                                        |                                                                                                            |
+-----------------------------+------------+--------------------------------------------------------+------------------------------------------------------------------------------------------------------------+


2. Settings
-----------

2.1 Environment
---------------

+-----------------------+------------------------+
| Ambient Temp (C)      | 25.0                   |
| ThetaJA (C/W)         | 11.5                   |
| Airflow (LFM)         | 250                    |
| Heat Sink             | none                   |
| ThetaSA (C/W)         | 0.0                    |
| Board Selection       | medium (10"x10")       |
| # of Board Layers     | 8to11 (8 to 11 Layers) |
| Board Temperature (C) | 25.0                   |
+-----------------------+------------------------+


2.2 Clock Constraints
---------------------

+--------------------------------------------------------------------------------------------+---------------------------------------------------------------------------------+-----------------+
| Clock                                                                                      | Domain                                                                          | Constraint (ns) |
+--------------------------------------------------------------------------------------------+---------------------------------------------------------------------------------+-----------------+
| clk_fpga_0                                                                                 | system_i/processing_system7_0/inst/FCLK_CLK0                                    |            10.0 |
| clk_fpga_0                                                                                 | system_i/processing_system7_0/inst/FCLK_CLK_unbuffered[0]                       |            10.0 |
| clk_fpga_1                                                                                 | system_i/processing_system7_0/inst/FCLK_CLK_unbuffered[1]                       |             6.5 |
| clk_out1_system_clk_wiz_0_1                                                                | system_i/video_clk_wiz/inst/CLK_CORE_DRP_I/clk_inst/clk_out1_system_clk_wiz_0_1 |             6.7 |
| clkfbout_system_clk_wiz_0_1                                                                | system_i/video_clk_wiz/inst/CLK_CORE_DRP_I/clk_inst/clkfbout_system_clk_wiz_0_1 |            40.0 |
| dbg_hub/inst/BSCANID.u_xsdbm_id/SWITCH_N_EXT_BSCAN.bscan_inst/SERIES7_BSCAN.bscan_inst/TCK | dbg_hub/inst/BSCANID.u_xsdbm_id/SWITCH_N_EXT_BSCAN.bscan_inst/tck_bs            |            33.0 |
+--------------------------------------------------------------------------------------------+---------------------------------------------------------------------------------+-----------------+


3. Detailed Reports
-------------------

3.1 By Hierarchy
----------------

+--------------------------+-----------+
| Name                     | Power (W) |
+--------------------------+-----------+
| system_wrapper           |     1.869 |
|   dbg_hub                |     0.004 |
|     inst                 |     0.004 |
|       BSCANID.u_xsdbm_id |     0.004 |
|   hdmi_i2c_scl_iobuf     |     0.001 |
|   hdmi_i2c_sda_iobuf     |     0.001 |
|   system_i               |     1.845 |
|     processing_system7_0 |     1.614 |
|       inst               |     1.614 |
|     ps7_0_axi_periph     |     0.021 |
|       m02_couplers       |     0.002 |
|       s00_couplers       |     0.016 |
|       xbar               |     0.002 |
|     system_ila_0         |     0.014 |
|       inst               |     0.014 |
|     system_ila_1         |     0.015 |
|       inst               |     0.015 |
|     v_axi4s_vid_out_0    |     0.008 |
|       inst               |     0.008 |
|     v_tc_0               |     0.022 |
|       U0                 |     0.022 |
|     v_tpg_0              |     0.028 |
|       inst               |     0.028 |
|     video_clk_wiz        |     0.123 |
|       inst               |     0.123 |
+--------------------------+-----------+


