Copyright 1986-2018 Xilinx, Inc. All Rights Reserved.
---------------------------------------------------------------------------------------------------------------------------------
| Tool Version : Vivado v.2018.3 (lin64) Build 2405991 Thu Dec  6 23:36:41 MST 2018
| Date         : Tue Jan  5 19:54:06 2021
| Host         : archlinux running 64-bit Arch Linux
| Command      : report_drc -file system_wrapper_drc_opted.rpt -pb system_wrapper_drc_opted.pb -rpx system_wrapper_drc_opted.rpx
| Design       : system_wrapper
| Device       : xc7z020clg484-2
| Speed File   : -2
| Design State : Synthesized
---------------------------------------------------------------------------------------------------------------------------------

Report DRC

Table of Contents
-----------------
1. REPORT SUMMARY
2. REPORT DETAILS

1. REPORT SUMMARY
-----------------
            Netlist: netlist
          Floorplan: design_1
      Design limits: <entire design considered>
           Ruledeck: default
             Max violations: <unlimited>
             Violations found: 58
+-----------+----------+----------------------------+------------+
| Rule      | Severity | Description                | Violations |
+-----------+----------+----------------------------+------------+
| CHECK-3   | Warning  | Report rule limit reached  | 2          |
| DPIP-1    | Warning  | Input pipelining           | 6          |
| DPOP-1    | Warning  | PREG Output pipelining     | 2          |
| DPOP-2    | Warning  | MREG Output pipelining     | 8          |
| REQP-1839 | Warning  | RAMB36 async control check | 20         |
| REQP-1840 | Warning  | RAMB18 async control check | 20         |
+-----------+----------+----------------------------+------------+

2. REPORT DETAILS
-----------------
CHECK-3#1 Warning
Report rule limit reached  
REQP-1839 rule limit reached: 20 violations have been found.
Related violations: <none>

CHECK-3#2 Warning
Report rule limit reached  
REQP-1840 rule limit reached: 20 violations have been found.
Related violations: <none>

DPIP-1#1 Warning
Input pipelining  
DSP system_i/v_tpg_0/inst/tpgBackground_U0/grp_tpgPatternRainbow_fu_429/tmp2_reg_680_reg input system_i/v_tpg_0/inst/tpgBackground_U0/grp_tpgPatternRainbow_fu_429/tmp2_reg_680_reg/A[29:0] is not pipelined. Pipelining DSP48 input will improve performance.
Related violations: <none>

DPIP-1#2 Warning
Input pipelining  
DSP system_i/v_tpg_0/inst/tpgBackground_U0/grp_tpgPatternRainbow_fu_429/tmp_207_cast_reg_685_reg input system_i/v_tpg_0/inst/tpgBackground_U0/grp_tpgPatternRainbow_fu_429/tmp_207_cast_reg_685_reg/A[29:0] is not pipelined. Pipelining DSP48 input will improve performance.
Related violations: <none>

DPIP-1#3 Warning
Input pipelining  
DSP system_i/v_tpg_0/inst/tpgBackground_U0/grp_tpgPatternRainbow_fu_429/tmp_62_reg_675_reg input system_i/v_tpg_0/inst/tpgBackground_U0/grp_tpgPatternRainbow_fu_429/tmp_62_reg_675_reg/A[29:0] is not pipelined. Pipelining DSP48 input will improve performance.
Related violations: <none>

DPIP-1#4 Warning
Input pipelining  
DSP system_i/v_tpg_0/inst/tpgBackground_U0/grp_tpgPatternRainbow_fu_429/tmp_63_reg_695_reg input system_i/v_tpg_0/inst/tpgBackground_U0/grp_tpgPatternRainbow_fu_429/tmp_63_reg_695_reg/C[47:0] is not pipelined. Pipelining DSP48 input will improve performance.
Related violations: <none>

DPIP-1#5 Warning
Input pipelining  
DSP system_i/v_tpg_0/inst/tpgBackground_U0/grp_tpgPatternRainbow_fu_429/v_tpg_mac_muladd_6ns_8ns_16ns_17_1_1_U43/system_v_tpg_0_0_v_tpg_mac_muladd_6ns_8ns_16ns_17_1_1_DSP48_5_U/p input system_i/v_tpg_0/inst/tpgBackground_U0/grp_tpgPatternRainbow_fu_429/v_tpg_mac_muladd_6ns_8ns_16ns_17_1_1_U43/system_v_tpg_0_0_v_tpg_mac_muladd_6ns_8ns_16ns_17_1_1_DSP48_5_U/p/C[47:0] is not pipelined. Pipelining DSP48 input will improve performance.
Related violations: <none>

DPIP-1#6 Warning
Input pipelining  
DSP system_i/v_tpg_0/inst/tpgBackground_U0/grp_tpgPatternZonePlate_fu_438/v_tpg_mac_muladd_16s_16s_16s_16_1_1_U70/system_v_tpg_0_0_v_tpg_mac_muladd_16s_16s_16s_16_1_1_DSP48_8_U/p input system_i/v_tpg_0/inst/tpgBackground_U0/grp_tpgPatternZonePlate_fu_438/v_tpg_mac_muladd_16s_16s_16s_16_1_1_U70/system_v_tpg_0_0_v_tpg_mac_muladd_16s_16s_16s_16_1_1_DSP48_8_U/p/B[17:0] is not pipelined. Pipelining DSP48 input will improve performance.
Related violations: <none>

DPOP-1#1 Warning
PREG Output pipelining  
DSP system_i/v_tpg_0/inst/tpgBackground_U0/grp_tpgPatternRainbow_fu_429/v_tpg_mac_muladd_6ns_8ns_16ns_17_1_1_U43/system_v_tpg_0_0_v_tpg_mac_muladd_6ns_8ns_16ns_17_1_1_DSP48_5_U/p output system_i/v_tpg_0/inst/tpgBackground_U0/grp_tpgPatternRainbow_fu_429/v_tpg_mac_muladd_6ns_8ns_16ns_17_1_1_U43/system_v_tpg_0_0_v_tpg_mac_muladd_6ns_8ns_16ns_17_1_1_DSP48_5_U/p/P[47:0] is not pipelined (PREG=0). Pipelining the DSP48 output will improve performance and often saves power so it is suggested whenever possible to fully pipeline this function.  If this DSP48 function was inferred, it is suggested to describe an additional register stage after this function.  If the DSP48 was instantiated in the design, it is suggested to set the PREG attribute to 1.
Related violations: <none>

DPOP-1#2 Warning
PREG Output pipelining  
DSP system_i/v_tpg_0/inst/tpgBackground_U0/grp_tpgPatternZonePlate_fu_438/v_tpg_mac_muladd_16s_16s_16s_16_1_1_U70/system_v_tpg_0_0_v_tpg_mac_muladd_16s_16s_16s_16_1_1_DSP48_8_U/p output system_i/v_tpg_0/inst/tpgBackground_U0/grp_tpgPatternZonePlate_fu_438/v_tpg_mac_muladd_16s_16s_16s_16_1_1_U70/system_v_tpg_0_0_v_tpg_mac_muladd_16s_16s_16s_16_1_1_DSP48_8_U/p/P[47:0] is not pipelined (PREG=0). Pipelining the DSP48 output will improve performance and often saves power so it is suggested whenever possible to fully pipeline this function.  If this DSP48 function was inferred, it is suggested to describe an additional register stage after this function.  If the DSP48 was instantiated in the design, it is suggested to set the PREG attribute to 1.
Related violations: <none>

DPOP-2#1 Warning
MREG Output pipelining  
DSP system_i/v_tpg_0/inst/tpgBackground_U0/grp_tpgPatternRainbow_fu_429/tmp4_reg_705_reg multiplier stage system_i/v_tpg_0/inst/tpgBackground_U0/grp_tpgPatternRainbow_fu_429/tmp4_reg_705_reg/P[47:0] is not pipelined (MREG=0). Pipelining the multiplier function will improve performance and will save significant power so it is suggested whenever possible to fully pipeline this function.  If this multiplier was inferred, it is suggested to describe an additional register stage after this function.  If there is no registered adder/accumulator following the multiply function, two pipeline stages are suggested to allow both the MREG and PREG registers to be used.  If the DSP48 was instantiated in the design, it is suggested to set both the MREG and PREG attributes to 1 when performing multiply functions.
Related violations: <none>

DPOP-2#2 Warning
MREG Output pipelining  
DSP system_i/v_tpg_0/inst/tpgBackground_U0/grp_tpgPatternRainbow_fu_429/tmp_62_reg_675_reg multiplier stage system_i/v_tpg_0/inst/tpgBackground_U0/grp_tpgPatternRainbow_fu_429/tmp_62_reg_675_reg/P[47:0] is not pipelined (MREG=0). Pipelining the multiplier function will improve performance and will save significant power so it is suggested whenever possible to fully pipeline this function.  If this multiplier was inferred, it is suggested to describe an additional register stage after this function.  If there is no registered adder/accumulator following the multiply function, two pipeline stages are suggested to allow both the MREG and PREG registers to be used.  If the DSP48 was instantiated in the design, it is suggested to set both the MREG and PREG attributes to 1 when performing multiply functions.
Related violations: <none>

DPOP-2#3 Warning
MREG Output pipelining  
DSP system_i/v_tpg_0/inst/tpgBackground_U0/grp_tpgPatternRainbow_fu_429/tmp_63_reg_695_reg multiplier stage system_i/v_tpg_0/inst/tpgBackground_U0/grp_tpgPatternRainbow_fu_429/tmp_63_reg_695_reg/P[47:0] is not pipelined (MREG=0). Pipelining the multiplier function will improve performance and will save significant power so it is suggested whenever possible to fully pipeline this function.  If this multiplier was inferred, it is suggested to describe an additional register stage after this function.  If there is no registered adder/accumulator following the multiply function, two pipeline stages are suggested to allow both the MREG and PREG registers to be used.  If the DSP48 was instantiated in the design, it is suggested to set both the MREG and PREG attributes to 1 when performing multiply functions.
Related violations: <none>

DPOP-2#4 Warning
MREG Output pipelining  
DSP system_i/v_tpg_0/inst/tpgBackground_U0/grp_tpgPatternRainbow_fu_429/tmp_67_reg_700_reg multiplier stage system_i/v_tpg_0/inst/tpgBackground_U0/grp_tpgPatternRainbow_fu_429/tmp_67_reg_700_reg/P[47:0] is not pipelined (MREG=0). Pipelining the multiplier function will improve performance and will save significant power so it is suggested whenever possible to fully pipeline this function.  If this multiplier was inferred, it is suggested to describe an additional register stage after this function.  If there is no registered adder/accumulator following the multiply function, two pipeline stages are suggested to allow both the MREG and PREG registers to be used.  If the DSP48 was instantiated in the design, it is suggested to set both the MREG and PREG attributes to 1 when performing multiply functions.
Related violations: <none>

DPOP-2#5 Warning
MREG Output pipelining  
DSP system_i/v_tpg_0/inst/tpgBackground_U0/grp_tpgPatternRainbow_fu_429/v_tpg_mac_muladd_6ns_8ns_16ns_17_1_1_U43/system_v_tpg_0_0_v_tpg_mac_muladd_6ns_8ns_16ns_17_1_1_DSP48_5_U/p multiplier stage system_i/v_tpg_0/inst/tpgBackground_U0/grp_tpgPatternRainbow_fu_429/v_tpg_mac_muladd_6ns_8ns_16ns_17_1_1_U43/system_v_tpg_0_0_v_tpg_mac_muladd_6ns_8ns_16ns_17_1_1_DSP48_5_U/p/P[47:0] is not pipelined (MREG=0). Pipelining the multiplier function will improve performance and will save significant power so it is suggested whenever possible to fully pipeline this function.  If this multiplier was inferred, it is suggested to describe an additional register stage after this function.  If there is no registered adder/accumulator following the multiply function, two pipeline stages are suggested to allow both the MREG and PREG registers to be used.  If the DSP48 was instantiated in the design, it is suggested to set both the MREG and PREG attributes to 1 when performing multiply functions.
Related violations: <none>

DPOP-2#6 Warning
MREG Output pipelining  
DSP system_i/v_tpg_0/inst/tpgBackground_U0/grp_tpgPatternZonePlate_fu_438/tmp_23_reg_454_reg multiplier stage system_i/v_tpg_0/inst/tpgBackground_U0/grp_tpgPatternZonePlate_fu_438/tmp_23_reg_454_reg/P[47:0] is not pipelined (MREG=0). Pipelining the multiplier function will improve performance and will save significant power so it is suggested whenever possible to fully pipeline this function.  If this multiplier was inferred, it is suggested to describe an additional register stage after this function.  If there is no registered adder/accumulator following the multiply function, two pipeline stages are suggested to allow both the MREG and PREG registers to be used.  If the DSP48 was instantiated in the design, it is suggested to set both the MREG and PREG attributes to 1 when performing multiply functions.
Related violations: <none>

DPOP-2#7 Warning
MREG Output pipelining  
DSP system_i/v_tpg_0/inst/tpgBackground_U0/grp_tpgPatternZonePlate_fu_438/tmp_32_tr_reg_448_reg multiplier stage system_i/v_tpg_0/inst/tpgBackground_U0/grp_tpgPatternZonePlate_fu_438/tmp_32_tr_reg_448_reg/P[47:0] is not pipelined (MREG=0). Pipelining the multiplier function will improve performance and will save significant power so it is suggested whenever possible to fully pipeline this function.  If this multiplier was inferred, it is suggested to describe an additional register stage after this function.  If there is no registered adder/accumulator following the multiply function, two pipeline stages are suggested to allow both the MREG and PREG registers to be used.  If the DSP48 was instantiated in the design, it is suggested to set both the MREG and PREG attributes to 1 when performing multiply functions.
Related violations: <none>

DPOP-2#8 Warning
MREG Output pipelining  
DSP system_i/v_tpg_0/inst/tpgBackground_U0/grp_tpgPatternZonePlate_fu_438/v_tpg_mac_muladd_16s_16s_16s_16_1_1_U70/system_v_tpg_0_0_v_tpg_mac_muladd_16s_16s_16s_16_1_1_DSP48_8_U/p multiplier stage system_i/v_tpg_0/inst/tpgBackground_U0/grp_tpgPatternZonePlate_fu_438/v_tpg_mac_muladd_16s_16s_16s_16_1_1_U70/system_v_tpg_0_0_v_tpg_mac_muladd_16s_16s_16s_16_1_1_DSP48_8_U/p/P[47:0] is not pipelined (MREG=0). Pipelining the multiplier function will improve performance and will save significant power so it is suggested whenever possible to fully pipeline this function.  If this multiplier was inferred, it is suggested to describe an additional register stage after this function.  If there is no registered adder/accumulator following the multiply function, two pipeline stages are suggested to allow both the MREG and PREG registers to be used.  If the DSP48 was instantiated in the design, it is suggested to set both the MREG and PREG attributes to 1 when performing multiply functions.
Related violations: <none>

REQP-1839#1 Warning
RAMB36 async control check  
The RAMB36E1 system_i/v_tpg_0/inst/tpgBackground_U0/grp_tpgPatternZonePlate_fu_438/tmp_15_reg_433_reg_0 has an input control pin system_i/v_tpg_0/inst/tpgBackground_U0/grp_tpgPatternZonePlate_fu_438/tmp_15_reg_433_reg_0/ADDRARDADDR[11] (net: system_i/v_tpg_0/inst/tpgBackground_U0/grp_tpgPatternZonePlate_fu_438/p_0_in[7]) which is driven by a register (system_i/ps7_0_axi_periph/s00_couplers/auto_cc/inst/gen_clock_conv.gen_async_conv.asyncfifo_axi/inst_fifo_gen/gaxi_full_lite.gread_ch.grach2.axi_rach/grf.rf/gntv_or_sync_fifo.gl0.wr/gwas.wsts/ram_full_i_reg) that has an active asychronous set or reset. This may cause corruption of the memory contents and/or read values when the set/reset is asserted and is not analyzed by the default static timing analysis. It is suggested to eliminate the use of a set/reset to registers driving this RAMB pin or else use a synchronous reset in which the assertion of the reset is timed by default.
Related violations: <none>

REQP-1839#2 Warning
RAMB36 async control check  
The RAMB36E1 system_i/v_tpg_0/inst/tpgBackground_U0/grp_tpgPatternZonePlate_fu_438/tmp_15_reg_433_reg_0 has an input control pin system_i/v_tpg_0/inst/tpgBackground_U0/grp_tpgPatternZonePlate_fu_438/tmp_15_reg_433_reg_0/ADDRARDADDR[11] (net: system_i/v_tpg_0/inst/tpgBackground_U0/grp_tpgPatternZonePlate_fu_438/p_0_in[7]) which is driven by a register (system_i/ps7_0_axi_periph/s00_couplers/auto_cc/inst/gen_clock_conv.gen_async_conv.asyncfifo_axi/inst_fifo_gen/gaxi_full_lite.gwrite_ch.gwdch2.axi_wdch/grf.rf/gntv_or_sync_fifo.gl0.rd/gr1.gr1_int.rfwft/empty_fwft_i_reg) that has an active asychronous set or reset. This may cause corruption of the memory contents and/or read values when the set/reset is asserted and is not analyzed by the default static timing analysis. It is suggested to eliminate the use of a set/reset to registers driving this RAMB pin or else use a synchronous reset in which the assertion of the reset is timed by default.
Related violations: <none>

REQP-1839#3 Warning
RAMB36 async control check  
The RAMB36E1 system_i/v_tpg_0/inst/tpgBackground_U0/grp_tpgPatternZonePlate_fu_438/tmp_15_reg_433_reg_0 has an input control pin system_i/v_tpg_0/inst/tpgBackground_U0/grp_tpgPatternZonePlate_fu_438/tmp_15_reg_433_reg_0/ADDRARDADDR[12] (net: system_i/v_tpg_0/inst/tpgBackground_U0/grp_tpgPatternZonePlate_fu_438/p_0_in[8]) which is driven by a register (system_i/ps7_0_axi_periph/s00_couplers/auto_cc/inst/gen_clock_conv.gen_async_conv.asyncfifo_axi/inst_fifo_gen/gaxi_full_lite.gread_ch.grach2.axi_rach/grf.rf/gntv_or_sync_fifo.gl0.wr/gwas.wsts/ram_full_i_reg) that has an active asychronous set or reset. This may cause corruption of the memory contents and/or read values when the set/reset is asserted and is not analyzed by the default static timing analysis. It is suggested to eliminate the use of a set/reset to registers driving this RAMB pin or else use a synchronous reset in which the assertion of the reset is timed by default.
Related violations: <none>

REQP-1839#4 Warning
RAMB36 async control check  
The RAMB36E1 system_i/v_tpg_0/inst/tpgBackground_U0/grp_tpgPatternZonePlate_fu_438/tmp_15_reg_433_reg_0 has an input control pin system_i/v_tpg_0/inst/tpgBackground_U0/grp_tpgPatternZonePlate_fu_438/tmp_15_reg_433_reg_0/ADDRARDADDR[12] (net: system_i/v_tpg_0/inst/tpgBackground_U0/grp_tpgPatternZonePlate_fu_438/p_0_in[8]) which is driven by a register (system_i/ps7_0_axi_periph/s00_couplers/auto_cc/inst/gen_clock_conv.gen_async_conv.asyncfifo_axi/inst_fifo_gen/gaxi_full_lite.gread_ch.grdch2.axi_rdch/grf.rf/gntv_or_sync_fifo.gl0.rd/gr1.gr1_int.rfwft/empty_fwft_i_reg) that has an active asychronous set or reset. This may cause corruption of the memory contents and/or read values when the set/reset is asserted and is not analyzed by the default static timing analysis. It is suggested to eliminate the use of a set/reset to registers driving this RAMB pin or else use a synchronous reset in which the assertion of the reset is timed by default.
Related violations: <none>

REQP-1839#5 Warning
RAMB36 async control check  
The RAMB36E1 system_i/v_tpg_0/inst/tpgBackground_U0/grp_tpgPatternZonePlate_fu_438/tmp_15_reg_433_reg_0 has an input control pin system_i/v_tpg_0/inst/tpgBackground_U0/grp_tpgPatternZonePlate_fu_438/tmp_15_reg_433_reg_0/ADDRARDADDR[12] (net: system_i/v_tpg_0/inst/tpgBackground_U0/grp_tpgPatternZonePlate_fu_438/p_0_in[8]) which is driven by a register (system_i/ps7_0_axi_periph/s00_couplers/auto_cc/inst/gen_clock_conv.gen_async_conv.asyncfifo_axi/inst_fifo_gen/gaxi_full_lite.gwrite_ch.gwach2.axi_wach/grf.rf/gntv_or_sync_fifo.gl0.wr/gwas.wsts/ram_full_i_reg) that has an active asychronous set or reset. This may cause corruption of the memory contents and/or read values when the set/reset is asserted and is not analyzed by the default static timing analysis. It is suggested to eliminate the use of a set/reset to registers driving this RAMB pin or else use a synchronous reset in which the assertion of the reset is timed by default.
Related violations: <none>

REQP-1839#6 Warning
RAMB36 async control check  
The RAMB36E1 system_i/v_tpg_0/inst/tpgBackground_U0/grp_tpgPatternZonePlate_fu_438/tmp_15_reg_433_reg_0 has an input control pin system_i/v_tpg_0/inst/tpgBackground_U0/grp_tpgPatternZonePlate_fu_438/tmp_15_reg_433_reg_0/ADDRARDADDR[12] (net: system_i/v_tpg_0/inst/tpgBackground_U0/grp_tpgPatternZonePlate_fu_438/p_0_in[8]) which is driven by a register (system_i/ps7_0_axi_periph/s00_couplers/auto_cc/inst/gen_clock_conv.gen_async_conv.asyncfifo_axi/inst_fifo_gen/gaxi_full_lite.gwrite_ch.gwdch2.axi_wdch/grf.rf/gntv_or_sync_fifo.gl0.rd/gr1.gr1_int.rfwft/empty_fwft_i_reg) that has an active asychronous set or reset. This may cause corruption of the memory contents and/or read values when the set/reset is asserted and is not analyzed by the default static timing analysis. It is suggested to eliminate the use of a set/reset to registers driving this RAMB pin or else use a synchronous reset in which the assertion of the reset is timed by default.
Related violations: <none>

REQP-1839#7 Warning
RAMB36 async control check  
The RAMB36E1 system_i/v_tpg_0/inst/tpgBackground_U0/grp_tpgPatternZonePlate_fu_438/tmp_15_reg_433_reg_0 has an input control pin system_i/v_tpg_0/inst/tpgBackground_U0/grp_tpgPatternZonePlate_fu_438/tmp_15_reg_433_reg_0/ADDRARDADDR[12] (net: system_i/v_tpg_0/inst/tpgBackground_U0/grp_tpgPatternZonePlate_fu_438/p_0_in[8]) which is driven by a register (system_i/ps7_0_axi_periph/s00_couplers/auto_cc/inst/gen_clock_conv.gen_async_conv.asyncfifo_axi/inst_fifo_gen/gaxi_full_lite.gwrite_ch.gwdch2.axi_wdch/grf.rf/gntv_or_sync_fifo.gl0.wr/gwas.wsts/ram_full_i_reg) that has an active asychronous set or reset. This may cause corruption of the memory contents and/or read values when the set/reset is asserted and is not analyzed by the default static timing analysis. It is suggested to eliminate the use of a set/reset to registers driving this RAMB pin or else use a synchronous reset in which the assertion of the reset is timed by default.
Related violations: <none>

REQP-1839#8 Warning
RAMB36 async control check  
The RAMB36E1 system_i/v_tpg_0/inst/tpgBackground_U0/grp_tpgPatternZonePlate_fu_438/tmp_15_reg_433_reg_0 has an input control pin system_i/v_tpg_0/inst/tpgBackground_U0/grp_tpgPatternZonePlate_fu_438/tmp_15_reg_433_reg_0/ADDRARDADDR[12] (net: system_i/v_tpg_0/inst/tpgBackground_U0/grp_tpgPatternZonePlate_fu_438/p_0_in[8]) which is driven by a register (system_i/ps7_0_axi_periph/s00_couplers/auto_cc/inst/gen_clock_conv.gen_async_conv.asyncfifo_axi/inst_fifo_gen/gaxi_full_lite.gwrite_ch.gwrch2.axi_wrch/grf.rf/gntv_or_sync_fifo.gl0.rd/gr1.gr1_int.rfwft/empty_fwft_i_reg) that has an active asychronous set or reset. This may cause corruption of the memory contents and/or read values when the set/reset is asserted and is not analyzed by the default static timing analysis. It is suggested to eliminate the use of a set/reset to registers driving this RAMB pin or else use a synchronous reset in which the assertion of the reset is timed by default.
Related violations: <none>

REQP-1839#9 Warning
RAMB36 async control check  
The RAMB36E1 system_i/v_tpg_0/inst/tpgBackground_U0/grp_tpgPatternZonePlate_fu_438/tmp_15_reg_433_reg_0 has an input control pin system_i/v_tpg_0/inst/tpgBackground_U0/grp_tpgPatternZonePlate_fu_438/tmp_15_reg_433_reg_0/ADDRARDADDR[13] (net: system_i/v_tpg_0/inst/tpgBackground_U0/grp_tpgPatternZonePlate_fu_438/p_0_in[9]) which is driven by a register (system_i/ps7_0_axi_periph/s00_couplers/auto_cc/inst/gen_clock_conv.gen_async_conv.asyncfifo_axi/inst_fifo_gen/gaxi_full_lite.gread_ch.grach2.axi_rach/grf.rf/gntv_or_sync_fifo.gl0.wr/gwas.wsts/ram_full_i_reg) that has an active asychronous set or reset. This may cause corruption of the memory contents and/or read values when the set/reset is asserted and is not analyzed by the default static timing analysis. It is suggested to eliminate the use of a set/reset to registers driving this RAMB pin or else use a synchronous reset in which the assertion of the reset is timed by default.
Related violations: <none>

REQP-1839#10 Warning
RAMB36 async control check  
The RAMB36E1 system_i/v_tpg_0/inst/tpgBackground_U0/grp_tpgPatternZonePlate_fu_438/tmp_15_reg_433_reg_0 has an input control pin system_i/v_tpg_0/inst/tpgBackground_U0/grp_tpgPatternZonePlate_fu_438/tmp_15_reg_433_reg_0/ADDRARDADDR[13] (net: system_i/v_tpg_0/inst/tpgBackground_U0/grp_tpgPatternZonePlate_fu_438/p_0_in[9]) which is driven by a register (system_i/ps7_0_axi_periph/s00_couplers/auto_cc/inst/gen_clock_conv.gen_async_conv.asyncfifo_axi/inst_fifo_gen/gaxi_full_lite.gread_ch.grdch2.axi_rdch/grf.rf/gntv_or_sync_fifo.gl0.rd/gr1.gr1_int.rfwft/empty_fwft_i_reg) that has an active asychronous set or reset. This may cause corruption of the memory contents and/or read values when the set/reset is asserted and is not analyzed by the default static timing analysis. It is suggested to eliminate the use of a set/reset to registers driving this RAMB pin or else use a synchronous reset in which the assertion of the reset is timed by default.
Related violations: <none>

REQP-1839#11 Warning
RAMB36 async control check  
The RAMB36E1 system_i/v_tpg_0/inst/tpgBackground_U0/grp_tpgPatternZonePlate_fu_438/tmp_15_reg_433_reg_0 has an input control pin system_i/v_tpg_0/inst/tpgBackground_U0/grp_tpgPatternZonePlate_fu_438/tmp_15_reg_433_reg_0/ADDRARDADDR[13] (net: system_i/v_tpg_0/inst/tpgBackground_U0/grp_tpgPatternZonePlate_fu_438/p_0_in[9]) which is driven by a register (system_i/ps7_0_axi_periph/s00_couplers/auto_cc/inst/gen_clock_conv.gen_async_conv.asyncfifo_axi/inst_fifo_gen/gaxi_full_lite.gwrite_ch.gwach2.axi_wach/grf.rf/gntv_or_sync_fifo.gl0.wr/gwas.wsts/ram_full_i_reg) that has an active asychronous set or reset. This may cause corruption of the memory contents and/or read values when the set/reset is asserted and is not analyzed by the default static timing analysis. It is suggested to eliminate the use of a set/reset to registers driving this RAMB pin or else use a synchronous reset in which the assertion of the reset is timed by default.
Related violations: <none>

REQP-1839#12 Warning
RAMB36 async control check  
The RAMB36E1 system_i/v_tpg_0/inst/tpgBackground_U0/grp_tpgPatternZonePlate_fu_438/tmp_15_reg_433_reg_0 has an input control pin system_i/v_tpg_0/inst/tpgBackground_U0/grp_tpgPatternZonePlate_fu_438/tmp_15_reg_433_reg_0/ADDRARDADDR[13] (net: system_i/v_tpg_0/inst/tpgBackground_U0/grp_tpgPatternZonePlate_fu_438/p_0_in[9]) which is driven by a register (system_i/ps7_0_axi_periph/s00_couplers/auto_cc/inst/gen_clock_conv.gen_async_conv.asyncfifo_axi/inst_fifo_gen/gaxi_full_lite.gwrite_ch.gwdch2.axi_wdch/grf.rf/gntv_or_sync_fifo.gl0.rd/gr1.gr1_int.rfwft/empty_fwft_i_reg) that has an active asychronous set or reset. This may cause corruption of the memory contents and/or read values when the set/reset is asserted and is not analyzed by the default static timing analysis. It is suggested to eliminate the use of a set/reset to registers driving this RAMB pin or else use a synchronous reset in which the assertion of the reset is timed by default.
Related violations: <none>

REQP-1839#13 Warning
RAMB36 async control check  
The RAMB36E1 system_i/v_tpg_0/inst/tpgBackground_U0/grp_tpgPatternZonePlate_fu_438/tmp_15_reg_433_reg_0 has an input control pin system_i/v_tpg_0/inst/tpgBackground_U0/grp_tpgPatternZonePlate_fu_438/tmp_15_reg_433_reg_0/ADDRARDADDR[13] (net: system_i/v_tpg_0/inst/tpgBackground_U0/grp_tpgPatternZonePlate_fu_438/p_0_in[9]) which is driven by a register (system_i/ps7_0_axi_periph/s00_couplers/auto_cc/inst/gen_clock_conv.gen_async_conv.asyncfifo_axi/inst_fifo_gen/gaxi_full_lite.gwrite_ch.gwdch2.axi_wdch/grf.rf/gntv_or_sync_fifo.gl0.wr/gwas.wsts/ram_full_i_reg) that has an active asychronous set or reset. This may cause corruption of the memory contents and/or read values when the set/reset is asserted and is not analyzed by the default static timing analysis. It is suggested to eliminate the use of a set/reset to registers driving this RAMB pin or else use a synchronous reset in which the assertion of the reset is timed by default.
Related violations: <none>

REQP-1839#14 Warning
RAMB36 async control check  
The RAMB36E1 system_i/v_tpg_0/inst/tpgBackground_U0/grp_tpgPatternZonePlate_fu_438/tmp_15_reg_433_reg_0 has an input control pin system_i/v_tpg_0/inst/tpgBackground_U0/grp_tpgPatternZonePlate_fu_438/tmp_15_reg_433_reg_0/ADDRARDADDR[13] (net: system_i/v_tpg_0/inst/tpgBackground_U0/grp_tpgPatternZonePlate_fu_438/p_0_in[9]) which is driven by a register (system_i/ps7_0_axi_periph/s00_couplers/auto_cc/inst/gen_clock_conv.gen_async_conv.asyncfifo_axi/inst_fifo_gen/gaxi_full_lite.gwrite_ch.gwrch2.axi_wrch/grf.rf/gntv_or_sync_fifo.gl0.rd/gr1.gr1_int.rfwft/empty_fwft_i_reg) that has an active asychronous set or reset. This may cause corruption of the memory contents and/or read values when the set/reset is asserted and is not analyzed by the default static timing analysis. It is suggested to eliminate the use of a set/reset to registers driving this RAMB pin or else use a synchronous reset in which the assertion of the reset is timed by default.
Related violations: <none>

REQP-1839#15 Warning
RAMB36 async control check  
The RAMB36E1 system_i/v_tpg_0/inst/tpgBackground_U0/grp_tpgPatternZonePlate_fu_438/tmp_15_reg_433_reg_0 has an input control pin system_i/v_tpg_0/inst/tpgBackground_U0/grp_tpgPatternZonePlate_fu_438/tmp_15_reg_433_reg_0/ADDRARDADDR[14] (net: system_i/v_tpg_0/inst/tpgBackground_U0/grp_tpgPatternZonePlate_fu_438/p_0_in[10]) which is driven by a register (system_i/ps7_0_axi_periph/s00_couplers/auto_cc/inst/gen_clock_conv.gen_async_conv.asyncfifo_axi/inst_fifo_gen/gaxi_full_lite.gread_ch.grach2.axi_rach/grf.rf/gntv_or_sync_fifo.gl0.wr/gwas.wsts/ram_full_i_reg) that has an active asychronous set or reset. This may cause corruption of the memory contents and/or read values when the set/reset is asserted and is not analyzed by the default static timing analysis. It is suggested to eliminate the use of a set/reset to registers driving this RAMB pin or else use a synchronous reset in which the assertion of the reset is timed by default.
Related violations: <none>

REQP-1839#16 Warning
RAMB36 async control check  
The RAMB36E1 system_i/v_tpg_0/inst/tpgBackground_U0/grp_tpgPatternZonePlate_fu_438/tmp_15_reg_433_reg_0 has an input control pin system_i/v_tpg_0/inst/tpgBackground_U0/grp_tpgPatternZonePlate_fu_438/tmp_15_reg_433_reg_0/ADDRARDADDR[14] (net: system_i/v_tpg_0/inst/tpgBackground_U0/grp_tpgPatternZonePlate_fu_438/p_0_in[10]) which is driven by a register (system_i/ps7_0_axi_periph/s00_couplers/auto_cc/inst/gen_clock_conv.gen_async_conv.asyncfifo_axi/inst_fifo_gen/gaxi_full_lite.gread_ch.grdch2.axi_rdch/grf.rf/gntv_or_sync_fifo.gl0.rd/gr1.gr1_int.rfwft/empty_fwft_i_reg) that has an active asychronous set or reset. This may cause corruption of the memory contents and/or read values when the set/reset is asserted and is not analyzed by the default static timing analysis. It is suggested to eliminate the use of a set/reset to registers driving this RAMB pin or else use a synchronous reset in which the assertion of the reset is timed by default.
Related violations: <none>

REQP-1839#17 Warning
RAMB36 async control check  
The RAMB36E1 system_i/v_tpg_0/inst/tpgBackground_U0/grp_tpgPatternZonePlate_fu_438/tmp_15_reg_433_reg_0 has an input control pin system_i/v_tpg_0/inst/tpgBackground_U0/grp_tpgPatternZonePlate_fu_438/tmp_15_reg_433_reg_0/ADDRARDADDR[14] (net: system_i/v_tpg_0/inst/tpgBackground_U0/grp_tpgPatternZonePlate_fu_438/p_0_in[10]) which is driven by a register (system_i/ps7_0_axi_periph/s00_couplers/auto_cc/inst/gen_clock_conv.gen_async_conv.asyncfifo_axi/inst_fifo_gen/gaxi_full_lite.gwrite_ch.gwach2.axi_wach/grf.rf/gntv_or_sync_fifo.gl0.wr/gwas.wsts/ram_full_i_reg) that has an active asychronous set or reset. This may cause corruption of the memory contents and/or read values when the set/reset is asserted and is not analyzed by the default static timing analysis. It is suggested to eliminate the use of a set/reset to registers driving this RAMB pin or else use a synchronous reset in which the assertion of the reset is timed by default.
Related violations: <none>

REQP-1839#18 Warning
RAMB36 async control check  
The RAMB36E1 system_i/v_tpg_0/inst/tpgBackground_U0/grp_tpgPatternZonePlate_fu_438/tmp_15_reg_433_reg_0 has an input control pin system_i/v_tpg_0/inst/tpgBackground_U0/grp_tpgPatternZonePlate_fu_438/tmp_15_reg_433_reg_0/ADDRARDADDR[14] (net: system_i/v_tpg_0/inst/tpgBackground_U0/grp_tpgPatternZonePlate_fu_438/p_0_in[10]) which is driven by a register (system_i/ps7_0_axi_periph/s00_couplers/auto_cc/inst/gen_clock_conv.gen_async_conv.asyncfifo_axi/inst_fifo_gen/gaxi_full_lite.gwrite_ch.gwdch2.axi_wdch/grf.rf/gntv_or_sync_fifo.gl0.rd/gr1.gr1_int.rfwft/empty_fwft_i_reg) that has an active asychronous set or reset. This may cause corruption of the memory contents and/or read values when the set/reset is asserted and is not analyzed by the default static timing analysis. It is suggested to eliminate the use of a set/reset to registers driving this RAMB pin or else use a synchronous reset in which the assertion of the reset is timed by default.
Related violations: <none>

REQP-1839#19 Warning
RAMB36 async control check  
The RAMB36E1 system_i/v_tpg_0/inst/tpgBackground_U0/grp_tpgPatternZonePlate_fu_438/tmp_15_reg_433_reg_0 has an input control pin system_i/v_tpg_0/inst/tpgBackground_U0/grp_tpgPatternZonePlate_fu_438/tmp_15_reg_433_reg_0/ADDRARDADDR[14] (net: system_i/v_tpg_0/inst/tpgBackground_U0/grp_tpgPatternZonePlate_fu_438/p_0_in[10]) which is driven by a register (system_i/ps7_0_axi_periph/s00_couplers/auto_cc/inst/gen_clock_conv.gen_async_conv.asyncfifo_axi/inst_fifo_gen/gaxi_full_lite.gwrite_ch.gwdch2.axi_wdch/grf.rf/gntv_or_sync_fifo.gl0.wr/gwas.wsts/ram_full_i_reg) that has an active asychronous set or reset. This may cause corruption of the memory contents and/or read values when the set/reset is asserted and is not analyzed by the default static timing analysis. It is suggested to eliminate the use of a set/reset to registers driving this RAMB pin or else use a synchronous reset in which the assertion of the reset is timed by default.
Related violations: <none>

REQP-1839#20 Warning
RAMB36 async control check  
The RAMB36E1 system_i/v_tpg_0/inst/tpgBackground_U0/grp_tpgPatternZonePlate_fu_438/tmp_15_reg_433_reg_0 has an input control pin system_i/v_tpg_0/inst/tpgBackground_U0/grp_tpgPatternZonePlate_fu_438/tmp_15_reg_433_reg_0/ADDRARDADDR[14] (net: system_i/v_tpg_0/inst/tpgBackground_U0/grp_tpgPatternZonePlate_fu_438/p_0_in[10]) which is driven by a register (system_i/ps7_0_axi_periph/s00_couplers/auto_cc/inst/gen_clock_conv.gen_async_conv.asyncfifo_axi/inst_fifo_gen/gaxi_full_lite.gwrite_ch.gwrch2.axi_wrch/grf.rf/gntv_or_sync_fifo.gl0.rd/gr1.gr1_int.rfwft/empty_fwft_i_reg) that has an active asychronous set or reset. This may cause corruption of the memory contents and/or read values when the set/reset is asserted and is not analyzed by the default static timing analysis. It is suggested to eliminate the use of a set/reset to registers driving this RAMB pin or else use a synchronous reset in which the assertion of the reset is timed by default.
Related violations: <none>

REQP-1840#1 Warning
RAMB18 async control check  
The RAMB18E1 system_i/v_tpg_0/inst/tpgBackground_U0/grp_tpgPatternZonePlate_fu_438/tmp_15_reg_433_reg_1 has an input control pin system_i/v_tpg_0/inst/tpgBackground_U0/grp_tpgPatternZonePlate_fu_438/tmp_15_reg_433_reg_1/ADDRARDADDR[10] (net: system_i/v_tpg_0/inst/tpgBackground_U0/grp_tpgPatternZonePlate_fu_438/p_0_in[7]) which is driven by a register (system_i/ps7_0_axi_periph/s00_couplers/auto_cc/inst/gen_clock_conv.gen_async_conv.asyncfifo_axi/inst_fifo_gen/gaxi_full_lite.gread_ch.grach2.axi_rach/grf.rf/gntv_or_sync_fifo.gl0.wr/gwas.wsts/ram_full_i_reg) that has an active asychronous set or reset. This may cause corruption of the memory contents and/or read values when the set/reset is asserted and is not analyzed by the default static timing analysis. It is suggested to eliminate the use of a set/reset to registers driving this RAMB pin or else use a synchronous reset in which the assertion of the reset is timed by default.
Related violations: <none>

REQP-1840#2 Warning
RAMB18 async control check  
The RAMB18E1 system_i/v_tpg_0/inst/tpgBackground_U0/grp_tpgPatternZonePlate_fu_438/tmp_15_reg_433_reg_1 has an input control pin system_i/v_tpg_0/inst/tpgBackground_U0/grp_tpgPatternZonePlate_fu_438/tmp_15_reg_433_reg_1/ADDRARDADDR[10] (net: system_i/v_tpg_0/inst/tpgBackground_U0/grp_tpgPatternZonePlate_fu_438/p_0_in[7]) which is driven by a register (system_i/ps7_0_axi_periph/s00_couplers/auto_cc/inst/gen_clock_conv.gen_async_conv.asyncfifo_axi/inst_fifo_gen/gaxi_full_lite.gwrite_ch.gwdch2.axi_wdch/grf.rf/gntv_or_sync_fifo.gl0.rd/gr1.gr1_int.rfwft/empty_fwft_i_reg) that has an active asychronous set or reset. This may cause corruption of the memory contents and/or read values when the set/reset is asserted and is not analyzed by the default static timing analysis. It is suggested to eliminate the use of a set/reset to registers driving this RAMB pin or else use a synchronous reset in which the assertion of the reset is timed by default.
Related violations: <none>

REQP-1840#3 Warning
RAMB18 async control check  
The RAMB18E1 system_i/v_tpg_0/inst/tpgBackground_U0/grp_tpgPatternZonePlate_fu_438/tmp_15_reg_433_reg_1 has an input control pin system_i/v_tpg_0/inst/tpgBackground_U0/grp_tpgPatternZonePlate_fu_438/tmp_15_reg_433_reg_1/ADDRARDADDR[11] (net: system_i/v_tpg_0/inst/tpgBackground_U0/grp_tpgPatternZonePlate_fu_438/p_0_in[8]) which is driven by a register (system_i/ps7_0_axi_periph/s00_couplers/auto_cc/inst/gen_clock_conv.gen_async_conv.asyncfifo_axi/inst_fifo_gen/gaxi_full_lite.gread_ch.grach2.axi_rach/grf.rf/gntv_or_sync_fifo.gl0.wr/gwas.wsts/ram_full_i_reg) that has an active asychronous set or reset. This may cause corruption of the memory contents and/or read values when the set/reset is asserted and is not analyzed by the default static timing analysis. It is suggested to eliminate the use of a set/reset to registers driving this RAMB pin or else use a synchronous reset in which the assertion of the reset is timed by default.
Related violations: <none>

REQP-1840#4 Warning
RAMB18 async control check  
The RAMB18E1 system_i/v_tpg_0/inst/tpgBackground_U0/grp_tpgPatternZonePlate_fu_438/tmp_15_reg_433_reg_1 has an input control pin system_i/v_tpg_0/inst/tpgBackground_U0/grp_tpgPatternZonePlate_fu_438/tmp_15_reg_433_reg_1/ADDRARDADDR[11] (net: system_i/v_tpg_0/inst/tpgBackground_U0/grp_tpgPatternZonePlate_fu_438/p_0_in[8]) which is driven by a register (system_i/ps7_0_axi_periph/s00_couplers/auto_cc/inst/gen_clock_conv.gen_async_conv.asyncfifo_axi/inst_fifo_gen/gaxi_full_lite.gread_ch.grdch2.axi_rdch/grf.rf/gntv_or_sync_fifo.gl0.rd/gr1.gr1_int.rfwft/empty_fwft_i_reg) that has an active asychronous set or reset. This may cause corruption of the memory contents and/or read values when the set/reset is asserted and is not analyzed by the default static timing analysis. It is suggested to eliminate the use of a set/reset to registers driving this RAMB pin or else use a synchronous reset in which the assertion of the reset is timed by default.
Related violations: <none>

REQP-1840#5 Warning
RAMB18 async control check  
The RAMB18E1 system_i/v_tpg_0/inst/tpgBackground_U0/grp_tpgPatternZonePlate_fu_438/tmp_15_reg_433_reg_1 has an input control pin system_i/v_tpg_0/inst/tpgBackground_U0/grp_tpgPatternZonePlate_fu_438/tmp_15_reg_433_reg_1/ADDRARDADDR[11] (net: system_i/v_tpg_0/inst/tpgBackground_U0/grp_tpgPatternZonePlate_fu_438/p_0_in[8]) which is driven by a register (system_i/ps7_0_axi_periph/s00_couplers/auto_cc/inst/gen_clock_conv.gen_async_conv.asyncfifo_axi/inst_fifo_gen/gaxi_full_lite.gwrite_ch.gwach2.axi_wach/grf.rf/gntv_or_sync_fifo.gl0.wr/gwas.wsts/ram_full_i_reg) that has an active asychronous set or reset. This may cause corruption of the memory contents and/or read values when the set/reset is asserted and is not analyzed by the default static timing analysis. It is suggested to eliminate the use of a set/reset to registers driving this RAMB pin or else use a synchronous reset in which the assertion of the reset is timed by default.
Related violations: <none>

REQP-1840#6 Warning
RAMB18 async control check  
The RAMB18E1 system_i/v_tpg_0/inst/tpgBackground_U0/grp_tpgPatternZonePlate_fu_438/tmp_15_reg_433_reg_1 has an input control pin system_i/v_tpg_0/inst/tpgBackground_U0/grp_tpgPatternZonePlate_fu_438/tmp_15_reg_433_reg_1/ADDRARDADDR[11] (net: system_i/v_tpg_0/inst/tpgBackground_U0/grp_tpgPatternZonePlate_fu_438/p_0_in[8]) which is driven by a register (system_i/ps7_0_axi_periph/s00_couplers/auto_cc/inst/gen_clock_conv.gen_async_conv.asyncfifo_axi/inst_fifo_gen/gaxi_full_lite.gwrite_ch.gwdch2.axi_wdch/grf.rf/gntv_or_sync_fifo.gl0.rd/gr1.gr1_int.rfwft/empty_fwft_i_reg) that has an active asychronous set or reset. This may cause corruption of the memory contents and/or read values when the set/reset is asserted and is not analyzed by the default static timing analysis. It is suggested to eliminate the use of a set/reset to registers driving this RAMB pin or else use a synchronous reset in which the assertion of the reset is timed by default.
Related violations: <none>

REQP-1840#7 Warning
RAMB18 async control check  
The RAMB18E1 system_i/v_tpg_0/inst/tpgBackground_U0/grp_tpgPatternZonePlate_fu_438/tmp_15_reg_433_reg_1 has an input control pin system_i/v_tpg_0/inst/tpgBackground_U0/grp_tpgPatternZonePlate_fu_438/tmp_15_reg_433_reg_1/ADDRARDADDR[11] (net: system_i/v_tpg_0/inst/tpgBackground_U0/grp_tpgPatternZonePlate_fu_438/p_0_in[8]) which is driven by a register (system_i/ps7_0_axi_periph/s00_couplers/auto_cc/inst/gen_clock_conv.gen_async_conv.asyncfifo_axi/inst_fifo_gen/gaxi_full_lite.gwrite_ch.gwdch2.axi_wdch/grf.rf/gntv_or_sync_fifo.gl0.wr/gwas.wsts/ram_full_i_reg) that has an active asychronous set or reset. This may cause corruption of the memory contents and/or read values when the set/reset is asserted and is not analyzed by the default static timing analysis. It is suggested to eliminate the use of a set/reset to registers driving this RAMB pin or else use a synchronous reset in which the assertion of the reset is timed by default.
Related violations: <none>

REQP-1840#8 Warning
RAMB18 async control check  
The RAMB18E1 system_i/v_tpg_0/inst/tpgBackground_U0/grp_tpgPatternZonePlate_fu_438/tmp_15_reg_433_reg_1 has an input control pin system_i/v_tpg_0/inst/tpgBackground_U0/grp_tpgPatternZonePlate_fu_438/tmp_15_reg_433_reg_1/ADDRARDADDR[11] (net: system_i/v_tpg_0/inst/tpgBackground_U0/grp_tpgPatternZonePlate_fu_438/p_0_in[8]) which is driven by a register (system_i/ps7_0_axi_periph/s00_couplers/auto_cc/inst/gen_clock_conv.gen_async_conv.asyncfifo_axi/inst_fifo_gen/gaxi_full_lite.gwrite_ch.gwrch2.axi_wrch/grf.rf/gntv_or_sync_fifo.gl0.rd/gr1.gr1_int.rfwft/empty_fwft_i_reg) that has an active asychronous set or reset. This may cause corruption of the memory contents and/or read values when the set/reset is asserted and is not analyzed by the default static timing analysis. It is suggested to eliminate the use of a set/reset to registers driving this RAMB pin or else use a synchronous reset in which the assertion of the reset is timed by default.
Related violations: <none>

REQP-1840#9 Warning
RAMB18 async control check  
The RAMB18E1 system_i/v_tpg_0/inst/tpgBackground_U0/grp_tpgPatternZonePlate_fu_438/tmp_15_reg_433_reg_1 has an input control pin system_i/v_tpg_0/inst/tpgBackground_U0/grp_tpgPatternZonePlate_fu_438/tmp_15_reg_433_reg_1/ADDRARDADDR[12] (net: system_i/v_tpg_0/inst/tpgBackground_U0/grp_tpgPatternZonePlate_fu_438/p_0_in[9]) which is driven by a register (system_i/ps7_0_axi_periph/s00_couplers/auto_cc/inst/gen_clock_conv.gen_async_conv.asyncfifo_axi/inst_fifo_gen/gaxi_full_lite.gread_ch.grach2.axi_rach/grf.rf/gntv_or_sync_fifo.gl0.wr/gwas.wsts/ram_full_i_reg) that has an active asychronous set or reset. This may cause corruption of the memory contents and/or read values when the set/reset is asserted and is not analyzed by the default static timing analysis. It is suggested to eliminate the use of a set/reset to registers driving this RAMB pin or else use a synchronous reset in which the assertion of the reset is timed by default.
Related violations: <none>

REQP-1840#10 Warning
RAMB18 async control check  
The RAMB18E1 system_i/v_tpg_0/inst/tpgBackground_U0/grp_tpgPatternZonePlate_fu_438/tmp_15_reg_433_reg_1 has an input control pin system_i/v_tpg_0/inst/tpgBackground_U0/grp_tpgPatternZonePlate_fu_438/tmp_15_reg_433_reg_1/ADDRARDADDR[12] (net: system_i/v_tpg_0/inst/tpgBackground_U0/grp_tpgPatternZonePlate_fu_438/p_0_in[9]) which is driven by a register (system_i/ps7_0_axi_periph/s00_couplers/auto_cc/inst/gen_clock_conv.gen_async_conv.asyncfifo_axi/inst_fifo_gen/gaxi_full_lite.gread_ch.grdch2.axi_rdch/grf.rf/gntv_or_sync_fifo.gl0.rd/gr1.gr1_int.rfwft/empty_fwft_i_reg) that has an active asychronous set or reset. This may cause corruption of the memory contents and/or read values when the set/reset is asserted and is not analyzed by the default static timing analysis. It is suggested to eliminate the use of a set/reset to registers driving this RAMB pin or else use a synchronous reset in which the assertion of the reset is timed by default.
Related violations: <none>

REQP-1840#11 Warning
RAMB18 async control check  
The RAMB18E1 system_i/v_tpg_0/inst/tpgBackground_U0/grp_tpgPatternZonePlate_fu_438/tmp_15_reg_433_reg_1 has an input control pin system_i/v_tpg_0/inst/tpgBackground_U0/grp_tpgPatternZonePlate_fu_438/tmp_15_reg_433_reg_1/ADDRARDADDR[12] (net: system_i/v_tpg_0/inst/tpgBackground_U0/grp_tpgPatternZonePlate_fu_438/p_0_in[9]) which is driven by a register (system_i/ps7_0_axi_periph/s00_couplers/auto_cc/inst/gen_clock_conv.gen_async_conv.asyncfifo_axi/inst_fifo_gen/gaxi_full_lite.gwrite_ch.gwach2.axi_wach/grf.rf/gntv_or_sync_fifo.gl0.wr/gwas.wsts/ram_full_i_reg) that has an active asychronous set or reset. This may cause corruption of the memory contents and/or read values when the set/reset is asserted and is not analyzed by the default static timing analysis. It is suggested to eliminate the use of a set/reset to registers driving this RAMB pin or else use a synchronous reset in which the assertion of the reset is timed by default.
Related violations: <none>

REQP-1840#12 Warning
RAMB18 async control check  
The RAMB18E1 system_i/v_tpg_0/inst/tpgBackground_U0/grp_tpgPatternZonePlate_fu_438/tmp_15_reg_433_reg_1 has an input control pin system_i/v_tpg_0/inst/tpgBackground_U0/grp_tpgPatternZonePlate_fu_438/tmp_15_reg_433_reg_1/ADDRARDADDR[12] (net: system_i/v_tpg_0/inst/tpgBackground_U0/grp_tpgPatternZonePlate_fu_438/p_0_in[9]) which is driven by a register (system_i/ps7_0_axi_periph/s00_couplers/auto_cc/inst/gen_clock_conv.gen_async_conv.asyncfifo_axi/inst_fifo_gen/gaxi_full_lite.gwrite_ch.gwdch2.axi_wdch/grf.rf/gntv_or_sync_fifo.gl0.rd/gr1.gr1_int.rfwft/empty_fwft_i_reg) that has an active asychronous set or reset. This may cause corruption of the memory contents and/or read values when the set/reset is asserted and is not analyzed by the default static timing analysis. It is suggested to eliminate the use of a set/reset to registers driving this RAMB pin or else use a synchronous reset in which the assertion of the reset is timed by default.
Related violations: <none>

REQP-1840#13 Warning
RAMB18 async control check  
The RAMB18E1 system_i/v_tpg_0/inst/tpgBackground_U0/grp_tpgPatternZonePlate_fu_438/tmp_15_reg_433_reg_1 has an input control pin system_i/v_tpg_0/inst/tpgBackground_U0/grp_tpgPatternZonePlate_fu_438/tmp_15_reg_433_reg_1/ADDRARDADDR[12] (net: system_i/v_tpg_0/inst/tpgBackground_U0/grp_tpgPatternZonePlate_fu_438/p_0_in[9]) which is driven by a register (system_i/ps7_0_axi_periph/s00_couplers/auto_cc/inst/gen_clock_conv.gen_async_conv.asyncfifo_axi/inst_fifo_gen/gaxi_full_lite.gwrite_ch.gwdch2.axi_wdch/grf.rf/gntv_or_sync_fifo.gl0.wr/gwas.wsts/ram_full_i_reg) that has an active asychronous set or reset. This may cause corruption of the memory contents and/or read values when the set/reset is asserted and is not analyzed by the default static timing analysis. It is suggested to eliminate the use of a set/reset to registers driving this RAMB pin or else use a synchronous reset in which the assertion of the reset is timed by default.
Related violations: <none>

REQP-1840#14 Warning
RAMB18 async control check  
The RAMB18E1 system_i/v_tpg_0/inst/tpgBackground_U0/grp_tpgPatternZonePlate_fu_438/tmp_15_reg_433_reg_1 has an input control pin system_i/v_tpg_0/inst/tpgBackground_U0/grp_tpgPatternZonePlate_fu_438/tmp_15_reg_433_reg_1/ADDRARDADDR[12] (net: system_i/v_tpg_0/inst/tpgBackground_U0/grp_tpgPatternZonePlate_fu_438/p_0_in[9]) which is driven by a register (system_i/ps7_0_axi_periph/s00_couplers/auto_cc/inst/gen_clock_conv.gen_async_conv.asyncfifo_axi/inst_fifo_gen/gaxi_full_lite.gwrite_ch.gwrch2.axi_wrch/grf.rf/gntv_or_sync_fifo.gl0.rd/gr1.gr1_int.rfwft/empty_fwft_i_reg) that has an active asychronous set or reset. This may cause corruption of the memory contents and/or read values when the set/reset is asserted and is not analyzed by the default static timing analysis. It is suggested to eliminate the use of a set/reset to registers driving this RAMB pin or else use a synchronous reset in which the assertion of the reset is timed by default.
Related violations: <none>

REQP-1840#15 Warning
RAMB18 async control check  
The RAMB18E1 system_i/v_tpg_0/inst/tpgBackground_U0/grp_tpgPatternZonePlate_fu_438/tmp_15_reg_433_reg_1 has an input control pin system_i/v_tpg_0/inst/tpgBackground_U0/grp_tpgPatternZonePlate_fu_438/tmp_15_reg_433_reg_1/ADDRARDADDR[13] (net: system_i/v_tpg_0/inst/tpgBackground_U0/grp_tpgPatternZonePlate_fu_438/p_0_in[10]) which is driven by a register (system_i/ps7_0_axi_periph/s00_couplers/auto_cc/inst/gen_clock_conv.gen_async_conv.asyncfifo_axi/inst_fifo_gen/gaxi_full_lite.gread_ch.grach2.axi_rach/grf.rf/gntv_or_sync_fifo.gl0.wr/gwas.wsts/ram_full_i_reg) that has an active asychronous set or reset. This may cause corruption of the memory contents and/or read values when the set/reset is asserted and is not analyzed by the default static timing analysis. It is suggested to eliminate the use of a set/reset to registers driving this RAMB pin or else use a synchronous reset in which the assertion of the reset is timed by default.
Related violations: <none>

REQP-1840#16 Warning
RAMB18 async control check  
The RAMB18E1 system_i/v_tpg_0/inst/tpgBackground_U0/grp_tpgPatternZonePlate_fu_438/tmp_15_reg_433_reg_1 has an input control pin system_i/v_tpg_0/inst/tpgBackground_U0/grp_tpgPatternZonePlate_fu_438/tmp_15_reg_433_reg_1/ADDRARDADDR[13] (net: system_i/v_tpg_0/inst/tpgBackground_U0/grp_tpgPatternZonePlate_fu_438/p_0_in[10]) which is driven by a register (system_i/ps7_0_axi_periph/s00_couplers/auto_cc/inst/gen_clock_conv.gen_async_conv.asyncfifo_axi/inst_fifo_gen/gaxi_full_lite.gread_ch.grdch2.axi_rdch/grf.rf/gntv_or_sync_fifo.gl0.rd/gr1.gr1_int.rfwft/empty_fwft_i_reg) that has an active asychronous set or reset. This may cause corruption of the memory contents and/or read values when the set/reset is asserted and is not analyzed by the default static timing analysis. It is suggested to eliminate the use of a set/reset to registers driving this RAMB pin or else use a synchronous reset in which the assertion of the reset is timed by default.
Related violations: <none>

REQP-1840#17 Warning
RAMB18 async control check  
The RAMB18E1 system_i/v_tpg_0/inst/tpgBackground_U0/grp_tpgPatternZonePlate_fu_438/tmp_15_reg_433_reg_1 has an input control pin system_i/v_tpg_0/inst/tpgBackground_U0/grp_tpgPatternZonePlate_fu_438/tmp_15_reg_433_reg_1/ADDRARDADDR[13] (net: system_i/v_tpg_0/inst/tpgBackground_U0/grp_tpgPatternZonePlate_fu_438/p_0_in[10]) which is driven by a register (system_i/ps7_0_axi_periph/s00_couplers/auto_cc/inst/gen_clock_conv.gen_async_conv.asyncfifo_axi/inst_fifo_gen/gaxi_full_lite.gwrite_ch.gwach2.axi_wach/grf.rf/gntv_or_sync_fifo.gl0.wr/gwas.wsts/ram_full_i_reg) that has an active asychronous set or reset. This may cause corruption of the memory contents and/or read values when the set/reset is asserted and is not analyzed by the default static timing analysis. It is suggested to eliminate the use of a set/reset to registers driving this RAMB pin or else use a synchronous reset in which the assertion of the reset is timed by default.
Related violations: <none>

REQP-1840#18 Warning
RAMB18 async control check  
The RAMB18E1 system_i/v_tpg_0/inst/tpgBackground_U0/grp_tpgPatternZonePlate_fu_438/tmp_15_reg_433_reg_1 has an input control pin system_i/v_tpg_0/inst/tpgBackground_U0/grp_tpgPatternZonePlate_fu_438/tmp_15_reg_433_reg_1/ADDRARDADDR[13] (net: system_i/v_tpg_0/inst/tpgBackground_U0/grp_tpgPatternZonePlate_fu_438/p_0_in[10]) which is driven by a register (system_i/ps7_0_axi_periph/s00_couplers/auto_cc/inst/gen_clock_conv.gen_async_conv.asyncfifo_axi/inst_fifo_gen/gaxi_full_lite.gwrite_ch.gwdch2.axi_wdch/grf.rf/gntv_or_sync_fifo.gl0.rd/gr1.gr1_int.rfwft/empty_fwft_i_reg) that has an active asychronous set or reset. This may cause corruption of the memory contents and/or read values when the set/reset is asserted and is not analyzed by the default static timing analysis. It is suggested to eliminate the use of a set/reset to registers driving this RAMB pin or else use a synchronous reset in which the assertion of the reset is timed by default.
Related violations: <none>

REQP-1840#19 Warning
RAMB18 async control check  
The RAMB18E1 system_i/v_tpg_0/inst/tpgBackground_U0/grp_tpgPatternZonePlate_fu_438/tmp_15_reg_433_reg_1 has an input control pin system_i/v_tpg_0/inst/tpgBackground_U0/grp_tpgPatternZonePlate_fu_438/tmp_15_reg_433_reg_1/ADDRARDADDR[13] (net: system_i/v_tpg_0/inst/tpgBackground_U0/grp_tpgPatternZonePlate_fu_438/p_0_in[10]) which is driven by a register (system_i/ps7_0_axi_periph/s00_couplers/auto_cc/inst/gen_clock_conv.gen_async_conv.asyncfifo_axi/inst_fifo_gen/gaxi_full_lite.gwrite_ch.gwdch2.axi_wdch/grf.rf/gntv_or_sync_fifo.gl0.wr/gwas.wsts/ram_full_i_reg) that has an active asychronous set or reset. This may cause corruption of the memory contents and/or read values when the set/reset is asserted and is not analyzed by the default static timing analysis. It is suggested to eliminate the use of a set/reset to registers driving this RAMB pin or else use a synchronous reset in which the assertion of the reset is timed by default.
Related violations: <none>

REQP-1840#20 Warning
RAMB18 async control check  
The RAMB18E1 system_i/v_tpg_0/inst/tpgBackground_U0/grp_tpgPatternZonePlate_fu_438/tmp_15_reg_433_reg_1 has an input control pin system_i/v_tpg_0/inst/tpgBackground_U0/grp_tpgPatternZonePlate_fu_438/tmp_15_reg_433_reg_1/ADDRARDADDR[13] (net: system_i/v_tpg_0/inst/tpgBackground_U0/grp_tpgPatternZonePlate_fu_438/p_0_in[10]) which is driven by a register (system_i/ps7_0_axi_periph/s00_couplers/auto_cc/inst/gen_clock_conv.gen_async_conv.asyncfifo_axi/inst_fifo_gen/gaxi_full_lite.gwrite_ch.gwrch2.axi_wrch/grf.rf/gntv_or_sync_fifo.gl0.rd/gr1.gr1_int.rfwft/empty_fwft_i_reg) that has an active asychronous set or reset. This may cause corruption of the memory contents and/or read values when the set/reset is asserted and is not analyzed by the default static timing analysis. It is suggested to eliminate the use of a set/reset to registers driving this RAMB pin or else use a synchronous reset in which the assertion of the reset is timed by default.
Related violations: <none>


