
*** Running vivado
    with args -log bd_2d50_deint_cc_0.vds -m64 -product Vivado -mode batch -messageDb vivado.pb -notrace -source bd_2d50_deint_cc_0.tcl


****** Vivado v2018.3 (64-bit)
  **** SW Build 2405991 on Thu Dec  6 23:36:41 MST 2018
  **** IP Build 2404404 on Fri Dec  7 01:43:56 MST 2018
    ** Copyright 1986-2018 Xilinx, Inc. All Rights Reserved.

source bd_2d50_deint_cc_0.tcl -notrace
INFO: [IP_Flow 19-234] Refreshing IP repositories
INFO: [IP_Flow 19-1700] Loaded user IP repository '/home/andy/zynq/repo'.
INFO: [IP_Flow 19-2313] Loaded Vivado IP repository '/opt/Xilinx/Vivado/2018.3/data/ip'.
update_ip_catalog: Time (s): cpu = 00:00:05 ; elapsed = 00:00:05 . Memory (MB): peak = 1342.766 ; gain = 35.523 ; free physical = 2294 ; free virtual = 5234
Command: synth_design -top bd_2d50_deint_cc_0 -part xc7z020clg484-2 -mode out_of_context
Starting synth_design
Attempting to get a license for feature 'Synthesis' and/or device 'xc7z020'
INFO: [Common 17-349] Got license for feature 'Synthesis' and/or device 'xc7z020'
INFO: Launching helper process for spawning children vivado processes
INFO: Helper process launched with PID 381559 
---------------------------------------------------------------------------------
Starting RTL Elaboration : Time (s): cpu = 00:00:04 ; elapsed = 00:00:06 . Memory (MB): peak = 1449.219 ; gain = 86.645 ; free physical = 1926 ; free virtual = 4860
---------------------------------------------------------------------------------
INFO: [Synth 8-6157] synthesizing module 'bd_2d50_deint_cc_0' [/home/andy/zynq/play_zynq/tpg_vpss/tpg_vpss.srcs/sources_1/bd/system/ip/system_v_proc_ss_0_0/bd_0/ip/ip_23/synth/bd_2d50_deint_cc_0.v:57]
INFO: [Synth 8-6157] synthesizing module 'axis_clock_converter_v1_1_19_axis_clock_converter' [/home/andy/zynq/play_zynq/tpg_vpss/tpg_vpss.srcs/sources_1/bd/system/ipshared/b823/hdl/axis_clock_converter_v1_1_vl_rfs.v:925]
	Parameter C_FAMILY bound to: zynq - type: string 
	Parameter C_AXIS_TDATA_WIDTH bound to: 24 - type: integer 
	Parameter C_AXIS_TID_WIDTH bound to: 1 - type: integer 
	Parameter C_AXIS_TDEST_WIDTH bound to: 1 - type: integer 
	Parameter C_AXIS_TUSER_WIDTH bound to: 2 - type: integer 
	Parameter C_AXIS_SIGNAL_SET bound to: 32'b00000000000000000000000011111111 
	Parameter C_IS_ACLK_ASYNC bound to: 1 - type: integer 
	Parameter C_SYNCHRONIZER_STAGE bound to: 2 - type: integer 
	Parameter C_S_AXIS_ACLK_RATIO bound to: 1 - type: integer 
	Parameter C_M_AXIS_ACLK_RATIO bound to: 2 - type: integer 
	Parameter C_ACLKEN_CONV_MODE bound to: 0 - type: integer 
	Parameter G_INDX_SS_TREADY bound to: 0 - type: integer 
	Parameter G_INDX_SS_TDATA bound to: 1 - type: integer 
	Parameter G_INDX_SS_TSTRB bound to: 2 - type: integer 
	Parameter G_INDX_SS_TKEEP bound to: 3 - type: integer 
	Parameter G_INDX_SS_TLAST bound to: 4 - type: integer 
	Parameter G_INDX_SS_TID bound to: 5 - type: integer 
	Parameter G_INDX_SS_TDEST bound to: 6 - type: integer 
	Parameter G_INDX_SS_TUSER bound to: 7 - type: integer 
	Parameter G_MASK_SS_TREADY bound to: 1 - type: integer 
	Parameter G_MASK_SS_TDATA bound to: 2 - type: integer 
	Parameter G_MASK_SS_TSTRB bound to: 4 - type: integer 
	Parameter G_MASK_SS_TKEEP bound to: 8 - type: integer 
	Parameter G_MASK_SS_TLAST bound to: 16 - type: integer 
	Parameter G_MASK_SS_TID bound to: 32 - type: integer 
	Parameter G_MASK_SS_TDEST bound to: 64 - type: integer 
	Parameter G_MASK_SS_TUSER bound to: 128 - type: integer 
	Parameter G_TASK_SEVERITY_ERR bound to: 2 - type: integer 
	Parameter G_TASK_SEVERITY_WARNING bound to: 1 - type: integer 
	Parameter G_TASK_SEVERITY_INFO bound to: 0 - type: integer 
	Parameter LP_S_ACLKEN_CAN_TOGGLE bound to: 0 - type: integer 
	Parameter LP_M_ACLKEN_CAN_TOGGLE bound to: 0 - type: integer 
	Parameter P_FIFO_DEPTH bound to: 32 - type: integer 
	Parameter P_S_AXIS_ACLK_RATIO bound to: 1 - type: integer 
	Parameter P_M_AXIS_ACLK_RATIO bound to: 2 - type: integer 
	Parameter P_INST_ASYNC_CONV bound to: 1 - type: integer 
	Parameter P_TPAYLOAD_WIDTH bound to: 35 - type: integer 
	Parameter P_SAMPLE_CYCLE_RATIO bound to: 2 - type: integer 
INFO: [Synth 8-6157] synthesizing module 'axis_clock_converter_v1_1_19_axisc_async_clock_converter' [/home/andy/zynq/play_zynq/tpg_vpss/tpg_vpss.srcs/sources_1/bd/system/ipshared/b823/hdl/axis_clock_converter_v1_1_vl_rfs.v:341]
	Parameter C_PAYLOAD_WIDTH bound to: 35 - type: integer 
	Parameter C_SYNCHRONIZER_STAGE bound to: 2 - type: integer 
	Parameter C_FIFO_DEPTH bound to: 32 - type: integer 
	Parameter G_INDX_SS_TREADY bound to: 0 - type: integer 
	Parameter G_INDX_SS_TDATA bound to: 1 - type: integer 
	Parameter G_INDX_SS_TSTRB bound to: 2 - type: integer 
	Parameter G_INDX_SS_TKEEP bound to: 3 - type: integer 
	Parameter G_INDX_SS_TLAST bound to: 4 - type: integer 
	Parameter G_INDX_SS_TID bound to: 5 - type: integer 
	Parameter G_INDX_SS_TDEST bound to: 6 - type: integer 
	Parameter G_INDX_SS_TUSER bound to: 7 - type: integer 
	Parameter G_MASK_SS_TREADY bound to: 1 - type: integer 
	Parameter G_MASK_SS_TDATA bound to: 2 - type: integer 
	Parameter G_MASK_SS_TSTRB bound to: 4 - type: integer 
	Parameter G_MASK_SS_TKEEP bound to: 8 - type: integer 
	Parameter G_MASK_SS_TLAST bound to: 16 - type: integer 
	Parameter G_MASK_SS_TID bound to: 32 - type: integer 
	Parameter G_MASK_SS_TDEST bound to: 64 - type: integer 
	Parameter G_MASK_SS_TUSER bound to: 128 - type: integer 
	Parameter G_TASK_SEVERITY_ERR bound to: 2 - type: integer 
	Parameter G_TASK_SEVERITY_WARNING bound to: 1 - type: integer 
	Parameter G_TASK_SEVERITY_INFO bound to: 0 - type: integer 
	Parameter LP_COUNT_WIDTH bound to: 6 - type: integer 
	Parameter LP_PROG_FULL bound to: 27 - type: integer 
INFO: [Synth 8-6157] synthesizing module 'xpm_cdc_sync_rst' [/opt/Xilinx/Vivado/2018.3/data/ip/xpm/xpm_cdc/hdl/xpm_cdc.sv:1055]
	Parameter DEST_SYNC_FF bound to: 2 - type: integer 
	Parameter INIT bound to: 32'sb00000000000000000000000000000001 
	Parameter INIT_SYNC_FF bound to: 0 - type: integer 
	Parameter SIM_ASSERT_CHK bound to: 0 - type: integer 
	Parameter VERSION bound to: 0 - type: integer 
	Parameter DEF_VAL bound to: 1'b1 
INFO: [Synth 8-5534] Detected attribute (* ASYNC_REG = "TRUE" *) [/opt/Xilinx/Vivado/2018.3/data/ip/xpm/xpm_cdc/hdl/xpm_cdc.sv:1107]
INFO: [Synth 8-6155] done synthesizing module 'xpm_cdc_sync_rst' (1#1) [/opt/Xilinx/Vivado/2018.3/data/ip/xpm/xpm_cdc/hdl/xpm_cdc.sv:1055]
INFO: [Synth 8-6157] synthesizing module 'xpm_fifo_async' [/opt/Xilinx/Vivado/2018.3/data/ip/xpm/xpm_fifo/hdl/xpm_fifo.sv:2016]
	Parameter FIFO_MEMORY_TYPE bound to: distributed - type: string 
	Parameter ECC_MODE bound to: no_ecc - type: string 
	Parameter RELATED_CLOCKS bound to: 0 - type: integer 
	Parameter FIFO_WRITE_DEPTH bound to: 32 - type: integer 
	Parameter WRITE_DATA_WIDTH bound to: 35 - type: integer 
	Parameter WR_DATA_COUNT_WIDTH bound to: 6 - type: integer 
	Parameter PROG_FULL_THRESH bound to: 27 - type: integer 
	Parameter FULL_RESET_VALUE bound to: 1 - type: integer 
	Parameter USE_ADV_FEATURES bound to: 1000 - type: string 
	Parameter READ_MODE bound to: fwft - type: string 
	Parameter FIFO_READ_LATENCY bound to: 1 - type: integer 
	Parameter READ_DATA_WIDTH bound to: 35 - type: integer 
	Parameter RD_DATA_COUNT_WIDTH bound to: 6 - type: integer 
	Parameter PROG_EMPTY_THRESH bound to: 10 - type: integer 
	Parameter DOUT_RESET_VALUE bound to: 0 - type: string 
	Parameter CDC_SYNC_STAGES bound to: 2 - type: integer 
	Parameter WAKEUP_TIME bound to: 0 - type: integer 
	Parameter EN_ADV_FEATURE_ASYNC bound to: 16'b0001000000000000 
	Parameter P_FIFO_MEMORY_TYPE bound to: 1 - type: integer 
	Parameter P_COMMON_CLOCK bound to: 0 - type: integer 
	Parameter P_ECC_MODE bound to: 0 - type: integer 
	Parameter P_READ_MODE bound to: 1 - type: integer 
	Parameter P_WAKEUP_TIME bound to: 2 - type: integer 
INFO: [Synth 8-6157] synthesizing module 'xpm_fifo_base' [/opt/Xilinx/Vivado/2018.3/data/ip/xpm/xpm_fifo/hdl/xpm_fifo.sv:56]
WARNING: [Synth 8-6104] Input port 'value' has an internal driver [/opt/Xilinx/Vivado/2018.3/data/ip/xpm/xpm_fifo/hdl/xpm_fifo.sv:124]
WARNING: [Synth 8-6104] Input port 'value' has an internal driver [/opt/Xilinx/Vivado/2018.3/data/ip/xpm/xpm_fifo/hdl/xpm_fifo.sv:126]
WARNING: [Synth 8-6104] Input port 'value' has an internal driver [/opt/Xilinx/Vivado/2018.3/data/ip/xpm/xpm_fifo/hdl/xpm_fifo.sv:126]
WARNING: [Synth 8-6104] Input port 'value' has an internal driver [/opt/Xilinx/Vivado/2018.3/data/ip/xpm/xpm_fifo/hdl/xpm_fifo.sv:126]
WARNING: [Synth 8-6104] Input port 'value' has an internal driver [/opt/Xilinx/Vivado/2018.3/data/ip/xpm/xpm_fifo/hdl/xpm_fifo.sv:126]
WARNING: [Synth 8-6104] Input port 'value' has an internal driver [/opt/Xilinx/Vivado/2018.3/data/ip/xpm/xpm_fifo/hdl/xpm_fifo.sv:126]
WARNING: [Synth 8-6104] Input port 'value' has an internal driver [/opt/Xilinx/Vivado/2018.3/data/ip/xpm/xpm_fifo/hdl/xpm_fifo.sv:126]
WARNING: [Synth 8-6104] Input port 'value' has an internal driver [/opt/Xilinx/Vivado/2018.3/data/ip/xpm/xpm_fifo/hdl/xpm_fifo.sv:124]
WARNING: [Synth 8-6104] Input port 'value' has an internal driver [/opt/Xilinx/Vivado/2018.3/data/ip/xpm/xpm_fifo/hdl/xpm_fifo.sv:126]
WARNING: [Synth 8-6104] Input port 'value' has an internal driver [/opt/Xilinx/Vivado/2018.3/data/ip/xpm/xpm_fifo/hdl/xpm_fifo.sv:126]
WARNING: [Synth 8-6104] Input port 'value' has an internal driver [/opt/Xilinx/Vivado/2018.3/data/ip/xpm/xpm_fifo/hdl/xpm_fifo.sv:126]
WARNING: [Synth 8-6104] Input port 'value' has an internal driver [/opt/Xilinx/Vivado/2018.3/data/ip/xpm/xpm_fifo/hdl/xpm_fifo.sv:126]
WARNING: [Synth 8-6104] Input port 'value' has an internal driver [/opt/Xilinx/Vivado/2018.3/data/ip/xpm/xpm_fifo/hdl/xpm_fifo.sv:126]
WARNING: [Synth 8-6104] Input port 'value' has an internal driver [/opt/Xilinx/Vivado/2018.3/data/ip/xpm/xpm_fifo/hdl/xpm_fifo.sv:124]
WARNING: [Synth 8-6104] Input port 'value' has an internal driver [/opt/Xilinx/Vivado/2018.3/data/ip/xpm/xpm_fifo/hdl/xpm_fifo.sv:126]
WARNING: [Synth 8-6104] Input port 'value' has an internal driver [/opt/Xilinx/Vivado/2018.3/data/ip/xpm/xpm_fifo/hdl/xpm_fifo.sv:126]
WARNING: [Synth 8-6104] Input port 'value' has an internal driver [/opt/Xilinx/Vivado/2018.3/data/ip/xpm/xpm_fifo/hdl/xpm_fifo.sv:126]
WARNING: [Synth 8-6104] Input port 'value' has an internal driver [/opt/Xilinx/Vivado/2018.3/data/ip/xpm/xpm_fifo/hdl/xpm_fifo.sv:126]
WARNING: [Synth 8-6104] Input port 'value' has an internal driver [/opt/Xilinx/Vivado/2018.3/data/ip/xpm/xpm_fifo/hdl/xpm_fifo.sv:126]
WARNING: [Synth 8-6104] Input port 'value' has an internal driver [/opt/Xilinx/Vivado/2018.3/data/ip/xpm/xpm_fifo/hdl/xpm_fifo.sv:124]
WARNING: [Synth 8-6104] Input port 'value' has an internal driver [/opt/Xilinx/Vivado/2018.3/data/ip/xpm/xpm_fifo/hdl/xpm_fifo.sv:126]
WARNING: [Synth 8-6104] Input port 'value' has an internal driver [/opt/Xilinx/Vivado/2018.3/data/ip/xpm/xpm_fifo/hdl/xpm_fifo.sv:126]
WARNING: [Synth 8-6104] Input port 'value' has an internal driver [/opt/Xilinx/Vivado/2018.3/data/ip/xpm/xpm_fifo/hdl/xpm_fifo.sv:126]
WARNING: [Synth 8-6104] Input port 'value' has an internal driver [/opt/Xilinx/Vivado/2018.3/data/ip/xpm/xpm_fifo/hdl/xpm_fifo.sv:126]
WARNING: [Synth 8-6104] Input port 'value' has an internal driver [/opt/Xilinx/Vivado/2018.3/data/ip/xpm/xpm_fifo/hdl/xpm_fifo.sv:126]
WARNING: [Synth 8-6104] Input port 'value' has an internal driver [/opt/Xilinx/Vivado/2018.3/data/ip/xpm/xpm_fifo/hdl/xpm_fifo.sv:124]
WARNING: [Synth 8-6104] Input port 'value' has an internal driver [/opt/Xilinx/Vivado/2018.3/data/ip/xpm/xpm_fifo/hdl/xpm_fifo.sv:126]
WARNING: [Synth 8-6104] Input port 'value' has an internal driver [/opt/Xilinx/Vivado/2018.3/data/ip/xpm/xpm_fifo/hdl/xpm_fifo.sv:126]
WARNING: [Synth 8-6104] Input port 'value' has an internal driver [/opt/Xilinx/Vivado/2018.3/data/ip/xpm/xpm_fifo/hdl/xpm_fifo.sv:126]
WARNING: [Synth 8-6104] Input port 'value' has an internal driver [/opt/Xilinx/Vivado/2018.3/data/ip/xpm/xpm_fifo/hdl/xpm_fifo.sv:126]
WARNING: [Synth 8-6104] Input port 'value' has an internal driver [/opt/Xilinx/Vivado/2018.3/data/ip/xpm/xpm_fifo/hdl/xpm_fifo.sv:126]
WARNING: [Synth 8-6104] Input port 'value' has an internal driver [/opt/Xilinx/Vivado/2018.3/data/ip/xpm/xpm_fifo/hdl/xpm_fifo.sv:124]
WARNING: [Synth 8-6104] Input port 'value' has an internal driver [/opt/Xilinx/Vivado/2018.3/data/ip/xpm/xpm_fifo/hdl/xpm_fifo.sv:126]
WARNING: [Synth 8-6104] Input port 'value' has an internal driver [/opt/Xilinx/Vivado/2018.3/data/ip/xpm/xpm_fifo/hdl/xpm_fifo.sv:126]
WARNING: [Synth 8-6104] Input port 'value' has an internal driver [/opt/Xilinx/Vivado/2018.3/data/ip/xpm/xpm_fifo/hdl/xpm_fifo.sv:126]
WARNING: [Synth 8-6104] Input port 'value' has an internal driver [/opt/Xilinx/Vivado/2018.3/data/ip/xpm/xpm_fifo/hdl/xpm_fifo.sv:126]
WARNING: [Synth 8-6104] Input port 'value' has an internal driver [/opt/Xilinx/Vivado/2018.3/data/ip/xpm/xpm_fifo/hdl/xpm_fifo.sv:126]
	Parameter COMMON_CLOCK bound to: 0 - type: integer 
	Parameter RELATED_CLOCKS bound to: 0 - type: integer 
	Parameter FIFO_MEMORY_TYPE bound to: 1 - type: integer 
	Parameter ECC_MODE bound to: 0 - type: integer 
	Parameter FIFO_WRITE_DEPTH bound to: 32 - type: integer 
	Parameter WRITE_DATA_WIDTH bound to: 35 - type: integer 
	Parameter WR_DATA_COUNT_WIDTH bound to: 6 - type: integer 
	Parameter PROG_FULL_THRESH bound to: 27 - type: integer 
	Parameter USE_ADV_FEATURES bound to: 1000 - type: string 
	Parameter READ_MODE bound to: 1 - type: integer 
	Parameter FIFO_READ_LATENCY bound to: 1 - type: integer 
	Parameter READ_DATA_WIDTH bound to: 35 - type: integer 
	Parameter RD_DATA_COUNT_WIDTH bound to: 6 - type: integer 
	Parameter PROG_EMPTY_THRESH bound to: 10 - type: integer 
	Parameter DOUT_RESET_VALUE bound to: 0 - type: string 
	Parameter CDC_DEST_SYNC_FF bound to: 2 - type: integer 
	Parameter FULL_RESET_VALUE bound to: 1 - type: integer 
	Parameter REMOVE_WR_RD_PROT_LOGIC bound to: 0 - type: integer 
	Parameter WAKEUP_TIME bound to: 0 - type: integer 
	Parameter VERSION bound to: 0 - type: integer 
	Parameter invalid bound to: 0 - type: integer 
	Parameter stage1_valid bound to: 2 - type: integer 
	Parameter stage2_valid bound to: 1 - type: integer 
	Parameter both_stages_valid bound to: 3 - type: integer 
	Parameter SIM_ASSERT_CHK bound to: 0 - type: integer 
	Parameter FIFO_MEM_TYPE bound to: 1 - type: integer 
	Parameter RD_MODE bound to: 1 - type: integer 
	Parameter ENABLE_ECC bound to: 0 - type: integer 
	Parameter FIFO_READ_DEPTH bound to: 32 - type: integer 
	Parameter FIFO_SIZE bound to: 1120 - type: integer 
	Parameter WR_WIDTH_LOG bound to: 6 - type: integer 
	Parameter WR_DEPTH_LOG bound to: 5 - type: integer 
	Parameter WR_PNTR_WIDTH bound to: 5 - type: integer 
	Parameter RD_PNTR_WIDTH bound to: 5 - type: integer 
	Parameter FULL_RST_VAL bound to: 1'b1 
	Parameter WR_RD_RATIO bound to: 0 - type: integer 
	Parameter PF_THRESH_ADJ bound to: 25 - type: integer 
	Parameter PE_THRESH_ADJ bound to: 8 - type: integer 
	Parameter PF_THRESH_MIN bound to: 7 - type: integer 
	Parameter PF_THRESH_MAX bound to: 27 - type: integer 
	Parameter PE_THRESH_MIN bound to: 5 - type: integer 
	Parameter PE_THRESH_MAX bound to: 27 - type: integer 
	Parameter WR_DC_WIDTH_EXT bound to: 6 - type: integer 
	Parameter RD_DC_WIDTH_EXT bound to: 6 - type: integer 
	Parameter RD_LATENCY bound to: 2 - type: integer 
	Parameter WIDTH_RATIO bound to: 1 - type: integer 
	Parameter EN_ADV_FEATURE bound to: 16'b0001000000000000 
	Parameter EN_OF bound to: 1'b0 
	Parameter EN_PF bound to: 1'b0 
	Parameter EN_WDC bound to: 1'b0 
	Parameter EN_AF bound to: 1'b0 
	Parameter EN_WACK bound to: 1'b0 
	Parameter FG_EQ_ASYM_DOUT bound to: 1'b0 
	Parameter EN_UF bound to: 1'b0 
	Parameter EN_PE bound to: 1'b0 
	Parameter EN_RDC bound to: 1'b0 
	Parameter EN_AE bound to: 1'b0 
	Parameter EN_DVLD bound to: 1'b1 
WARNING: [Synth 8-6104] Input port 'value' has an internal driver [/opt/Xilinx/Vivado/2018.3/data/ip/xpm/xpm_fifo/hdl/xpm_fifo.sv:124]
WARNING: [Synth 8-6104] Input port 'value' has an internal driver [/opt/Xilinx/Vivado/2018.3/data/ip/xpm/xpm_fifo/hdl/xpm_fifo.sv:126]
WARNING: [Synth 8-6104] Input port 'value' has an internal driver [/opt/Xilinx/Vivado/2018.3/data/ip/xpm/xpm_fifo/hdl/xpm_fifo.sv:126]
WARNING: [Synth 8-6104] Input port 'value' has an internal driver [/opt/Xilinx/Vivado/2018.3/data/ip/xpm/xpm_fifo/hdl/xpm_fifo.sv:126]
WARNING: [Synth 8-6104] Input port 'value' has an internal driver [/opt/Xilinx/Vivado/2018.3/data/ip/xpm/xpm_fifo/hdl/xpm_fifo.sv:126]
WARNING: [Synth 8-6104] Input port 'value' has an internal driver [/opt/Xilinx/Vivado/2018.3/data/ip/xpm/xpm_fifo/hdl/xpm_fifo.sv:126]
INFO: [Synth 8-6157] synthesizing module 'xpm_memory_base' [/opt/Xilinx/Vivado/2018.3/data/ip/xpm/xpm_memory/hdl/xpm_memory.sv:57]
	Parameter MEMORY_TYPE bound to: 1 - type: integer 
	Parameter MEMORY_SIZE bound to: 1120 - type: integer 
	Parameter MEMORY_PRIMITIVE bound to: 1 - type: integer 
	Parameter CLOCKING_MODE bound to: 1 - type: integer 
	Parameter ECC_MODE bound to: 0 - type: integer 
	Parameter MEMORY_INIT_FILE bound to: none - type: string 
	Parameter MEMORY_INIT_PARAM bound to: (null) - type: string 
	Parameter USE_MEM_INIT bound to: 0 - type: integer 
	Parameter MEMORY_OPTIMIZATION bound to: true - type: string 
	Parameter WAKEUP_TIME bound to: 0 - type: integer 
	Parameter AUTO_SLEEP_TIME bound to: 0 - type: integer 
	Parameter MESSAGE_CONTROL bound to: 0 - type: integer 
	Parameter VERSION bound to: 0 - type: integer 
	Parameter USE_EMBEDDED_CONSTRAINT bound to: 1 - type: integer 
	Parameter WRITE_DATA_WIDTH_A bound to: 35 - type: integer 
	Parameter READ_DATA_WIDTH_A bound to: 35 - type: integer 
	Parameter BYTE_WRITE_WIDTH_A bound to: 35 - type: integer 
	Parameter ADDR_WIDTH_A bound to: 5 - type: integer 
	Parameter READ_RESET_VALUE_A bound to: 0 - type: string 
	Parameter READ_LATENCY_A bound to: 2 - type: integer 
	Parameter WRITE_MODE_A bound to: 2 - type: integer 
	Parameter RST_MODE_A bound to: SYNC - type: string 
	Parameter WRITE_DATA_WIDTH_B bound to: 35 - type: integer 
	Parameter READ_DATA_WIDTH_B bound to: 35 - type: integer 
	Parameter BYTE_WRITE_WIDTH_B bound to: 35 - type: integer 
	Parameter ADDR_WIDTH_B bound to: 5 - type: integer 
	Parameter READ_RESET_VALUE_B bound to: 0 - type: string 
	Parameter READ_LATENCY_B bound to: 2 - type: integer 
	Parameter WRITE_MODE_B bound to: 1 - type: integer 
	Parameter RST_MODE_B bound to: SYNC - type: string 
	Parameter P_MEMORY_PRIMITIVE bound to: distributed - type: string 
	Parameter P_MIN_WIDTH_DATA_A bound to: 35 - type: integer 
	Parameter P_MIN_WIDTH_DATA_B bound to: 35 - type: integer 
	Parameter P_MIN_WIDTH_DATA bound to: 35 - type: integer 
	Parameter P_MIN_WIDTH_DATA_ECC bound to: 35 - type: integer 
	Parameter P_MAX_DEPTH_DATA bound to: 32 - type: integer 
	Parameter P_ECC_MODE bound to: no_ecc - type: string 
	Parameter P_MEMORY_OPT bound to: yes - type: string 
	Parameter P_WIDTH_COL_WRITE_A bound to: 35 - type: integer 
	Parameter P_WIDTH_COL_WRITE_B bound to: 35 - type: integer 
	Parameter P_NUM_COLS_WRITE_A bound to: 1 - type: integer 
	Parameter P_NUM_COLS_WRITE_B bound to: 1 - type: integer 
	Parameter P_NUM_ROWS_WRITE_A bound to: 1 - type: integer 
	Parameter P_NUM_ROWS_WRITE_B bound to: 1 - type: integer 
	Parameter P_NUM_ROWS_READ_A bound to: 1 - type: integer 
	Parameter P_NUM_ROWS_READ_B bound to: 1 - type: integer 
	Parameter P_WIDTH_ADDR_WRITE_A bound to: 5 - type: integer 
	Parameter P_WIDTH_ADDR_WRITE_B bound to: 5 - type: integer 
	Parameter P_WIDTH_ADDR_READ_A bound to: 5 - type: integer 
	Parameter P_WIDTH_ADDR_READ_B bound to: 5 - type: integer 
	Parameter P_WIDTH_ADDR_LSB_WRITE_A bound to: 0 - type: integer 
	Parameter P_WIDTH_ADDR_LSB_WRITE_B bound to: 0 - type: integer 
	Parameter P_WIDTH_ADDR_LSB_READ_A bound to: 0 - type: integer 
	Parameter P_WIDTH_ADDR_LSB_READ_B bound to: 0 - type: integer 
	Parameter P_ENABLE_BYTE_WRITE_A bound to: 0 - type: integer 
	Parameter P_ENABLE_BYTE_WRITE_B bound to: 0 - type: integer 
	Parameter P_SDP_WRITE_MODE bound to: yes - type: string 
	Parameter NUM_CHAR_LOC bound to: 0 - type: integer 
	Parameter MAX_NUM_CHAR bound to: 0 - type: integer 
	Parameter P_MIN_WIDTH_DATA_SHFT bound to: 35 - type: integer 
	Parameter P_MIN_WIDTH_DATA_LDW bound to: 4 - type: integer 
WARNING: [Synth 8-6014] Unused sequential element gen_rd_b.gen_doutb_pipe.enb_pipe_reg[0] was removed.  [/opt/Xilinx/Vivado/2018.3/data/ip/xpm/xpm_memory/hdl/xpm_memory.sv:2935]
INFO: [Synth 8-5772] Detected attribute (* ram_ecc = "no_ecc" *) on RAM gen_wr_a.gen_word_narrow.mem_reg 
INFO: [Synth 8-6155] done synthesizing module 'xpm_memory_base' (2#1) [/opt/Xilinx/Vivado/2018.3/data/ip/xpm/xpm_memory/hdl/xpm_memory.sv:57]
INFO: [Synth 8-6157] synthesizing module 'xpm_cdc_gray' [/opt/Xilinx/Vivado/2018.3/data/ip/xpm/xpm_cdc/hdl/xpm_cdc.sv:284]
	Parameter DEST_SYNC_FF bound to: 2 - type: integer 
	Parameter INIT_SYNC_FF bound to: 1 - type: integer 
	Parameter REG_OUTPUT bound to: 0 - type: integer 
	Parameter SIM_ASSERT_CHK bound to: 0 - type: integer 
	Parameter SIM_LOSSLESS_GRAY_CHK bound to: 0 - type: integer 
	Parameter VERSION bound to: 0 - type: integer 
	Parameter WIDTH bound to: 5 - type: integer 
INFO: [Synth 8-5534] Detected attribute (* ASYNC_REG = "TRUE" *) [/opt/Xilinx/Vivado/2018.3/data/ip/xpm/xpm_cdc/hdl/xpm_cdc.sv:358]
WARNING: [Synth 8-6014] Unused sequential element dest_out_bin_ff_reg was removed.  [/opt/Xilinx/Vivado/2018.3/data/ip/xpm/xpm_cdc/hdl/xpm_cdc.sv:417]
INFO: [Synth 8-6155] done synthesizing module 'xpm_cdc_gray' (3#1) [/opt/Xilinx/Vivado/2018.3/data/ip/xpm/xpm_cdc/hdl/xpm_cdc.sv:284]
INFO: [Synth 8-6157] synthesizing module 'xpm_fifo_reg_vec' [/opt/Xilinx/Vivado/2018.3/data/ip/xpm/xpm_fifo/hdl/xpm_fifo.sv:1759]
	Parameter REG_WIDTH bound to: 5 - type: integer 
INFO: [Synth 8-6155] done synthesizing module 'xpm_fifo_reg_vec' (4#1) [/opt/Xilinx/Vivado/2018.3/data/ip/xpm/xpm_fifo/hdl/xpm_fifo.sv:1759]
INFO: [Synth 8-6157] synthesizing module 'xpm_cdc_gray__parameterized0' [/opt/Xilinx/Vivado/2018.3/data/ip/xpm/xpm_cdc/hdl/xpm_cdc.sv:284]
	Parameter DEST_SYNC_FF bound to: 4 - type: integer 
	Parameter INIT_SYNC_FF bound to: 1 - type: integer 
	Parameter REG_OUTPUT bound to: 0 - type: integer 
	Parameter SIM_ASSERT_CHK bound to: 0 - type: integer 
	Parameter SIM_LOSSLESS_GRAY_CHK bound to: 0 - type: integer 
	Parameter VERSION bound to: 0 - type: integer 
	Parameter WIDTH bound to: 6 - type: integer 
WARNING: [Synth 8-6014] Unused sequential element dest_out_bin_ff_reg was removed.  [/opt/Xilinx/Vivado/2018.3/data/ip/xpm/xpm_cdc/hdl/xpm_cdc.sv:417]
INFO: [Synth 8-6155] done synthesizing module 'xpm_cdc_gray__parameterized0' (4#1) [/opt/Xilinx/Vivado/2018.3/data/ip/xpm/xpm_cdc/hdl/xpm_cdc.sv:284]
INFO: [Synth 8-6157] synthesizing module 'xpm_fifo_reg_vec__parameterized0' [/opt/Xilinx/Vivado/2018.3/data/ip/xpm/xpm_fifo/hdl/xpm_fifo.sv:1759]
	Parameter REG_WIDTH bound to: 6 - type: integer 
INFO: [Synth 8-6155] done synthesizing module 'xpm_fifo_reg_vec__parameterized0' (4#1) [/opt/Xilinx/Vivado/2018.3/data/ip/xpm/xpm_fifo/hdl/xpm_fifo.sv:1759]
INFO: [Synth 8-6157] synthesizing module 'xpm_cdc_gray__parameterized1' [/opt/Xilinx/Vivado/2018.3/data/ip/xpm/xpm_cdc/hdl/xpm_cdc.sv:284]
	Parameter DEST_SYNC_FF bound to: 2 - type: integer 
	Parameter INIT_SYNC_FF bound to: 1 - type: integer 
	Parameter REG_OUTPUT bound to: 0 - type: integer 
	Parameter SIM_ASSERT_CHK bound to: 0 - type: integer 
	Parameter SIM_LOSSLESS_GRAY_CHK bound to: 0 - type: integer 
	Parameter VERSION bound to: 0 - type: integer 
	Parameter WIDTH bound to: 6 - type: integer 
WARNING: [Synth 8-6014] Unused sequential element dest_out_bin_ff_reg was removed.  [/opt/Xilinx/Vivado/2018.3/data/ip/xpm/xpm_cdc/hdl/xpm_cdc.sv:417]
INFO: [Synth 8-6155] done synthesizing module 'xpm_cdc_gray__parameterized1' (4#1) [/opt/Xilinx/Vivado/2018.3/data/ip/xpm/xpm_cdc/hdl/xpm_cdc.sv:284]
INFO: [Synth 8-6157] synthesizing module 'xpm_fifo_reg_bit' [/opt/Xilinx/Vivado/2018.3/data/ip/xpm/xpm_fifo/hdl/xpm_fifo.sv:1781]
	Parameter RST_VALUE bound to: 0 - type: integer 
INFO: [Synth 8-6155] done synthesizing module 'xpm_fifo_reg_bit' (5#1) [/opt/Xilinx/Vivado/2018.3/data/ip/xpm/xpm_fifo/hdl/xpm_fifo.sv:1781]
INFO: [Synth 8-226] default block is never used [/opt/Xilinx/Vivado/2018.3/data/ip/xpm/xpm_fifo/hdl/xpm_fifo.sv:1187]
INFO: [Synth 8-226] default block is never used [/opt/Xilinx/Vivado/2018.3/data/ip/xpm/xpm_fifo/hdl/xpm_fifo.sv:1233]
INFO: [Synth 8-226] default block is never used [/opt/Xilinx/Vivado/2018.3/data/ip/xpm/xpm_fifo/hdl/xpm_fifo.sv:1244]
INFO: [Synth 8-6157] synthesizing module 'xpm_counter_updn' [/opt/Xilinx/Vivado/2018.3/data/ip/xpm/xpm_fifo/hdl/xpm_fifo.sv:1733]
	Parameter COUNTER_WIDTH bound to: 2 - type: integer 
	Parameter RESET_VALUE bound to: 0 - type: integer 
INFO: [Synth 8-6155] done synthesizing module 'xpm_counter_updn' (6#1) [/opt/Xilinx/Vivado/2018.3/data/ip/xpm/xpm_fifo/hdl/xpm_fifo.sv:1733]
INFO: [Synth 8-6157] synthesizing module 'xpm_fifo_rst' [/opt/Xilinx/Vivado/2018.3/data/ip/xpm/xpm_fifo/hdl/xpm_fifo.sv:1504]
	Parameter COMMON_CLOCK bound to: 0 - type: integer 
	Parameter CDC_DEST_SYNC_FF bound to: 2 - type: integer 
	Parameter SIM_ASSERT_CHK bound to: 0 - type: integer 
INFO: [Synth 8-226] default block is never used [/opt/Xilinx/Vivado/2018.3/data/ip/xpm/xpm_fifo/hdl/xpm_fifo.sv:1664]
INFO: [Synth 8-226] default block is never used [/opt/Xilinx/Vivado/2018.3/data/ip/xpm/xpm_fifo/hdl/xpm_fifo.sv:1689]
INFO: [Synth 8-6157] synthesizing module 'xpm_cdc_sync_rst__parameterized0' [/opt/Xilinx/Vivado/2018.3/data/ip/xpm/xpm_cdc/hdl/xpm_cdc.sv:1055]
	Parameter DEST_SYNC_FF bound to: 2 - type: integer 
	Parameter INIT bound to: 32'sb00000000000000000000000000000000 
	Parameter INIT_SYNC_FF bound to: 1 - type: integer 
	Parameter SIM_ASSERT_CHK bound to: 0 - type: integer 
	Parameter VERSION bound to: 0 - type: integer 
	Parameter DEF_VAL bound to: 1'b0 
INFO: [Synth 8-6155] done synthesizing module 'xpm_cdc_sync_rst__parameterized0' (6#1) [/opt/Xilinx/Vivado/2018.3/data/ip/xpm/xpm_cdc/hdl/xpm_cdc.sv:1055]
INFO: [Synth 8-6155] done synthesizing module 'xpm_fifo_rst' (7#1) [/opt/Xilinx/Vivado/2018.3/data/ip/xpm/xpm_fifo/hdl/xpm_fifo.sv:1504]
INFO: [Synth 8-6157] synthesizing module 'xpm_counter_updn__parameterized0' [/opt/Xilinx/Vivado/2018.3/data/ip/xpm/xpm_fifo/hdl/xpm_fifo.sv:1733]
	Parameter COUNTER_WIDTH bound to: 6 - type: integer 
	Parameter RESET_VALUE bound to: 0 - type: integer 
INFO: [Synth 8-6155] done synthesizing module 'xpm_counter_updn__parameterized0' (7#1) [/opt/Xilinx/Vivado/2018.3/data/ip/xpm/xpm_fifo/hdl/xpm_fifo.sv:1733]
INFO: [Synth 8-6157] synthesizing module 'xpm_counter_updn__parameterized1' [/opt/Xilinx/Vivado/2018.3/data/ip/xpm/xpm_fifo/hdl/xpm_fifo.sv:1733]
	Parameter COUNTER_WIDTH bound to: 5 - type: integer 
	Parameter RESET_VALUE bound to: 1 - type: integer 
INFO: [Synth 8-6155] done synthesizing module 'xpm_counter_updn__parameterized1' (7#1) [/opt/Xilinx/Vivado/2018.3/data/ip/xpm/xpm_fifo/hdl/xpm_fifo.sv:1733]
INFO: [Synth 8-6157] synthesizing module 'xpm_counter_updn__parameterized2' [/opt/Xilinx/Vivado/2018.3/data/ip/xpm/xpm_fifo/hdl/xpm_fifo.sv:1733]
	Parameter COUNTER_WIDTH bound to: 5 - type: integer 
	Parameter RESET_VALUE bound to: 2 - type: integer 
INFO: [Synth 8-6155] done synthesizing module 'xpm_counter_updn__parameterized2' (7#1) [/opt/Xilinx/Vivado/2018.3/data/ip/xpm/xpm_fifo/hdl/xpm_fifo.sv:1733]
WARNING: [Synth 8-6104] Input port 'value' has an internal driver [/opt/Xilinx/Vivado/2018.3/data/ip/xpm/xpm_fifo/hdl/xpm_fifo.sv:124]
WARNING: [Synth 8-6104] Input port 'value' has an internal driver [/opt/Xilinx/Vivado/2018.3/data/ip/xpm/xpm_fifo/hdl/xpm_fifo.sv:126]
WARNING: [Synth 8-6104] Input port 'value' has an internal driver [/opt/Xilinx/Vivado/2018.3/data/ip/xpm/xpm_fifo/hdl/xpm_fifo.sv:126]
WARNING: [Synth 8-6104] Input port 'value' has an internal driver [/opt/Xilinx/Vivado/2018.3/data/ip/xpm/xpm_fifo/hdl/xpm_fifo.sv:126]
WARNING: [Synth 8-6104] Input port 'value' has an internal driver [/opt/Xilinx/Vivado/2018.3/data/ip/xpm/xpm_fifo/hdl/xpm_fifo.sv:126]
WARNING: [Synth 8-6104] Input port 'value' has an internal driver [/opt/Xilinx/Vivado/2018.3/data/ip/xpm/xpm_fifo/hdl/xpm_fifo.sv:126]
WARNING: [Synth 8-6104] Input port 'value' has an internal driver [/opt/Xilinx/Vivado/2018.3/data/ip/xpm/xpm_fifo/hdl/xpm_fifo.sv:126]
WARNING: [Synth 8-6104] Input port 'value' has an internal driver [/opt/Xilinx/Vivado/2018.3/data/ip/xpm/xpm_fifo/hdl/xpm_fifo.sv:124]
WARNING: [Synth 8-6104] Input port 'value' has an internal driver [/opt/Xilinx/Vivado/2018.3/data/ip/xpm/xpm_fifo/hdl/xpm_fifo.sv:126]
WARNING: [Synth 8-6104] Input port 'value' has an internal driver [/opt/Xilinx/Vivado/2018.3/data/ip/xpm/xpm_fifo/hdl/xpm_fifo.sv:126]
WARNING: [Synth 8-6104] Input port 'value' has an internal driver [/opt/Xilinx/Vivado/2018.3/data/ip/xpm/xpm_fifo/hdl/xpm_fifo.sv:126]
WARNING: [Synth 8-6104] Input port 'value' has an internal driver [/opt/Xilinx/Vivado/2018.3/data/ip/xpm/xpm_fifo/hdl/xpm_fifo.sv:126]
WARNING: [Synth 8-6104] Input port 'value' has an internal driver [/opt/Xilinx/Vivado/2018.3/data/ip/xpm/xpm_fifo/hdl/xpm_fifo.sv:126]
WARNING: [Synth 8-6104] Input port 'value' has an internal driver [/opt/Xilinx/Vivado/2018.3/data/ip/xpm/xpm_fifo/hdl/xpm_fifo.sv:124]
WARNING: [Synth 8-6104] Input port 'value' has an internal driver [/opt/Xilinx/Vivado/2018.3/data/ip/xpm/xpm_fifo/hdl/xpm_fifo.sv:126]
WARNING: [Synth 8-6104] Input port 'value' has an internal driver [/opt/Xilinx/Vivado/2018.3/data/ip/xpm/xpm_fifo/hdl/xpm_fifo.sv:126]
WARNING: [Synth 8-6104] Input port 'value' has an internal driver [/opt/Xilinx/Vivado/2018.3/data/ip/xpm/xpm_fifo/hdl/xpm_fifo.sv:126]
WARNING: [Synth 8-6104] Input port 'value' has an internal driver [/opt/Xilinx/Vivado/2018.3/data/ip/xpm/xpm_fifo/hdl/xpm_fifo.sv:126]
WARNING: [Synth 8-6104] Input port 'value' has an internal driver [/opt/Xilinx/Vivado/2018.3/data/ip/xpm/xpm_fifo/hdl/xpm_fifo.sv:126]
WARNING: [Synth 8-6104] Input port 'value' has an internal driver [/opt/Xilinx/Vivado/2018.3/data/ip/xpm/xpm_fifo/hdl/xpm_fifo.sv:124]
WARNING: [Synth 8-6104] Input port 'value' has an internal driver [/opt/Xilinx/Vivado/2018.3/data/ip/xpm/xpm_fifo/hdl/xpm_fifo.sv:126]
WARNING: [Synth 8-6104] Input port 'value' has an internal driver [/opt/Xilinx/Vivado/2018.3/data/ip/xpm/xpm_fifo/hdl/xpm_fifo.sv:126]
WARNING: [Synth 8-6104] Input port 'value' has an internal driver [/opt/Xilinx/Vivado/2018.3/data/ip/xpm/xpm_fifo/hdl/xpm_fifo.sv:126]
WARNING: [Synth 8-6104] Input port 'value' has an internal driver [/opt/Xilinx/Vivado/2018.3/data/ip/xpm/xpm_fifo/hdl/xpm_fifo.sv:126]
WARNING: [Synth 8-6104] Input port 'value' has an internal driver [/opt/Xilinx/Vivado/2018.3/data/ip/xpm/xpm_fifo/hdl/xpm_fifo.sv:126]
WARNING: [Synth 8-6104] Input port 'value' has an internal driver [/opt/Xilinx/Vivado/2018.3/data/ip/xpm/xpm_fifo/hdl/xpm_fifo.sv:124]
WARNING: [Synth 8-6104] Input port 'value' has an internal driver [/opt/Xilinx/Vivado/2018.3/data/ip/xpm/xpm_fifo/hdl/xpm_fifo.sv:126]
WARNING: [Synth 8-6104] Input port 'value' has an internal driver [/opt/Xilinx/Vivado/2018.3/data/ip/xpm/xpm_fifo/hdl/xpm_fifo.sv:126]
WARNING: [Synth 8-6104] Input port 'value' has an internal driver [/opt/Xilinx/Vivado/2018.3/data/ip/xpm/xpm_fifo/hdl/xpm_fifo.sv:126]
WARNING: [Synth 8-6104] Input port 'value' has an internal driver [/opt/Xilinx/Vivado/2018.3/data/ip/xpm/xpm_fifo/hdl/xpm_fifo.sv:126]
WARNING: [Synth 8-6104] Input port 'value' has an internal driver [/opt/Xilinx/Vivado/2018.3/data/ip/xpm/xpm_fifo/hdl/xpm_fifo.sv:126]
WARNING: [Synth 8-6104] Input port 'value' has an internal driver [/opt/Xilinx/Vivado/2018.3/data/ip/xpm/xpm_fifo/hdl/xpm_fifo.sv:124]
WARNING: [Synth 8-6104] Input port 'value' has an internal driver [/opt/Xilinx/Vivado/2018.3/data/ip/xpm/xpm_fifo/hdl/xpm_fifo.sv:126]
WARNING: [Synth 8-6104] Input port 'value' has an internal driver [/opt/Xilinx/Vivado/2018.3/data/ip/xpm/xpm_fifo/hdl/xpm_fifo.sv:126]
WARNING: [Synth 8-6104] Input port 'value' has an internal driver [/opt/Xilinx/Vivado/2018.3/data/ip/xpm/xpm_fifo/hdl/xpm_fifo.sv:126]
WARNING: [Synth 8-6104] Input port 'value' has an internal driver [/opt/Xilinx/Vivado/2018.3/data/ip/xpm/xpm_fifo/hdl/xpm_fifo.sv:126]
WARNING: [Synth 8-6104] Input port 'value' has an internal driver [/opt/Xilinx/Vivado/2018.3/data/ip/xpm/xpm_fifo/hdl/xpm_fifo.sv:126]
WARNING: [Synth 8-6014] Unused sequential element gdvld.data_valid_std_reg was removed.  [/opt/Xilinx/Vivado/2018.3/data/ip/xpm/xpm_fifo/hdl/xpm_fifo.sv:523]
INFO: [Synth 8-5772] Detected attribute (* rw_addr_collision = "yes" *) on RAM gen_wr_a.gen_word_narrow.mem_reg 
INFO: [Synth 8-4471] merging register 'gen_fwft.empty_fwft_fb_reg' into 'gen_fwft.empty_fwft_i_reg' [/opt/Xilinx/Vivado/2018.3/data/ip/xpm/xpm_fifo/hdl/xpm_fifo.sv:1292]
WARNING: [Synth 8-6014] Unused sequential element gen_fwft.empty_fwft_fb_reg was removed.  [/opt/Xilinx/Vivado/2018.3/data/ip/xpm/xpm_fifo/hdl/xpm_fifo.sv:1292]
INFO: [Synth 8-6155] done synthesizing module 'xpm_fifo_base' (8#1) [/opt/Xilinx/Vivado/2018.3/data/ip/xpm/xpm_fifo/hdl/xpm_fifo.sv:56]
INFO: [Synth 8-5772] Detected attribute (* rw_addr_collision = "yes" *) on RAM gen_wr_a.gen_word_narrow.mem_reg 
INFO: [Synth 8-6155] done synthesizing module 'xpm_fifo_async' (9#1) [/opt/Xilinx/Vivado/2018.3/data/ip/xpm/xpm_fifo/hdl/xpm_fifo.sv:2016]
INFO: [Synth 8-5772] Detected attribute (* rw_addr_collision = "yes" *) on RAM gen_wr_a.gen_word_narrow.mem_reg 
INFO: [Synth 8-6155] done synthesizing module 'axis_clock_converter_v1_1_19_axisc_async_clock_converter' (10#1) [/home/andy/zynq/play_zynq/tpg_vpss/tpg_vpss.srcs/sources_1/bd/system/ipshared/b823/hdl/axis_clock_converter_v1_1_vl_rfs.v:341]
INFO: [Synth 8-6157] synthesizing module 'axis_infrastructure_v1_1_0_util_axis2vector' [/home/andy/zynq/play_zynq/tpg_vpss/tpg_vpss.srcs/sources_1/bd/system/ipshared/8713/hdl/axis_infrastructure_v1_1_vl_rfs.v:810]
	Parameter C_TDATA_WIDTH bound to: 24 - type: integer 
	Parameter C_TID_WIDTH bound to: 1 - type: integer 
	Parameter C_TDEST_WIDTH bound to: 1 - type: integer 
	Parameter C_TUSER_WIDTH bound to: 2 - type: integer 
	Parameter C_TPAYLOAD_WIDTH bound to: 35 - type: integer 
	Parameter C_SIGNAL_SET bound to: 32'b00000000000000000000000011111111 
	Parameter G_INDX_SS_TREADY bound to: 0 - type: integer 
	Parameter G_INDX_SS_TDATA bound to: 1 - type: integer 
	Parameter G_INDX_SS_TSTRB bound to: 2 - type: integer 
	Parameter G_INDX_SS_TKEEP bound to: 3 - type: integer 
	Parameter G_INDX_SS_TLAST bound to: 4 - type: integer 
	Parameter G_INDX_SS_TID bound to: 5 - type: integer 
	Parameter G_INDX_SS_TDEST bound to: 6 - type: integer 
	Parameter G_INDX_SS_TUSER bound to: 7 - type: integer 
	Parameter G_MASK_SS_TREADY bound to: 1 - type: integer 
	Parameter G_MASK_SS_TDATA bound to: 2 - type: integer 
	Parameter G_MASK_SS_TSTRB bound to: 4 - type: integer 
	Parameter G_MASK_SS_TKEEP bound to: 8 - type: integer 
	Parameter G_MASK_SS_TLAST bound to: 16 - type: integer 
	Parameter G_MASK_SS_TID bound to: 32 - type: integer 
	Parameter G_MASK_SS_TDEST bound to: 64 - type: integer 
	Parameter G_MASK_SS_TUSER bound to: 128 - type: integer 
	Parameter G_TASK_SEVERITY_ERR bound to: 2 - type: integer 
	Parameter G_TASK_SEVERITY_WARNING bound to: 1 - type: integer 
	Parameter G_TASK_SEVERITY_INFO bound to: 0 - type: integer 
	Parameter P_TDATA_INDX bound to: 0 - type: integer 
	Parameter P_TSTRB_INDX bound to: 24 - type: integer 
	Parameter P_TKEEP_INDX bound to: 27 - type: integer 
	Parameter P_TLAST_INDX bound to: 30 - type: integer 
	Parameter P_TID_INDX bound to: 31 - type: integer 
	Parameter P_TDEST_INDX bound to: 32 - type: integer 
	Parameter P_TUSER_INDX bound to: 33 - type: integer 
INFO: [Synth 8-6155] done synthesizing module 'axis_infrastructure_v1_1_0_util_axis2vector' (11#1) [/home/andy/zynq/play_zynq/tpg_vpss/tpg_vpss.srcs/sources_1/bd/system/ipshared/8713/hdl/axis_infrastructure_v1_1_vl_rfs.v:810]
INFO: [Synth 8-6157] synthesizing module 'axis_infrastructure_v1_1_0_util_vector2axis' [/home/andy/zynq/play_zynq/tpg_vpss/tpg_vpss.srcs/sources_1/bd/system/ipshared/8713/hdl/axis_infrastructure_v1_1_vl_rfs.v:992]
	Parameter C_TDATA_WIDTH bound to: 24 - type: integer 
	Parameter C_TID_WIDTH bound to: 1 - type: integer 
	Parameter C_TDEST_WIDTH bound to: 1 - type: integer 
	Parameter C_TUSER_WIDTH bound to: 2 - type: integer 
	Parameter C_TPAYLOAD_WIDTH bound to: 35 - type: integer 
	Parameter C_SIGNAL_SET bound to: 32'b00000000000000000000000011111111 
	Parameter G_INDX_SS_TREADY bound to: 0 - type: integer 
	Parameter G_INDX_SS_TDATA bound to: 1 - type: integer 
	Parameter G_INDX_SS_TSTRB bound to: 2 - type: integer 
	Parameter G_INDX_SS_TKEEP bound to: 3 - type: integer 
	Parameter G_INDX_SS_TLAST bound to: 4 - type: integer 
	Parameter G_INDX_SS_TID bound to: 5 - type: integer 
	Parameter G_INDX_SS_TDEST bound to: 6 - type: integer 
	Parameter G_INDX_SS_TUSER bound to: 7 - type: integer 
	Parameter G_MASK_SS_TREADY bound to: 1 - type: integer 
	Parameter G_MASK_SS_TDATA bound to: 2 - type: integer 
	Parameter G_MASK_SS_TSTRB bound to: 4 - type: integer 
	Parameter G_MASK_SS_TKEEP bound to: 8 - type: integer 
	Parameter G_MASK_SS_TLAST bound to: 16 - type: integer 
	Parameter G_MASK_SS_TID bound to: 32 - type: integer 
	Parameter G_MASK_SS_TDEST bound to: 64 - type: integer 
	Parameter G_MASK_SS_TUSER bound to: 128 - type: integer 
	Parameter G_TASK_SEVERITY_ERR bound to: 2 - type: integer 
	Parameter G_TASK_SEVERITY_WARNING bound to: 1 - type: integer 
	Parameter G_TASK_SEVERITY_INFO bound to: 0 - type: integer 
	Parameter P_TDATA_INDX bound to: 0 - type: integer 
	Parameter P_TSTRB_INDX bound to: 24 - type: integer 
	Parameter P_TKEEP_INDX bound to: 27 - type: integer 
	Parameter P_TLAST_INDX bound to: 30 - type: integer 
	Parameter P_TID_INDX bound to: 31 - type: integer 
	Parameter P_TDEST_INDX bound to: 32 - type: integer 
	Parameter P_TUSER_INDX bound to: 33 - type: integer 
INFO: [Synth 8-6155] done synthesizing module 'axis_infrastructure_v1_1_0_util_vector2axis' (12#1) [/home/andy/zynq/play_zynq/tpg_vpss/tpg_vpss.srcs/sources_1/bd/system/ipshared/8713/hdl/axis_infrastructure_v1_1_vl_rfs.v:992]
INFO: [Synth 8-5772] Detected attribute (* rw_addr_collision = "yes" *) on RAM gen_wr_a.gen_word_narrow.mem_reg 
INFO: [Synth 8-6155] done synthesizing module 'axis_clock_converter_v1_1_19_axis_clock_converter' (13#1) [/home/andy/zynq/play_zynq/tpg_vpss/tpg_vpss.srcs/sources_1/bd/system/ipshared/b823/hdl/axis_clock_converter_v1_1_vl_rfs.v:925]
INFO: [Synth 8-5772] Detected attribute (* rw_addr_collision = "yes" *) on RAM gen_wr_a.gen_word_narrow.mem_reg 
INFO: [Synth 8-6155] done synthesizing module 'bd_2d50_deint_cc_0' (14#1) [/home/andy/zynq/play_zynq/tpg_vpss/tpg_vpss.srcs/sources_1/bd/system/ip/system_v_proc_ss_0_0/bd_0/ip/ip_23/synth/bd_2d50_deint_cc_0.v:57]
WARNING: [Synth 8-3331] design xpm_memory_base has unconnected port sleep
WARNING: [Synth 8-3331] design xpm_memory_base has unconnected port rsta
WARNING: [Synth 8-3331] design xpm_memory_base has unconnected port regcea
WARNING: [Synth 8-3331] design xpm_memory_base has unconnected port injectsbiterra
WARNING: [Synth 8-3331] design xpm_memory_base has unconnected port injectdbiterra
WARNING: [Synth 8-3331] design xpm_memory_base has unconnected port web[0]
WARNING: [Synth 8-3331] design xpm_memory_base has unconnected port dinb[34]
WARNING: [Synth 8-3331] design xpm_memory_base has unconnected port dinb[33]
WARNING: [Synth 8-3331] design xpm_memory_base has unconnected port dinb[32]
WARNING: [Synth 8-3331] design xpm_memory_base has unconnected port dinb[31]
WARNING: [Synth 8-3331] design xpm_memory_base has unconnected port dinb[30]
WARNING: [Synth 8-3331] design xpm_memory_base has unconnected port dinb[29]
WARNING: [Synth 8-3331] design xpm_memory_base has unconnected port dinb[28]
WARNING: [Synth 8-3331] design xpm_memory_base has unconnected port dinb[27]
WARNING: [Synth 8-3331] design xpm_memory_base has unconnected port dinb[26]
WARNING: [Synth 8-3331] design xpm_memory_base has unconnected port dinb[25]
WARNING: [Synth 8-3331] design xpm_memory_base has unconnected port dinb[24]
WARNING: [Synth 8-3331] design xpm_memory_base has unconnected port dinb[23]
WARNING: [Synth 8-3331] design xpm_memory_base has unconnected port dinb[22]
WARNING: [Synth 8-3331] design xpm_memory_base has unconnected port dinb[21]
WARNING: [Synth 8-3331] design xpm_memory_base has unconnected port dinb[20]
WARNING: [Synth 8-3331] design xpm_memory_base has unconnected port dinb[19]
WARNING: [Synth 8-3331] design xpm_memory_base has unconnected port dinb[18]
WARNING: [Synth 8-3331] design xpm_memory_base has unconnected port dinb[17]
WARNING: [Synth 8-3331] design xpm_memory_base has unconnected port dinb[16]
WARNING: [Synth 8-3331] design xpm_memory_base has unconnected port dinb[15]
WARNING: [Synth 8-3331] design xpm_memory_base has unconnected port dinb[14]
WARNING: [Synth 8-3331] design xpm_memory_base has unconnected port dinb[13]
WARNING: [Synth 8-3331] design xpm_memory_base has unconnected port dinb[12]
WARNING: [Synth 8-3331] design xpm_memory_base has unconnected port dinb[11]
WARNING: [Synth 8-3331] design xpm_memory_base has unconnected port dinb[10]
WARNING: [Synth 8-3331] design xpm_memory_base has unconnected port dinb[9]
WARNING: [Synth 8-3331] design xpm_memory_base has unconnected port dinb[8]
WARNING: [Synth 8-3331] design xpm_memory_base has unconnected port dinb[7]
WARNING: [Synth 8-3331] design xpm_memory_base has unconnected port dinb[6]
WARNING: [Synth 8-3331] design xpm_memory_base has unconnected port dinb[5]
WARNING: [Synth 8-3331] design xpm_memory_base has unconnected port dinb[4]
WARNING: [Synth 8-3331] design xpm_memory_base has unconnected port dinb[3]
WARNING: [Synth 8-3331] design xpm_memory_base has unconnected port dinb[2]
WARNING: [Synth 8-3331] design xpm_memory_base has unconnected port dinb[1]
WARNING: [Synth 8-3331] design xpm_memory_base has unconnected port dinb[0]
WARNING: [Synth 8-3331] design xpm_memory_base has unconnected port injectsbiterrb
WARNING: [Synth 8-3331] design xpm_memory_base has unconnected port injectdbiterrb
WARNING: [Synth 8-3331] design axis_clock_converter_v1_1_19_axis_clock_converter has unconnected port s_axis_aclken
WARNING: [Synth 8-3331] design axis_clock_converter_v1_1_19_axis_clock_converter has unconnected port m_axis_aclken
---------------------------------------------------------------------------------
Finished RTL Elaboration : Time (s): cpu = 00:00:06 ; elapsed = 00:00:09 . Memory (MB): peak = 1493.969 ; gain = 131.395 ; free physical = 1770 ; free virtual = 4723
---------------------------------------------------------------------------------

Report Check Netlist: 
+------+------------------+-------+---------+-------+------------------+
|      |Item              |Errors |Warnings |Status |Description       |
+------+------------------+-------+---------+-------+------------------+
|1     |multi_driven_nets |      0|        0|Passed |Multi driven nets |
+------+------------------+-------+---------+-------+------------------+
---------------------------------------------------------------------------------
Start Handling Custom Attributes
---------------------------------------------------------------------------------
---------------------------------------------------------------------------------
Finished Handling Custom Attributes : Time (s): cpu = 00:00:06 ; elapsed = 00:00:09 . Memory (MB): peak = 1493.969 ; gain = 131.395 ; free physical = 1748 ; free virtual = 4702
---------------------------------------------------------------------------------
---------------------------------------------------------------------------------
Finished RTL Optimization Phase 1 : Time (s): cpu = 00:00:06 ; elapsed = 00:00:09 . Memory (MB): peak = 1493.969 ; gain = 131.395 ; free physical = 1748 ; free virtual = 4702
---------------------------------------------------------------------------------
INFO: [Device 21-403] Loading part xc7z020clg484-2
INFO: [Project 1-570] Preparing netlist for logic optimization

Processing XDC Constraints
Initializing timing engine
Parsing XDC File [/home/andy/zynq/play_zynq/tpg_vpss/tpg_vpss.srcs/sources_1/bd/system/ip/system_v_proc_ss_0_0/bd_0/ip/ip_23/bd_2d50_deint_cc_0_ooc.xdc] for cell 'inst'
Finished Parsing XDC File [/home/andy/zynq/play_zynq/tpg_vpss/tpg_vpss.srcs/sources_1/bd/system/ip/system_v_proc_ss_0_0/bd_0/ip/ip_23/bd_2d50_deint_cc_0_ooc.xdc] for cell 'inst'
Parsing XDC File [/home/andy/zynq/play_zynq/tpg_vpss/tpg_vpss.runs/bd_2d50_deint_cc_0_synth_1/dont_touch.xdc]
Finished Parsing XDC File [/home/andy/zynq/play_zynq/tpg_vpss/tpg_vpss.runs/bd_2d50_deint_cc_0_synth_1/dont_touch.xdc]
Sourcing Tcl File [/opt/Xilinx/Vivado/2018.3/data/ip/xpm/xpm_cdc/tcl/xpm_cdc_gray.tcl] for cell 'inst/gen_async_conv.axisc_async_clock_converter_0/xpm_fifo_async_inst/gnuram_async_fifo.xpm_fifo_base_inst/gen_cdc_pntr.rd_pntr_cdc_inst'
Finished Sourcing Tcl File [/opt/Xilinx/Vivado/2018.3/data/ip/xpm/xpm_cdc/tcl/xpm_cdc_gray.tcl] for cell 'inst/gen_async_conv.axisc_async_clock_converter_0/xpm_fifo_async_inst/gnuram_async_fifo.xpm_fifo_base_inst/gen_cdc_pntr.rd_pntr_cdc_inst'
Sourcing Tcl File [/opt/Xilinx/Vivado/2018.3/data/ip/xpm/xpm_cdc/tcl/xpm_cdc_gray.tcl] for cell 'inst/gen_async_conv.axisc_async_clock_converter_0/xpm_fifo_async_inst/gnuram_async_fifo.xpm_fifo_base_inst/gen_cdc_pntr.wr_pntr_cdc_inst'
Finished Sourcing Tcl File [/opt/Xilinx/Vivado/2018.3/data/ip/xpm/xpm_cdc/tcl/xpm_cdc_gray.tcl] for cell 'inst/gen_async_conv.axisc_async_clock_converter_0/xpm_fifo_async_inst/gnuram_async_fifo.xpm_fifo_base_inst/gen_cdc_pntr.wr_pntr_cdc_inst'
Sourcing Tcl File [/opt/Xilinx/Vivado/2018.3/data/ip/xpm/xpm_cdc/tcl/xpm_cdc_gray.tcl] for cell 'inst/gen_async_conv.axisc_async_clock_converter_0/xpm_fifo_async_inst/gnuram_async_fifo.xpm_fifo_base_inst/gen_cdc_pntr.wr_pntr_cdc_dc_inst'
Finished Sourcing Tcl File [/opt/Xilinx/Vivado/2018.3/data/ip/xpm/xpm_cdc/tcl/xpm_cdc_gray.tcl] for cell 'inst/gen_async_conv.axisc_async_clock_converter_0/xpm_fifo_async_inst/gnuram_async_fifo.xpm_fifo_base_inst/gen_cdc_pntr.wr_pntr_cdc_dc_inst'
Sourcing Tcl File [/opt/Xilinx/Vivado/2018.3/data/ip/xpm/xpm_cdc/tcl/xpm_cdc_gray.tcl] for cell 'inst/gen_async_conv.axisc_async_clock_converter_0/xpm_fifo_async_inst/gnuram_async_fifo.xpm_fifo_base_inst/gen_cdc_pntr.rd_pntr_cdc_dc_inst'
Finished Sourcing Tcl File [/opt/Xilinx/Vivado/2018.3/data/ip/xpm/xpm_cdc/tcl/xpm_cdc_gray.tcl] for cell 'inst/gen_async_conv.axisc_async_clock_converter_0/xpm_fifo_async_inst/gnuram_async_fifo.xpm_fifo_base_inst/gen_cdc_pntr.rd_pntr_cdc_dc_inst'
INFO: [Project 1-236] Implementation specific constraints were found while reading constraint file [/opt/Xilinx/Vivado/2018.3/data/ip/xpm/xpm_cdc/tcl/xpm_cdc_gray.tcl]. These constraints will be ignored for synthesis but will be used in implementation. Impacted constraints are listed in the file [.Xil/bd_2d50_deint_cc_0_propImpl.xdc].
Resolution: To avoid this warning, move constraints listed in [.Xil/bd_2d50_deint_cc_0_propImpl.xdc] to another XDC file and exclude this new file from synthesis with the used_in_synthesis property (File Properties dialog in GUI) and re-run elaboration/synthesis.
Sourcing Tcl File [/opt/Xilinx/Vivado/2018.3/data/ip/xpm/xpm_cdc/tcl/xpm_cdc_sync_rst.tcl] for cell 'inst/gen_async_conv.axisc_async_clock_converter_0/inst_xpm_cdc_sync_rst'
Finished Sourcing Tcl File [/opt/Xilinx/Vivado/2018.3/data/ip/xpm/xpm_cdc/tcl/xpm_cdc_sync_rst.tcl] for cell 'inst/gen_async_conv.axisc_async_clock_converter_0/inst_xpm_cdc_sync_rst'
Sourcing Tcl File [/opt/Xilinx/Vivado/2018.3/data/ip/xpm/xpm_cdc/tcl/xpm_cdc_sync_rst.tcl] for cell 'inst/gen_async_conv.axisc_async_clock_converter_0/xpm_fifo_async_inst/gnuram_async_fifo.xpm_fifo_base_inst/xpm_fifo_rst_inst/gen_rst_ic.rrst_wr_inst'
Finished Sourcing Tcl File [/opt/Xilinx/Vivado/2018.3/data/ip/xpm/xpm_cdc/tcl/xpm_cdc_sync_rst.tcl] for cell 'inst/gen_async_conv.axisc_async_clock_converter_0/xpm_fifo_async_inst/gnuram_async_fifo.xpm_fifo_base_inst/xpm_fifo_rst_inst/gen_rst_ic.rrst_wr_inst'
Sourcing Tcl File [/opt/Xilinx/Vivado/2018.3/data/ip/xpm/xpm_cdc/tcl/xpm_cdc_sync_rst.tcl] for cell 'inst/gen_async_conv.axisc_async_clock_converter_0/xpm_fifo_async_inst/gnuram_async_fifo.xpm_fifo_base_inst/xpm_fifo_rst_inst/gen_rst_ic.wrst_rd_inst'
Finished Sourcing Tcl File [/opt/Xilinx/Vivado/2018.3/data/ip/xpm/xpm_cdc/tcl/xpm_cdc_sync_rst.tcl] for cell 'inst/gen_async_conv.axisc_async_clock_converter_0/xpm_fifo_async_inst/gnuram_async_fifo.xpm_fifo_base_inst/xpm_fifo_rst_inst/gen_rst_ic.wrst_rd_inst'
Sourcing Tcl File [/opt/Xilinx/Vivado/2018.3/data/ip/xpm/xpm_fifo/tcl/xpm_fifo_rst.tcl] for cell 'inst/gen_async_conv.axisc_async_clock_converter_0/xpm_fifo_async_inst'
Finished Sourcing Tcl File [/opt/Xilinx/Vivado/2018.3/data/ip/xpm/xpm_fifo/tcl/xpm_fifo_rst.tcl] for cell 'inst/gen_async_conv.axisc_async_clock_converter_0/xpm_fifo_async_inst'
INFO: [Project 1-236] Implementation specific constraints were found while reading constraint file [/opt/Xilinx/Vivado/2018.3/data/ip/xpm/xpm_fifo/tcl/xpm_fifo_rst.tcl]. These constraints will be ignored for synthesis but will be used in implementation. Impacted constraints are listed in the file [.Xil/bd_2d50_deint_cc_0_propImpl.xdc].
Resolution: To avoid this warning, move constraints listed in [.Xil/bd_2d50_deint_cc_0_propImpl.xdc] to another XDC file and exclude this new file from synthesis with the used_in_synthesis property (File Properties dialog in GUI) and re-run elaboration/synthesis.
Netlist sorting complete. Time (s): cpu = 00:00:00 ; elapsed = 00:00:00 . Memory (MB): peak = 1881.125 ; gain = 0.000 ; free physical = 1334 ; free virtual = 4315
Completed Processing XDC Constraints

Netlist sorting complete. Time (s): cpu = 00:00:00 ; elapsed = 00:00:00 . Memory (MB): peak = 1881.125 ; gain = 0.000 ; free physical = 1331 ; free virtual = 4317
INFO: [Project 1-111] Unisim Transformation Summary:
No Unisim elements were transformed.

Netlist sorting complete. Time (s): cpu = 00:00:00 ; elapsed = 00:00:00 . Memory (MB): peak = 1881.125 ; gain = 0.000 ; free physical = 1330 ; free virtual = 4315
Constraint Validation Runtime : Time (s): cpu = 00:00:00.03 ; elapsed = 00:00:00.06 . Memory (MB): peak = 1881.125 ; gain = 0.000 ; free physical = 1323 ; free virtual = 4311
---------------------------------------------------------------------------------
Finished Constraint Validation : Time (s): cpu = 00:00:19 ; elapsed = 00:00:28 . Memory (MB): peak = 1881.125 ; gain = 518.551 ; free physical = 1359 ; free virtual = 4360
---------------------------------------------------------------------------------
---------------------------------------------------------------------------------
Start Loading Part and Timing Information
---------------------------------------------------------------------------------
Loading part: xc7z020clg484-2
---------------------------------------------------------------------------------
Finished Loading Part and Timing Information : Time (s): cpu = 00:00:19 ; elapsed = 00:00:28 . Memory (MB): peak = 1881.125 ; gain = 518.551 ; free physical = 1359 ; free virtual = 4360
---------------------------------------------------------------------------------
---------------------------------------------------------------------------------
Start Applying 'set_property' XDC Constraints
---------------------------------------------------------------------------------
Applied set_property DONT_TOUCH = true for inst. (constraint file  /home/andy/zynq/play_zynq/tpg_vpss/tpg_vpss.runs/bd_2d50_deint_cc_0_synth_1/dont_touch.xdc, line 6).
Applied set_property DONT_TOUCH = true for inst/\gen_async_conv.axisc_async_clock_converter_0 /xpm_fifo_async_inst/\gnuram_async_fifo.xpm_fifo_base_inst /\gen_cdc_pntr.rd_pntr_cdc_inst . (constraint file  auto generated constraint, line ).
Applied set_property DONT_TOUCH = true for inst/\gen_async_conv.axisc_async_clock_converter_0 /xpm_fifo_async_inst/\gnuram_async_fifo.xpm_fifo_base_inst /\gen_cdc_pntr.wr_pntr_cdc_inst . (constraint file  auto generated constraint, line ).
Applied set_property DONT_TOUCH = true for inst/\gen_async_conv.axisc_async_clock_converter_0 /xpm_fifo_async_inst/\gnuram_async_fifo.xpm_fifo_base_inst /\gen_cdc_pntr.rd_pntr_cdc_dc_inst . (constraint file  auto generated constraint, line ).
Applied set_property DONT_TOUCH = true for inst/\gen_async_conv.axisc_async_clock_converter_0 /xpm_fifo_async_inst/\gnuram_async_fifo.xpm_fifo_base_inst /\gen_cdc_pntr.wr_pntr_cdc_dc_inst . (constraint file  auto generated constraint, line ).
Applied set_property DONT_TOUCH = true for inst/\gen_async_conv.axisc_async_clock_converter_0 /inst_xpm_cdc_sync_rst. (constraint file  auto generated constraint, line ).
Applied set_property DONT_TOUCH = true for inst/\gen_async_conv.axisc_async_clock_converter_0 /xpm_fifo_async_inst/\gnuram_async_fifo.xpm_fifo_base_inst /xpm_fifo_rst_inst/\gen_rst_ic.rrst_wr_inst . (constraint file  auto generated constraint, line ).
Applied set_property DONT_TOUCH = true for inst/\gen_async_conv.axisc_async_clock_converter_0 /xpm_fifo_async_inst/\gnuram_async_fifo.xpm_fifo_base_inst /xpm_fifo_rst_inst/\gen_rst_ic.wrst_rd_inst . (constraint file  auto generated constraint, line ).
Applied set_property DONT_TOUCH = true for inst/\gen_async_conv.axisc_async_clock_converter_0 /xpm_fifo_async_inst. (constraint file  auto generated constraint, line ).
---------------------------------------------------------------------------------
Finished applying 'set_property' XDC Constraints : Time (s): cpu = 00:00:19 ; elapsed = 00:00:28 . Memory (MB): peak = 1881.125 ; gain = 518.551 ; free physical = 1361 ; free virtual = 4362
---------------------------------------------------------------------------------
INFO: [Synth 8-802] inferred FSM for state register 'gen_rst_ic.curr_wrst_state_reg' in module 'xpm_fifo_rst'
INFO: [Synth 8-802] inferred FSM for state register 'gen_rst_ic.curr_rrst_state_reg' in module 'xpm_fifo_rst'
INFO: [Synth 8-5544] ROM "gen_rst_ic.rst_seq_reentered" won't be mapped to Block RAM because address size (3) smaller than threshold (5)
INFO: [Synth 8-5544] ROM "gen_rst_ic.fifo_wr_rst_i" won't be mapped to Block RAM because address size (3) smaller than threshold (5)
INFO: [Synth 8-5544] ROM "gen_rst_ic.wr_rst_busy_i" won't be mapped to Block RAM because address size (3) smaller than threshold (5)
INFO: [Synth 8-5544] ROM "gen_rst_ic.next_wrst_state" won't be mapped to Block RAM because address size (1) smaller than threshold (5)
INFO: [Synth 8-5544] ROM "gen_rst_ic.next_wrst_state" won't be mapped to Block RAM because address size (1) smaller than threshold (5)
INFO: [Synth 8-5544] ROM "gen_rst_ic.next_wrst_state" won't be mapped to Block RAM because address size (1) smaller than threshold (5)
INFO: [Synth 8-5544] ROM "gen_rst_ic.next_wrst_state" won't be mapped to Block RAM because address size (1) smaller than threshold (5)
INFO: [Synth 8-5544] ROM "gen_rst_ic.next_rrst_state" won't be mapped to Block RAM because address size (1) smaller than threshold (5)
INFO: [Synth 8-5544] ROM "gen_rst_ic.next_rrst_state" won't be mapped to Block RAM because address size (1) smaller than threshold (5)
INFO: [Synth 8-802] inferred FSM for state register 'gen_fwft.curr_fwft_state_reg' in module 'xpm_fifo_base'
INFO: [Synth 8-5544] ROM "gen_fwft.leaving_empty_fwft" won't be mapped to Block RAM because address size (2) smaller than threshold (5)
INFO: [Synth 8-5544] ROM "next_fwft_state" won't be mapped to Block RAM because address size (1) smaller than threshold (5)
INFO: [Synth 8-5544] ROM "next_fwft_state" won't be mapped to Block RAM because address size (1) smaller than threshold (5)
INFO: [Synth 8-5544] ROM "next_fwft_state" won't be mapped to Block RAM because address size (1) smaller than threshold (5)
INFO: [Synth 8-5544] ROM "next_fwft_state" won't be mapped to Block RAM because address size (1) smaller than threshold (5)
---------------------------------------------------------------------------------------------------
                   State |                     New Encoding |                Previous Encoding 
---------------------------------------------------------------------------------------------------
               WRST_IDLE |                            00001 |                              000
                 WRST_IN |                            00010 |                              010
                WRST_OUT |                            00100 |                              111
               WRST_EXIT |                            01000 |                              110
            WRST_GO2IDLE |                            10000 |                              100
---------------------------------------------------------------------------------------------------
INFO: [Synth 8-3354] encoded FSM with state register 'gen_rst_ic.curr_wrst_state_reg' using encoding 'one-hot' in module 'xpm_fifo_rst'
---------------------------------------------------------------------------------------------------
                   State |                     New Encoding |                Previous Encoding 
---------------------------------------------------------------------------------------------------
               RRST_IDLE |                               00 |                               00
                 RRST_IN |                               01 |                               10
                RRST_OUT |                               10 |                               11
               RRST_EXIT |                               11 |                               01
---------------------------------------------------------------------------------------------------
INFO: [Synth 8-3354] encoded FSM with state register 'gen_rst_ic.curr_rrst_state_reg' using encoding 'sequential' in module 'xpm_fifo_rst'
---------------------------------------------------------------------------------------------------
                   State |                     New Encoding |                Previous Encoding 
---------------------------------------------------------------------------------------------------
                 invalid |                               00 |                               00
            stage1_valid |                               01 |                               10
       both_stages_valid |                               10 |                               11
            stage2_valid |                               11 |                               01
---------------------------------------------------------------------------------------------------
INFO: [Synth 8-3354] encoded FSM with state register 'gen_fwft.curr_fwft_state_reg' using encoding 'sequential' in module 'xpm_fifo_base'
---------------------------------------------------------------------------------
Finished RTL Optimization Phase 2 : Time (s): cpu = 00:00:20 ; elapsed = 00:00:29 . Memory (MB): peak = 1881.125 ; gain = 518.551 ; free physical = 1312 ; free virtual = 4313
---------------------------------------------------------------------------------

Report RTL Partitions: 
+-+--------------+------------+----------+
| |RTL Partition |Replication |Instances |
+-+--------------+------------+----------+
+-+--------------+------------+----------+
---------------------------------------------------------------------------------
Start RTL Component Statistics 
---------------------------------------------------------------------------------
Detailed RTL Component Info : 
+---Adders : 
	   4 Input      6 Bit       Adders := 2     
	   2 Input      6 Bit       Adders := 2     
	   4 Input      5 Bit       Adders := 3     
	   4 Input      2 Bit       Adders := 1     
+---XORs : 
	   2 Input      6 Bit         XORs := 2     
	   2 Input      5 Bit         XORs := 2     
	   2 Input      1 Bit         XORs := 18    
+---Registers : 
	               35 Bit    Registers := 2     
	                6 Bit    Registers := 12    
	                5 Bit    Registers := 11    
	                2 Bit    Registers := 5     
	                1 Bit    Registers := 15    
+---Muxes : 
	   5 Input      5 Bit        Muxes := 1     
	   2 Input      5 Bit        Muxes := 5     
	   4 Input      2 Bit        Muxes := 8     
	   2 Input      2 Bit        Muxes := 33    
	   5 Input      1 Bit        Muxes := 4     
	   4 Input      1 Bit        Muxes := 3     
	   2 Input      1 Bit        Muxes := 4     
---------------------------------------------------------------------------------
Finished RTL Component Statistics 
---------------------------------------------------------------------------------
---------------------------------------------------------------------------------
Start RTL Hierarchical Component Statistics 
---------------------------------------------------------------------------------
Hierarchical RTL Component report 
Module xpm_cdc_sync_rst 
Detailed RTL Component Info : 
+---Registers : 
	                2 Bit    Registers := 1     
Module xpm_memory_base 
Detailed RTL Component Info : 
+---Registers : 
	               35 Bit    Registers := 2     
Module xpm_cdc_gray 
Detailed RTL Component Info : 
+---XORs : 
	   2 Input      5 Bit         XORs := 1     
	   2 Input      1 Bit         XORs := 4     
+---Registers : 
	                5 Bit    Registers := 3     
Module xpm_fifo_reg_vec 
Detailed RTL Component Info : 
+---Registers : 
	                5 Bit    Registers := 1     
Module xpm_cdc_gray__parameterized0 
Detailed RTL Component Info : 
+---XORs : 
	   2 Input      6 Bit         XORs := 1     
	   2 Input      1 Bit         XORs := 5     
+---Registers : 
	                6 Bit    Registers := 5     
Module xpm_fifo_reg_vec__parameterized0 
Detailed RTL Component Info : 
+---Registers : 
	                6 Bit    Registers := 1     
Module xpm_cdc_gray__parameterized1 
Detailed RTL Component Info : 
+---XORs : 
	   2 Input      6 Bit         XORs := 1     
	   2 Input      1 Bit         XORs := 5     
+---Registers : 
	                6 Bit    Registers := 3     
Module xpm_fifo_reg_bit 
Detailed RTL Component Info : 
+---Registers : 
	                1 Bit    Registers := 1     
Module xpm_counter_updn 
Detailed RTL Component Info : 
+---Adders : 
	   4 Input      2 Bit       Adders := 1     
+---Registers : 
	                2 Bit    Registers := 1     
Module xpm_cdc_sync_rst__parameterized0 
Detailed RTL Component Info : 
+---Registers : 
	                2 Bit    Registers := 1     
Module xpm_fifo_rst 
Detailed RTL Component Info : 
+---Registers : 
	                2 Bit    Registers := 1     
	                1 Bit    Registers := 4     
+---Muxes : 
	   5 Input      5 Bit        Muxes := 1     
	   2 Input      5 Bit        Muxes := 5     
	   4 Input      2 Bit        Muxes := 1     
	   2 Input      2 Bit        Muxes := 2     
	   5 Input      1 Bit        Muxes := 4     
	   4 Input      1 Bit        Muxes := 1     
Module xpm_counter_updn__parameterized0 
Detailed RTL Component Info : 
+---Adders : 
	   4 Input      6 Bit       Adders := 1     
+---Registers : 
	                6 Bit    Registers := 1     
Module xpm_counter_updn__parameterized1 
Detailed RTL Component Info : 
+---Adders : 
	   4 Input      5 Bit       Adders := 1     
+---Registers : 
	                5 Bit    Registers := 1     
Module xpm_counter_updn__parameterized2 
Detailed RTL Component Info : 
+---Adders : 
	   4 Input      5 Bit       Adders := 1     
+---Registers : 
	                5 Bit    Registers := 1     
Module xpm_fifo_base 
Detailed RTL Component Info : 
+---Adders : 
	   2 Input      6 Bit       Adders := 2     
+---Registers : 
	                1 Bit    Registers := 5     
+---Muxes : 
	   2 Input      2 Bit        Muxes := 31    
	   4 Input      2 Bit        Muxes := 7     
	   4 Input      1 Bit        Muxes := 2     
	   2 Input      1 Bit        Muxes := 4     
Module axis_clock_converter_v1_1_19_axisc_async_clock_converter 
Detailed RTL Component Info : 
+---Registers : 
	                1 Bit    Registers := 1     
---------------------------------------------------------------------------------
Finished RTL Hierarchical Component Statistics
---------------------------------------------------------------------------------
---------------------------------------------------------------------------------
Start Part Resource Summary
---------------------------------------------------------------------------------
Part Resources:
DSPs: 220 (col length:60)
BRAMs: 280 (col length: RAMB18 60 RAMB36 30)
---------------------------------------------------------------------------------
Finished Part Resource Summary
---------------------------------------------------------------------------------
---------------------------------------------------------------------------------
Start Cross Boundary and Area Optimization
---------------------------------------------------------------------------------
Warning: Parallel synthesis criteria is not met 
WARNING: [Synth 8-3331] design xpm_memory_base has unconnected port rsta
WARNING: [Synth 8-3331] design xpm_memory_base has unconnected port regcea
WARNING: [Synth 8-3331] design xpm_memory_base has unconnected port injectsbiterra
WARNING: [Synth 8-3331] design xpm_memory_base has unconnected port injectdbiterra
WARNING: [Synth 8-3331] design xpm_memory_base has unconnected port web[0]
WARNING: [Synth 8-3331] design xpm_memory_base has unconnected port dinb[34]
WARNING: [Synth 8-3331] design xpm_memory_base has unconnected port dinb[33]
WARNING: [Synth 8-3331] design xpm_memory_base has unconnected port dinb[32]
WARNING: [Synth 8-3331] design xpm_memory_base has unconnected port dinb[31]
WARNING: [Synth 8-3331] design xpm_memory_base has unconnected port dinb[30]
WARNING: [Synth 8-3331] design xpm_memory_base has unconnected port dinb[29]
WARNING: [Synth 8-3331] design xpm_memory_base has unconnected port dinb[28]
WARNING: [Synth 8-3331] design xpm_memory_base has unconnected port dinb[27]
WARNING: [Synth 8-3331] design xpm_memory_base has unconnected port dinb[26]
WARNING: [Synth 8-3331] design xpm_memory_base has unconnected port dinb[25]
WARNING: [Synth 8-3331] design xpm_memory_base has unconnected port dinb[24]
WARNING: [Synth 8-3331] design xpm_memory_base has unconnected port dinb[23]
WARNING: [Synth 8-3331] design xpm_memory_base has unconnected port dinb[22]
WARNING: [Synth 8-3331] design xpm_memory_base has unconnected port dinb[21]
WARNING: [Synth 8-3331] design xpm_memory_base has unconnected port dinb[20]
WARNING: [Synth 8-3331] design xpm_memory_base has unconnected port dinb[19]
WARNING: [Synth 8-3331] design xpm_memory_base has unconnected port dinb[18]
WARNING: [Synth 8-3331] design xpm_memory_base has unconnected port dinb[17]
WARNING: [Synth 8-3331] design xpm_memory_base has unconnected port dinb[16]
WARNING: [Synth 8-3331] design xpm_memory_base has unconnected port dinb[15]
WARNING: [Synth 8-3331] design xpm_memory_base has unconnected port dinb[14]
WARNING: [Synth 8-3331] design xpm_memory_base has unconnected port dinb[13]
WARNING: [Synth 8-3331] design xpm_memory_base has unconnected port dinb[12]
WARNING: [Synth 8-3331] design xpm_memory_base has unconnected port dinb[11]
WARNING: [Synth 8-3331] design xpm_memory_base has unconnected port dinb[10]
WARNING: [Synth 8-3331] design xpm_memory_base has unconnected port dinb[9]
WARNING: [Synth 8-3331] design xpm_memory_base has unconnected port dinb[8]
WARNING: [Synth 8-3331] design xpm_memory_base has unconnected port dinb[7]
WARNING: [Synth 8-3331] design xpm_memory_base has unconnected port dinb[6]
WARNING: [Synth 8-3331] design xpm_memory_base has unconnected port dinb[5]
WARNING: [Synth 8-3331] design xpm_memory_base has unconnected port dinb[4]
WARNING: [Synth 8-3331] design xpm_memory_base has unconnected port dinb[3]
WARNING: [Synth 8-3331] design xpm_memory_base has unconnected port dinb[2]
WARNING: [Synth 8-3331] design xpm_memory_base has unconnected port dinb[1]
WARNING: [Synth 8-3331] design xpm_memory_base has unconnected port dinb[0]
WARNING: [Synth 8-3331] design xpm_memory_base has unconnected port injectsbiterrb
WARNING: [Synth 8-3331] design xpm_memory_base has unconnected port injectdbiterrb
WARNING: [Synth 8-3331] design axis_clock_converter_v1_1_19_axis_clock_converter has unconnected port s_axis_aclken
WARNING: [Synth 8-3331] design axis_clock_converter_v1_1_19_axis_clock_converter has unconnected port m_axis_aclken
---------------------------------------------------------------------------------
Finished Cross Boundary and Area Optimization : Time (s): cpu = 00:00:21 ; elapsed = 00:00:30 . Memory (MB): peak = 1881.125 ; gain = 518.551 ; free physical = 1561 ; free virtual = 4562
---------------------------------------------------------------------------------
---------------------------------------------------------------------------------
Start ROM, RAM, DSP and Shift Register Reporting
---------------------------------------------------------------------------------

Distributed RAM: Preliminary Mapping  Report (see note below)
+-------------------------------------------------------------------------------------------------------------------------------------------------+----------------------------------+----------------+----------------------+--------------+
|Module Name                                                                                                                                      | RTL Object                       | Inference      | Size (Depth x Width) | Primitives   | 
+-------------------------------------------------------------------------------------------------------------------------------------------------+----------------------------------+----------------+----------------------+--------------+
|inst/\gen_async_conv.axisc_async_clock_converter_0/xpm_fifo_async_inst /\gnuram_async_fifo.xpm_fifo_base_inst /\gen_sdpram.xpm_memory_base_inst  | gen_wr_a.gen_word_narrow.mem_reg | User Attribute | 32 x 35              | RAM32M x 6   | 
+-------------------------------------------------------------------------------------------------------------------------------------------------+----------------------------------+----------------+----------------------+--------------+

Note: The table above is a preliminary report that shows the Distributed RAMs at the current stage of the synthesis flow. Some Distributed RAMs may be reimplemented as non Distributed RAM primitives later in the synthesis flow. Multiple instantiated RAMs are reported only once.
---------------------------------------------------------------------------------
Finished ROM, RAM, DSP and Shift Register Reporting
---------------------------------------------------------------------------------

Report RTL Partitions: 
+-+--------------+------------+----------+
| |RTL Partition |Replication |Instances |
+-+--------------+------------+----------+
+-+--------------+------------+----------+
---------------------------------------------------------------------------------
Start Applying XDC Timing Constraints
---------------------------------------------------------------------------------
---------------------------------------------------------------------------------
Finished Applying XDC Timing Constraints : Time (s): cpu = 00:00:33 ; elapsed = 00:00:45 . Memory (MB): peak = 1881.125 ; gain = 518.551 ; free physical = 2548 ; free virtual = 5539
---------------------------------------------------------------------------------
---------------------------------------------------------------------------------
Start Timing Optimization
---------------------------------------------------------------------------------
---------------------------------------------------------------------------------
Finished Timing Optimization : Time (s): cpu = 00:00:34 ; elapsed = 00:00:45 . Memory (MB): peak = 1881.125 ; gain = 518.551 ; free physical = 2617 ; free virtual = 5608
---------------------------------------------------------------------------------
---------------------------------------------------------------------------------
Start ROM, RAM, DSP and Shift Register Reporting
---------------------------------------------------------------------------------

Distributed RAM: Final Mapping  Report
+-------------------------------------------------------------------------------------------------------------------------------------------------+----------------------------------+----------------+----------------------+--------------+
|Module Name                                                                                                                                      | RTL Object                       | Inference      | Size (Depth x Width) | Primitives   | 
+-------------------------------------------------------------------------------------------------------------------------------------------------+----------------------------------+----------------+----------------------+--------------+
|inst/\gen_async_conv.axisc_async_clock_converter_0/xpm_fifo_async_inst /\gnuram_async_fifo.xpm_fifo_base_inst /\gen_sdpram.xpm_memory_base_inst  | gen_wr_a.gen_word_narrow.mem_reg | User Attribute | 32 x 35              | RAM32M x 6   | 
+-------------------------------------------------------------------------------------------------------------------------------------------------+----------------------------------+----------------+----------------------+--------------+

---------------------------------------------------------------------------------
Finished ROM, RAM, DSP and Shift Register Reporting
---------------------------------------------------------------------------------

Report RTL Partitions: 
+-+--------------+------------+----------+
| |RTL Partition |Replication |Instances |
+-+--------------+------------+----------+
+-+--------------+------------+----------+
---------------------------------------------------------------------------------
Start Technology Mapping
---------------------------------------------------------------------------------
---------------------------------------------------------------------------------
Finished Technology Mapping : Time (s): cpu = 00:00:34 ; elapsed = 00:00:46 . Memory (MB): peak = 1881.125 ; gain = 518.551 ; free physical = 2597 ; free virtual = 5589
---------------------------------------------------------------------------------

Report RTL Partitions: 
+-+--------------+------------+----------+
| |RTL Partition |Replication |Instances |
+-+--------------+------------+----------+
+-+--------------+------------+----------+
---------------------------------------------------------------------------------
Start IO Insertion
---------------------------------------------------------------------------------
---------------------------------------------------------------------------------
Start Flattening Before IO Insertion
---------------------------------------------------------------------------------
---------------------------------------------------------------------------------
Finished Flattening Before IO Insertion
---------------------------------------------------------------------------------
---------------------------------------------------------------------------------
Start Final Netlist Cleanup
---------------------------------------------------------------------------------
---------------------------------------------------------------------------------
Finished Final Netlist Cleanup
---------------------------------------------------------------------------------
---------------------------------------------------------------------------------
Finished IO Insertion : Time (s): cpu = 00:00:35 ; elapsed = 00:00:47 . Memory (MB): peak = 1881.125 ; gain = 518.551 ; free physical = 2506 ; free virtual = 5498
---------------------------------------------------------------------------------

Report Check Netlist: 
+------+------------------+-------+---------+-------+------------------+
|      |Item              |Errors |Warnings |Status |Description       |
+------+------------------+-------+---------+-------+------------------+
|1     |multi_driven_nets |      0|        0|Passed |Multi driven nets |
+------+------------------+-------+---------+-------+------------------+
---------------------------------------------------------------------------------
Start Renaming Generated Instances
---------------------------------------------------------------------------------
---------------------------------------------------------------------------------
Finished Renaming Generated Instances : Time (s): cpu = 00:00:35 ; elapsed = 00:00:47 . Memory (MB): peak = 1881.125 ; gain = 518.551 ; free physical = 2505 ; free virtual = 5498
---------------------------------------------------------------------------------

Report RTL Partitions: 
+-+--------------+------------+----------+
| |RTL Partition |Replication |Instances |
+-+--------------+------------+----------+
+-+--------------+------------+----------+
---------------------------------------------------------------------------------
Start Rebuilding User Hierarchy
---------------------------------------------------------------------------------
---------------------------------------------------------------------------------
Finished Rebuilding User Hierarchy : Time (s): cpu = 00:00:35 ; elapsed = 00:00:47 . Memory (MB): peak = 1881.125 ; gain = 518.551 ; free physical = 2487 ; free virtual = 5480
---------------------------------------------------------------------------------
---------------------------------------------------------------------------------
Start Renaming Generated Ports
---------------------------------------------------------------------------------
---------------------------------------------------------------------------------
Finished Renaming Generated Ports : Time (s): cpu = 00:00:35 ; elapsed = 00:00:47 . Memory (MB): peak = 1881.125 ; gain = 518.551 ; free physical = 2486 ; free virtual = 5479
---------------------------------------------------------------------------------
---------------------------------------------------------------------------------
Start Handling Custom Attributes
---------------------------------------------------------------------------------
---------------------------------------------------------------------------------
Finished Handling Custom Attributes : Time (s): cpu = 00:00:35 ; elapsed = 00:00:47 . Memory (MB): peak = 1881.125 ; gain = 518.551 ; free physical = 2469 ; free virtual = 5462
---------------------------------------------------------------------------------
---------------------------------------------------------------------------------
Start Renaming Generated Nets
---------------------------------------------------------------------------------
---------------------------------------------------------------------------------
Finished Renaming Generated Nets : Time (s): cpu = 00:00:36 ; elapsed = 00:00:47 . Memory (MB): peak = 1881.125 ; gain = 518.551 ; free physical = 2466 ; free virtual = 5459
---------------------------------------------------------------------------------
---------------------------------------------------------------------------------
Start Writing Synthesis Report
---------------------------------------------------------------------------------

Report BlackBoxes: 
+-+--------------+----------+
| |BlackBox name |Instances |
+-+--------------+----------+
+-+--------------+----------+

Report Cell Usage: 
+------+-------+------+
|      |Cell   |Count |
+------+-------+------+
|1     |CARRY4 |     2|
|2     |LUT1   |     5|
|3     |LUT2   |    30|
|4     |LUT3   |    20|
|5     |LUT4   |    21|
|6     |LUT5   |    16|
|7     |LUT6   |    18|
|8     |RAM32M |     6|
|9     |FDRE   |   208|
|10    |FDSE   |     6|
+------+-------+------+

Report Instance Areas: 
+------+---------------------------------------------------+---------------------------------------------------------+------+
|      |Instance                                           |Module                                                   |Cells |
+------+---------------------------------------------------+---------------------------------------------------------+------+
|1     |top                                                |                                                         |   332|
|2     |  inst                                             |axis_clock_converter_v1_1_19_axis_clock_converter        |   332|
|3     |    \gen_async_conv.axisc_async_clock_converter_0  |axis_clock_converter_v1_1_19_axisc_async_clock_converter |   332|
|4     |      inst_xpm_cdc_sync_rst                        |xpm_cdc_sync_rst                                         |     2|
|5     |      xpm_fifo_async_inst                          |xpm_fifo_async                                           |   326|
|6     |        \gnuram_async_fifo.xpm_fifo_base_inst      |xpm_fifo_base                                            |   326|
|7     |          \gen_sdpram.xpm_memory_base_inst         |xpm_memory_base                                          |    76|
|8     |          \gen_cdc_pntr.wr_pntr_cdc_inst           |xpm_cdc_gray__2                                          |    23|
|9     |          \gen_cdc_pntr.wr_pntr_cdc_dc_inst        |xpm_cdc_gray__parameterized0                             |    40|
|10    |          \gen_cdc_pntr.rd_pntr_cdc_inst           |xpm_cdc_gray                                             |    23|
|11    |          \gen_cdc_pntr.rd_pntr_cdc_dc_inst        |xpm_cdc_gray__parameterized1                             |    28|
|12    |          \gen_cdc_pntr.rpw_gray_reg               |xpm_fifo_reg_vec                                         |     7|
|13    |          \gen_cdc_pntr.wpr_gray_reg               |xpm_fifo_reg_vec_0                                       |     9|
|14    |          \gen_fwft.rdpp1_inst                     |xpm_counter_updn                                         |    10|
|15    |          rdp_inst                                 |xpm_counter_updn__parameterized0                         |    18|
|16    |          rdpp1_inst                               |xpm_counter_updn__parameterized1                         |    11|
|17    |          rst_d1_inst                              |xpm_fifo_reg_bit                                         |     4|
|18    |          wrp_inst                                 |xpm_counter_updn__parameterized0_1                       |    13|
|19    |          wrpp1_inst                               |xpm_counter_updn__parameterized1_2                       |    11|
|20    |          wrpp2_inst                               |xpm_counter_updn__parameterized2                         |    11|
|21    |          xpm_fifo_rst_inst                        |xpm_fifo_rst                                             |    31|
|22    |            \gen_rst_ic.wrst_rd_inst               |xpm_cdc_sync_rst__parameterized0__2                      |     2|
|23    |            \gen_rst_ic.rrst_wr_inst               |xpm_cdc_sync_rst__parameterized0                         |     2|
+------+---------------------------------------------------+---------------------------------------------------------+------+
---------------------------------------------------------------------------------
Finished Writing Synthesis Report : Time (s): cpu = 00:00:36 ; elapsed = 00:00:47 . Memory (MB): peak = 1881.125 ; gain = 518.551 ; free physical = 2460 ; free virtual = 5453
---------------------------------------------------------------------------------
Synthesis finished with 0 errors, 0 critical warnings and 44 warnings.
Synthesis Optimization Runtime : Time (s): cpu = 00:00:27 ; elapsed = 00:00:35 . Memory (MB): peak = 1881.125 ; gain = 131.395 ; free physical = 2522 ; free virtual = 5515
Synthesis Optimization Complete : Time (s): cpu = 00:00:36 ; elapsed = 00:00:48 . Memory (MB): peak = 1881.125 ; gain = 518.551 ; free physical = 2534 ; free virtual = 5527
INFO: [Project 1-571] Translating synthesized netlist
INFO: [Netlist 29-17] Analyzing 8 Unisim elements for replacement
INFO: [Netlist 29-28] Unisim Transformation completed in 0 CPU seconds
INFO: [Project 1-570] Preparing netlist for logic optimization
INFO: [Opt 31-138] Pushed 0 inverter(s) to 0 load pin(s).
Netlist sorting complete. Time (s): cpu = 00:00:00.01 ; elapsed = 00:00:00 . Memory (MB): peak = 1881.125 ; gain = 0.000 ; free physical = 2303 ; free virtual = 5297
INFO: [Project 1-111] Unisim Transformation Summary:
  A total of 6 instances were transformed.
  RAM32M => RAM32M (RAMD32, RAMD32, RAMD32, RAMD32, RAMD32, RAMD32, RAMS32, RAMS32): 6 instances

INFO: [Common 17-83] Releasing license: Synthesis
92 Infos, 175 Warnings, 0 Critical Warnings and 0 Errors encountered.
synth_design completed successfully
synth_design: Time (s): cpu = 00:00:39 ; elapsed = 00:00:50 . Memory (MB): peak = 1881.125 ; gain = 530.359 ; free physical = 2348 ; free virtual = 5342
Netlist sorting complete. Time (s): cpu = 00:00:00 ; elapsed = 00:00:00 . Memory (MB): peak = 1881.125 ; gain = 0.000 ; free physical = 2348 ; free virtual = 5342
WARNING: [Constraints 18-5210] No constraints selected for write.
Resolution: This message can indicate that there are no constraints for the design, or it can indicate that the used_in flags are set such that the constraints are ignored. This later case is used when running synth_design to not write synthesis constraints to the resulting checkpoint. Instead, project constraints are read when the synthesized design is opened.
INFO: [Common 17-1381] The checkpoint '/home/andy/zynq/play_zynq/tpg_vpss/tpg_vpss.runs/bd_2d50_deint_cc_0_synth_1/bd_2d50_deint_cc_0.dcp' has been generated.
INFO: [Coretcl 2-1648] Added synthesis output to IP cache for IP bd_2d50_deint_cc_0, cache-ID = c340fbe6b4ac3b52
INFO: [Coretcl 2-1174] Renamed 22 cell refs.
Netlist sorting complete. Time (s): cpu = 00:00:00 ; elapsed = 00:00:00 . Memory (MB): peak = 1905.137 ; gain = 0.000 ; free physical = 2296 ; free virtual = 5291
WARNING: [Constraints 18-5210] No constraints selected for write.
Resolution: This message can indicate that there are no constraints for the design, or it can indicate that the used_in flags are set such that the constraints are ignored. This later case is used when running synth_design to not write synthesis constraints to the resulting checkpoint. Instead, project constraints are read when the synthesized design is opened.
INFO: [Common 17-1381] The checkpoint '/home/andy/zynq/play_zynq/tpg_vpss/tpg_vpss.runs/bd_2d50_deint_cc_0_synth_1/bd_2d50_deint_cc_0.dcp' has been generated.
INFO: [runtcl-4] Executing : report_utilization -file bd_2d50_deint_cc_0_utilization_synth.rpt -pb bd_2d50_deint_cc_0_utilization_synth.pb
INFO: [Common 17-206] Exiting Vivado at Sat Apr 24 21:18:25 2021...
