#-----------------------------------------------------------
# Webtalk v2018.3 (64-bit)
# SW Build 2405991 on Thu Dec  6 23:36:41 MST 2018
# 
# Start of session at: Mon Dec 28 00:31:28 2020
# Process ID: 311156
# Current directory: /home/andy/zynq/09_vdma_test_to_flash/vdma_test_to_flash.sdk/webtalk
# Command line: wbtcv -mode batch -source sdk_webtalk.tcl
# Log file: /home/andy/zynq/09_vdma_test_to_flash/vdma_test_to_flash.sdk/webtalk/webtalk.log
# Journal file: /home/andy/zynq/09_vdma_test_to_flash/vdma_test_to_flash.sdk/webtalk/webtalk.jou
#-----------------------------------------------------------
source sdk_webtalk.tcl
# webtalk_init -webtalk_dir /home/andy/zynq/09_vdma_test_to_flash/vdma_test_to_flash.sdk/webtalk
# webtalk_register_client -client project
# webtalk_add_data -client project -key date_generated -value "2020-12-28 00:31:27" -context "software_version_and_target_device"
# webtalk_add_data -client project -key product_version -value "SDK v2018.3" -context "software_version_and_target_device"
# webtalk_add_data -client project -key build_version -value "2018.3" -context "software_version_and_target_device"
# webtalk_add_data -client project -key os_platform -value "amd64" -context "software_version_and_target_device"
# webtalk_add_data -client project -key registration_id -value "" -context "software_version_and_target_device"
# webtalk_add_data -client project -key tool_flow -value "SDK" -context "software_version_and_target_device"
# webtalk_add_data -client project -key beta -value "false" -context "software_version_and_target_device"
# webtalk_add_data -client project -key route_design -value "NA" -context "software_version_and_target_device"
# webtalk_add_data -client project -key target_family -value "NA" -context "software_version_and_target_device"
# webtalk_add_data -client project -key target_device -value "NA" -context "software_version_and_target_device"
# webtalk_add_data -client project -key target_package -value "NA" -context "software_version_and_target_device"
# webtalk_add_data -client project -key target_speed -value "NA" -context "software_version_and_target_device"
# webtalk_add_data -client project -key random_id -value "8a1e1ou9l73cm7kdo79g1bicgd" -context "software_version_and_target_device"
# webtalk_add_data -client project -key project_id -value "2018.3_13" -context "software_version_and_target_device"
# webtalk_add_data -client project -key project_iteration -value "13" -context "software_version_and_target_device"
# webtalk_add_data -client project -key os_name -value "Arch" -context "user_environment"
# webtalk_add_data -client project -key os_release -value "Arch Linux" -context "user_environment"
# webtalk_add_data -client project -key cpu_name -value "Intel(R) Core(TM) i7-3840QM CPU @ 2.80GHz" -context "user_environment"
# webtalk_add_data -client project -key cpu_speed -value "1409.661 MHz" -context "user_environment"
# webtalk_add_data -client project -key total_processors -value "1" -context "user_environment"
# webtalk_add_data -client project -key system_ram -value "16.641 GB" -context "user_environment"
# webtalk_register_client -client sdk
# webtalk_add_data -client sdk -key uid -value "1609085361000" -context "sdk\\\\bsp/1609085361000"
# webtalk_add_data -client sdk -key hwid -value "1609054296000" -context "sdk\\\\bsp/1609085361000"
# webtalk_add_data -client sdk -key os -value "standalone" -context "sdk\\\\bsp/1609085361000"
# webtalk_add_data -client sdk -key apptemplate -value "null" -context "sdk\\\\bsp/1609085361000"
# webtalk_add_data -client sdk -key RecordType -value "BSPCreation" -context "sdk\\\\bsp/1609085361000"
# webtalk_add_data -client sdk -key uid -value "NA" -context "sdk\\\\bsp/1609086687509"
# webtalk_add_data -client sdk -key RecordType -value "ToolUsage" -context "sdk\\\\bsp/1609086687509"
# webtalk_add_data -client sdk -key BootgenCount -value "0" -context "sdk\\\\bsp/1609086687509"
# webtalk_add_data -client sdk -key DebugCount -value "0" -context "sdk\\\\bsp/1609086687509"
# webtalk_add_data -client sdk -key PerfCount -value "0" -context "sdk\\\\bsp/1609086687509"
# webtalk_add_data -client sdk -key FlashCount -value "0" -context "sdk\\\\bsp/1609086687509"
# webtalk_add_data -client sdk -key CrossTriggCount -value "0" -context "sdk\\\\bsp/1609086687509"
# webtalk_add_data -client sdk -key QemuDebugCount -value "0" -context "sdk\\\\bsp/1609086687509"
# webtalk_transmit -clientid 2072710661 -regid "" -xml /home/andy/zynq/09_vdma_test_to_flash/vdma_test_to_flash.sdk/webtalk/usage_statistics_ext_sdk.xml -html /home/andy/zynq/09_vdma_test_to_flash/vdma_test_to_flash.sdk/webtalk/usage_statistics_ext_sdk.html -wdm /home/andy/zynq/09_vdma_test_to_flash/vdma_test_to_flash.sdk/webtalk/sdk_webtalk.wdm -intro "<H3>SDK Usage Report</H3><BR>"
# webtalk_terminate
INFO: [Common 17-206] Exiting Webtalk at Mon Dec 28 00:31:28 2020...
