Copyright 1986-2018 Xilinx, Inc. All Rights Reserved.
----------------------------------------------------------------------------------------------------------------------------------------------------------------------
| Tool Version     : Vivado v.2018.3 (lin64) Build 2405991 Thu Dec  6 23:36:41 MST 2018
| Date             : Tue Apr 20 10:01:36 2021
| Host             : archlinux running 64-bit Arch Linux
| Command          : report_power -file design_1_wrapper_power_routed.rpt -pb design_1_wrapper_power_summary_routed.pb -rpx design_1_wrapper_power_routed.rpx
| Design           : design_1_wrapper
| Device           : xc7z020clg484-2
| Design State     : routed
| Grade            : commercial
| Process          : typical
| Characterization : Production
----------------------------------------------------------------------------------------------------------------------------------------------------------------------

Power Report

Table of Contents
-----------------
1. Summary
1.1 On-Chip Components
1.2 Power Supply Summary
1.3 Confidence Level
2. Settings
2.1 Environment
2.2 Clock Constraints
3. Detailed Reports
3.1 By Hierarchy

1. Summary
----------

+--------------------------+--------------+
| Total On-Chip Power (W)  | 1.940        |
| Design Power Budget (W)  | Unspecified* |
| Power Budget Margin (W)  | NA           |
| Dynamic (W)              | 1.785        |
| Device Static (W)        | 0.155        |
| Effective TJA (C/W)      | 11.5         |
| Max Ambient (C)          | 62.6         |
| Junction Temperature (C) | 47.4         |
| Confidence Level         | Low          |
| Setting File             | ---          |
| Simulation Activity File | ---          |
| Design Nets Matched      | NA           |
+--------------------------+--------------+
* Specify Design Power Budget using, set_operating_conditions -design_power_budget <value in Watts>


1.1 On-Chip Components
----------------------

+--------------------------+-----------+----------+-----------+-----------------+
| On-Chip                  | Power (W) | Used     | Available | Utilization (%) |
+--------------------------+-----------+----------+-----------+-----------------+
| Clocks                   |     0.047 |        8 |       --- |             --- |
| Slice Logic              |     0.023 |    49192 |       --- |             --- |
|   LUT as Logic           |     0.020 |    16711 |     53200 |           31.41 |
|   CARRY4                 |     0.002 |     1182 |     13300 |            8.89 |
|   Register               |     0.001 |    23768 |    106400 |           22.34 |
|   F7/F8 Muxes            |    <0.001 |      590 |     53200 |            1.11 |
|   LUT as Distributed RAM |    <0.001 |      454 |     17400 |            2.61 |
|   LUT as Shift Register  |    <0.001 |      670 |     17400 |            3.85 |
|   BUFG                   |    <0.001 |        1 |        32 |            3.13 |
|   Others                 |     0.000 |     1982 |       --- |             --- |
| Signals                  |     0.027 |    35788 |       --- |             --- |
| Block RAM                |     0.009 |       29 |       140 |           20.71 |
| MMCM                     |     0.122 |        1 |         4 |           25.00 |
| DSPs                     |     0.008 |       19 |       220 |            8.64 |
| I/O                      |     0.010 |       47 |       200 |           23.50 |
| PS7                      |     1.538 |        1 |       --- |             --- |
| Static Power             |     0.155 |          |           |                 |
| Total                    |     1.940 |          |           |                 |
+--------------------------+-----------+----------+-----------+-----------------+


1.2 Power Supply Summary
------------------------

+-----------+-------------+-----------+-------------+------------+
| Source    | Voltage (V) | Total (A) | Dynamic (A) | Static (A) |
+-----------+-------------+-----------+-------------+------------+
| Vccint    |       1.000 |     0.132 |       0.114 |      0.018 |
| Vccaux    |       1.800 |     0.084 |       0.068 |      0.016 |
| Vcco33    |       3.300 |     0.004 |       0.003 |      0.001 |
| Vcco25    |       2.500 |     0.000 |       0.000 |      0.000 |
| Vcco18    |       1.800 |     0.000 |       0.000 |      0.000 |
| Vcco15    |       1.500 |     0.000 |       0.000 |      0.000 |
| Vcco135   |       1.350 |     0.000 |       0.000 |      0.000 |
| Vcco12    |       1.200 |     0.000 |       0.000 |      0.000 |
| Vccaux_io |       1.800 |     0.000 |       0.000 |      0.000 |
| Vccbram   |       1.000 |     0.004 |       0.001 |      0.003 |
| MGTAVcc   |       1.000 |     0.000 |       0.000 |      0.000 |
| MGTAVtt   |       1.200 |     0.000 |       0.000 |      0.000 |
| MGTVccaux |       1.800 |     0.000 |       0.000 |      0.000 |
| Vccpint   |       1.000 |     0.760 |       0.727 |      0.033 |
| Vccpaux   |       1.800 |     0.061 |       0.051 |      0.010 |
| Vccpll    |       1.800 |     0.019 |       0.016 |      0.003 |
| Vcco_ddr  |       1.500 |     0.459 |       0.457 |      0.002 |
| Vcco_mio0 |       3.300 |     0.003 |       0.002 |      0.001 |
| Vcco_mio1 |       1.800 |     0.002 |       0.001 |      0.001 |
| Vccadc    |       1.800 |     0.020 |       0.000 |      0.020 |
+-----------+-------------+-----------+-------------+------------+


1.3 Confidence Level
--------------------

+-----------------------------+------------+--------------------------------------------------------+------------------------------------------------------------------------------------------------------------+
| User Input Data             | Confidence | Details                                                | Action                                                                                                     |
+-----------------------------+------------+--------------------------------------------------------+------------------------------------------------------------------------------------------------------------+
| Design implementation state | High       | Design is routed                                       |                                                                                                            |
| Clock nodes activity        | High       | User specified more than 95% of clocks                 |                                                                                                            |
| I/O nodes activity          | Low        | More than 75% of inputs are missing user specification | Provide missing input activity with simulation results or by editing the "By Resource Type -> I/Os" view   |
| Internal nodes activity     | Medium     | User specified less than 25% of internal nodes         | Provide missing internal nodes activity with simulation results or by editing the "By Resource Type" views |
| Device models               | High       | Device models are Production                           |                                                                                                            |
|                             |            |                                                        |                                                                                                            |
| Overall confidence level    | Low        |                                                        |                                                                                                            |
+-----------------------------+------------+--------------------------------------------------------+------------------------------------------------------------------------------------------------------------+


2. Settings
-----------

2.1 Environment
---------------

+-----------------------+------------------------+
| Ambient Temp (C)      | 25.0                   |
| ThetaJA (C/W)         | 11.5                   |
| Airflow (LFM)         | 250                    |
| Heat Sink             | none                   |
| ThetaSA (C/W)         | 0.0                    |
| Board Selection       | medium (10"x10")       |
| # of Board Layers     | 8to11 (8 to 11 Layers) |
| Board Temperature (C) | 25.0                   |
+-----------------------+------------------------+


2.2 Clock Constraints
---------------------

+--------------------------------------------------------------------------------------------+---------------------------------------------------------------------------------+-----------------+
| Clock                                                                                      | Domain                                                                          | Constraint (ns) |
+--------------------------------------------------------------------------------------------+---------------------------------------------------------------------------------+-----------------+
| clk_fpga_0                                                                                 | design_1_i/processing_system7_0/inst/FCLK_CLK0                                  |            20.0 |
| clk_fpga_0                                                                                 | design_1_i/processing_system7_0/inst/FCLK_CLK_unbuffered[0]                     |            20.0 |
| clk_fpga_1                                                                                 | design_1_i/processing_system7_0/inst/FCLK_CLK_unbuffered[1]                     |            16.7 |
| clk_out1_design_1_clk_wiz_0_0                                                              | design_1_i/clk_wiz_0/inst/CLK_CORE_DRP_I/clk_inst/clk_out1_design_1_clk_wiz_0_0 |            15.4 |
| clkfbout_design_1_clk_wiz_0_0                                                              | design_1_i/clk_wiz_0/inst/CLK_CORE_DRP_I/clk_inst/clkfbout_design_1_clk_wiz_0_0 |            40.0 |
| dbg_hub/inst/BSCANID.u_xsdbm_id/SWITCH_N_EXT_BSCAN.bscan_inst/SERIES7_BSCAN.bscan_inst/TCK | dbg_hub/inst/BSCANID.u_xsdbm_id/SWITCH_N_EXT_BSCAN.bscan_inst/tck_bs            |            33.0 |
+--------------------------------------------------------------------------------------------+---------------------------------------------------------------------------------+-----------------+


3. Detailed Reports
-------------------

3.1 By Hierarchy
----------------

+--------------------------+-----------+
| Name                     | Power (W) |
+--------------------------+-----------+
| design_1_wrapper         |     1.785 |
|   dbg_hub                |     0.002 |
|     inst                 |     0.002 |
|       BSCANID.u_xsdbm_id |     0.002 |
|   design_1_i             |     1.773 |
|     axi_smc              |     0.012 |
|       inst               |     0.012 |
|     axi_vdma_0           |     0.011 |
|       U0                 |     0.011 |
|     clk_wiz_0            |     0.126 |
|       inst               |     0.126 |
|     ila_0                |     0.003 |
|       inst               |     0.003 |
|     ila_1                |     0.004 |
|       inst               |     0.004 |
|     ila_2                |     0.002 |
|       inst               |     0.002 |
|     ila_3                |     0.004 |
|       inst               |     0.004 |
|     processing_system7_0 |     1.540 |
|       inst               |     1.540 |
|     ps7_0_axi_periph     |     0.004 |
|       s00_couplers       |     0.002 |
|     v_axi4s_vid_out_0    |     0.003 |
|       inst               |     0.003 |
|     v_demosaic_0         |     0.031 |
|       inst               |     0.031 |
|     v_tc_0               |     0.009 |
|       U0                 |     0.009 |
|     v_tpg_0              |     0.020 |
|       inst               |     0.020 |
|     v_vid_in_axi4s_0     |     0.001 |
|       inst               |     0.001 |
|     v_vid_in_axi4s_1     |     0.002 |
|       inst               |     0.002 |
+--------------------------+-----------+


